30626816
ba90jb96
cn1311
Error in <TGClient::TGClient>: can't open display "localhost:12.0", switching to batch mode...
 In case you run from a remote ssh session, reconnect with ssh -Y

 *------------------------------------------------------------------------------------* 
 |                                                                                    | 
 |  *------------------------------------------------------------------------------*  | 
 |  |                                                                              |  | 
 |  |                                                                              |  | 
 |  |   PPP   Y   Y  TTTTT  H   H  III    A      Welcome to the Lund Monte Carlo!  |  | 
 |  |   P  P   Y Y     T    H   H   I    A A     This is PYTHIA version 8.305      |  | 
 |  |   PPP     Y      T    HHHHH   I   AAAAA    Last date of change:  3 May 2021  |  | 
 |  |   P       Y      T    H   H   I   A   A                                      |  | 
 |  |   P       Y      T    H   H  III  A   A    Now is 01 Aug 2021 at 15:46:57    |  | 
 |  |                                                                              |  | 
 |  |   Christian Bierlich;  Department of Astronomy and Theoretical Physics,      |  | 
 |  |      Lund University, Solvegatan 14A, SE-223 62 Lund, Sweden;                |  | 
 |  |      e-mail: christian.bierlich@thep.lu.se                                   |  | 
 |  |   Nishita Desai;  Department of Theoretical Physics, Tata Institute,         |  | 
 |  |      Homi Bhabha Road, Mumbai 400005, India;                                 |  | 
 |  |      e-mail: desai@theory.tifr.res.in                                        |  | 
 |  |   Leif Gellersen;  Department of Astronomy and Theoretical Physics,          |  | 
 |  |      Lund University, Solvegatan 14A, SE-223 62 Lund, Sweden;                |  | 
 |  |      e-mail: leif.gellersen@thep.lu.se                                       |  | 
 |  |   Ilkka Helenius;  Department of Physics, University of Jyvaskyla,           |  | 
 |  |      P.O. Box 35, FI-40014 University of Jyvaskyla, Finland;                 |  | 
 |  |      e-mail: ilkka.m.helenius@jyu.fi                                         |  | 
 |  |   Philip Ilten;  Department of Physics,                                      |  | 
 |  |      University of Cincinnati, Cincinnati, OH 45221, USA;                    |  | 
 |  |      e-mail: philten@cern.ch                                                 |  | 
 |  |   Leif Lonnblad;  Department of Astronomy and Theoretical Physics,           |  | 
 |  |      Lund University, Solvegatan 14A, SE-223 62 Lund, Sweden;                |  | 
 |  |      e-mail: leif.lonnblad@thep.lu.se                                        |  | 
 |  |   Stephen Mrenna;  Computing Division, Simulations Group,                    |  | 
 |  |      Fermi National Accelerator Laboratory, MS 234, Batavia, IL 60510, USA;  |  | 
 |  |      e-mail: mrenna@fnal.gov                                                 |  | 
 |  |   Stefan Prestel;  Department of Astronomy and Theoretical Physics,          |  | 
 |  |      Lund University, Solvegatan 14A, SE-223 62 Lund, Sweden;                |  | 
 |  |      e-mail: stefan.prestel@thep.lu.se                                       |  | 
 |  |   Christian Preuss;  School of Physics and Astronomy,                        |  | 
 |  |      Monash University, PO Box 27, 3800 Melbourne, Australia;                |  | 
 |  |      e-mail: christian.preuss@monash.edu                                     |  | 
 |  |   Torbjorn Sjostrand;  Department of Astronomy and Theoretical Physics,      |  | 
 |  |      Lund University, Solvegatan 14A, SE-223 62 Lund, Sweden;                |  | 
 |  |      e-mail: torbjorn@thep.lu.se                                             |  | 
 |  |   Peter Skands;  School of Physics and Astronomy,                            |  | 
 |  |      Monash University, PO Box 27, 3800 Melbourne, Australia;                |  | 
 |  |      e-mail: peter.skands@monash.edu                                         |  | 
 |  |   Marius Utheim;  Department of Astronomy and Theoretical Physics,           |  | 
 |  |      Lund University, Solvegatan 14A, SE-223 62 Lund, Sweden;                |  | 
 |  |      e-mail: marius.utheim@thep.lu.se                                        |  | 
 |  |   Rob Verheyen;  Department of Physics and Astronomy,                        |  | 
 |  |      University College London, Gower St, Bloomsbury, London WC1E 6BT, UK;   |  | 
 |  |      e-mail: r.verheyen@ucl.ac.uk                                            |  | 
 |  |                                                                              |  | 
 |  |   The main program reference is 'An Introduction to PYTHIA 8.2',             |  | 
 |  |   T. Sjostrand et al, Comput. Phys. Commun. 191 (2015) 159                   |  | 
 |  |   [arXiv:1410.3012 [hep-ph]]                                                 |  | 
 |  |                                                                              |  | 
 |  |   The main physics reference is the 'PYTHIA 6.4 Physics and Manual',         |  | 
 |  |   T. Sjostrand, S. Mrenna and P. Skands, JHEP05 (2006) 026 [hep-ph/0603175]  |  | 
 |  |                                                                              |  | 
 |  |   An archive of program versions and documentation is found on the web:      |  | 
 |  |   http://www.thep.lu.se/Pythia                                               |  | 
 |  |                                                                              |  | 
 |  |   This program is released under the GNU General Public Licence version 2.   |  | 
 |  |   Please respect the MCnet Guidelines for Event Generator Authors and Users. |  | 
 |  |                                                                              |  | 
 |  |   Disclaimer: this program comes without any guarantees.                     |  | 
 |  |   Beware of errors and use common sense when interpreting results.           |  | 
 |  |                                                                              |  | 
 |  |   Copyright (C) 2021 Torbjorn Sjostrand                                      |  | 
 |  |                                                                              |  | 
 |  |                                                                              |  | 
 |  *------------------------------------------------------------------------------*  | 
 |                                                                                    | 
 *------------------------------------------------------------------------------------* 

------------------------------------------
Batch Number: 90
Job Num: 96
Random:seed = 90000097
------------------------------------------
 *------ HeavyIon fitting of SubCollisionModel to cross sections ------* 
 |                    Total:    86.02 mb      (+-  2%)                 | 
 |          non-diffractive:    47.72 mb      (+-  2%)                 | 
 |           XX diffractive:     7.73 mb      (+- 10%)                 | 
 |       wounded target (B):    61.52 mb      (+-  5%)                 | 
 |   wounded projectile (A):    61.52 mb      (+-  5%)                 | 
 |          AXB diffractive:     0.00 mb      not used                 | 
 |                  elastic:    18.44 mb      (+- 10%)                 | 
 |          elastic b-slope:    20.85 GeV^-2  not used                 | 
 |                                                                     | 
 |   Using a genetic algorithm                                         | 
 |               Generation    best Chi2/Ndf                           | 
 |                        0:     0.44                                  | 
 |                        1:     0.37                                  | 
 |                        2:     0.09                                  | 
 |                        3:     0.07                                  | 
 |                        4:     0.07                                  | 
 |                        5:     0.03                                  | 
 |                        6:     0.03                                  | 
 |                        7:     0.04                                  | 
 |                        8:     0.03                                  | 
 |                        9:     0.03                                  | 
 |                       10:     0.02                                  | 
 |                       11:     0.03                                  | 
 |                       12:     0.02                                  | 
 |                       13:     0.02                                  | 
 |                       14:     0.03                                  | 
 |                       15:     0.02                                  | 
 |                       16:     0.02                                  | 
 |                       17:     0.02                                  | 
 |                       18:     0.02                                  | 
 |                       19:     0.02                                  | 
 |                                                                     | 
 |     Resulting cross sections (target value)                         | 
 |                    Total:    85.75 *( 86.02) mb                     | 
 |          non-diffractive:    47.66 *( 47.72) mb                     | 
 |           XX diffractive:     7.90 *(  7.73) mb                     | 
 |       wounded target (B):    61.34 *( 61.52) mb                     | 
 |   wounded projectile (A):    61.33 *( 61.52) mb                     | 
 |          AXB diffractive:     0.00  (  0.00) mb                     | 
 |                  elastic:    18.64 *( 18.44) mb                     | 
 |          elastic b-slope:    24.50  ( 20.85) GeV^-2                 | 
 |                 Chi2/Ndf:     0.03                                  | 
 |                                                                     | 
 |     Resulting parameters:                                           | 
 |                        0:    13.91                                  | 
 |                        1:     1.78                                  | 
 |                        2:     0.22                                  | 
 |                                                                     | 
 |     Resulting non-diffractive average impact parameter:             | 
 |                      <b>:     1.21 +- 0.01 fm                       | 
 |                                                                     | 
 *--- End HeavyIon fitting of parameters in nucleon collision model ---* 

HeavyIon Info: To avoid refitting, use the following settings for next run:
  HeavyIon:SigFitNGen = 0
  HeavyIon:SigFitDefPar = 13.91,1.78,0.22,0.0,0.0,0.0,0.0,0.0
 HeavyIon Info: Initializing impact parameter generator with width 14.47 fm.
 Angantyr Info: No signal process specified. Assuming minimum bias.
 Angantyr Info: Initializing minimum bias processes.

 *-------  PYTHIA Process Initialization  --------------------------*
 |                                                                  |
 | We collide p+ with p+ at a CM energy of 5.020e+03 GeV            |
 |                                                                  |
 |------------------------------------------------------------------|
 |                                                    |             |
 | Subprocess                                    Code |   Estimated |
 |                                                    |    max (mb) |
 |                                                    |             |
 |------------------------------------------------------------------|
 |                                                    |             |
 | non-diffractive                                101 |   4.772e+01 |
 | A B -> A B elastic                             102 |   1.844e+01 |
 | A B -> X B single diffractive                  103 |   6.065e+00 |
 | A B -> A X single diffractive                  104 |   6.065e+00 |
 | A B -> X X double diffractive                  105 |   7.733e+00 |
 | A B -> A X B central diffractive               106 |   0.000e+00 |
 |                                                                  |
 *-------  End PYTHIA Process Initialization -----------------------*

 *-------  PYTHIA Multiparton Interactions Initialization  ---------* 
 |                                                                  | 
 |                   sigmaNonDiffractive =    47.72 mb              | 
 |                                                                  | 
 |    pT0 =  2.12 gives sigmaInteraction =   211.71 mb: accepted    | 
 |                                                                  | 
 *-------  End PYTHIA Multiparton Interactions Initialization  -----* 

 *-------  PYTHIA Multiparton Interactions Initialization  ---------* 
 |                                                                  | 
 |                          diffraction XB                          | 
 |                                                                  | 
 |   diffractive mass = 1.00e+01 GeV and sigmaNorm =    10.00 mb    | 
 |    pT0 =  0.56 gives sigmaInteraction =    25.23 mb: accepted    | 
 |   diffractive mass = 1.61e+01 GeV and sigmaNorm =    10.00 mb    | 
 |    pT0 =  0.62 gives sigmaInteraction =    24.29 mb: accepted    | 
 |   diffractive mass = 2.60e+01 GeV and sigmaNorm =    10.00 mb    | 
 |    pT0 =  0.68 gives sigmaInteraction =    22.21 mb: accepted    | 
 |   diffractive mass = 4.20e+01 GeV and sigmaNorm =    10.00 mb    | 
 |    pT0 =  0.76 gives sigmaInteraction =    20.16 mb: accepted    | 
 |   diffractive mass = 6.78e+01 GeV and sigmaNorm =    10.00 mb    | 
 |    pT0 =  0.84 gives sigmaInteraction =    18.20 mb: accepted    | 
 |   diffractive mass = 1.09e+02 GeV and sigmaNorm =    10.00 mb    | 
 |    pT0 =  0.93 gives sigmaInteraction =    16.88 mb: accepted    | 
 |   diffractive mass = 1.76e+02 GeV and sigmaNorm =    10.00 mb    | 
 |    pT0 =  1.03 gives sigmaInteraction =    16.54 mb: accepted    | 
 |   diffractive mass = 2.85e+02 GeV and sigmaNorm =    10.00 mb    | 
 |    pT0 =  1.15 gives sigmaInteraction =    17.06 mb: accepted    | 
 |   diffractive mass = 4.59e+02 GeV and sigmaNorm =    10.00 mb    | 
 |    pT0 =  1.27 gives sigmaInteraction =    18.64 mb: accepted    | 
 |   diffractive mass = 7.41e+02 GeV and sigmaNorm =    10.00 mb    | 
 |    pT0 =  1.41 gives sigmaInteraction =    21.32 mb: accepted    | 
 |   diffractive mass = 1.20e+03 GeV and sigmaNorm =    10.00 mb    | 
 |    pT0 =  1.56 gives sigmaInteraction =    25.27 mb: accepted    | 
 |   diffractive mass = 1.93e+03 GeV and sigmaNorm =    10.00 mb    | 
 |    pT0 =  1.73 gives sigmaInteraction =    30.10 mb: accepted    | 
 |   diffractive mass = 3.11e+03 GeV and sigmaNorm =    10.00 mb    | 
 |    pT0 =  1.92 gives sigmaInteraction =    36.87 mb: accepted    | 
 |   diffractive mass = 5.02e+03 GeV and sigmaNorm =    10.00 mb    | 
 |    pT0 =  2.12 gives sigmaInteraction =    43.31 mb: accepted    | 
 |                                                                  | 
 *-------  End PYTHIA Multiparton Interactions Initialization  -----* 
 PYTHIA Warning in MultipartonInteractions::init: maximum increased by factor 4.164

 *-------  PYTHIA Multiparton Interactions Initialization  ---------* 
 |                                                                  | 
 |                          diffraction AX                          | 
 |                                                                  | 
 |   diffractive mass = 1.00e+01 GeV and sigmaNorm =    10.00 mb    | 
 |    pT0 =  0.56 gives sigmaInteraction =    25.09 mb: accepted    | 
 |   diffractive mass = 1.61e+01 GeV and sigmaNorm =    10.00 mb    | 
 |    pT0 =  0.62 gives sigmaInteraction =    23.98 mb: accepted    | 
 |   diffractive mass = 2.60e+01 GeV and sigmaNorm =    10.00 mb    | 
 |    pT0 =  0.68 gives sigmaInteraction =    22.30 mb: accepted    | 
 |   diffractive mass = 4.20e+01 GeV and sigmaNorm =    10.00 mb    | 
 |    pT0 =  0.76 gives sigmaInteraction =    20.22 mb: accepted    | 
 |   diffractive mass = 6.78e+01 GeV and sigmaNorm =    10.00 mb    | 
 |    pT0 =  0.84 gives sigmaInteraction =    18.29 mb: accepted    | 
 |   diffractive mass = 1.09e+02 GeV and sigmaNorm =    10.00 mb    | 
 |    pT0 =  0.93 gives sigmaInteraction =    16.88 mb: accepted    | 
 |   diffractive mass = 1.76e+02 GeV and sigmaNorm =    10.00 mb    | 
 |    pT0 =  1.03 gives sigmaInteraction =    16.58 mb: accepted    | 
 |   diffractive mass = 2.85e+02 GeV and sigmaNorm =    10.00 mb    | 
 |    pT0 =  1.15 gives sigmaInteraction =    17.14 mb: accepted    | 
 |   diffractive mass = 4.59e+02 GeV and sigmaNorm =    10.00 mb    | 
 |    pT0 =  1.27 gives sigmaInteraction =    18.69 mb: accepted    | 
 |   diffractive mass = 7.41e+02 GeV and sigmaNorm =    10.00 mb    | 
 |    pT0 =  1.41 gives sigmaInteraction =    21.33 mb: accepted    | 
 |   diffractive mass = 1.20e+03 GeV and sigmaNorm =    10.00 mb    | 
 |    pT0 =  1.56 gives sigmaInteraction =    25.23 mb: accepted    | 
 |   diffractive mass = 1.93e+03 GeV and sigmaNorm =    10.00 mb    | 
 |    pT0 =  1.73 gives sigmaInteraction =    30.34 mb: accepted    | 
 |   diffractive mass = 3.11e+03 GeV and sigmaNorm =    10.00 mb    | 
 |    pT0 =  1.92 gives sigmaInteraction =    36.05 mb: accepted    | 
 |   diffractive mass = 5.02e+03 GeV and sigmaNorm =    10.00 mb    | 
 |    pT0 =  2.12 gives sigmaInteraction =    43.73 mb: accepted    | 
 |                                                                  | 
 *-------  End PYTHIA Multiparton Interactions Initialization  -----* 

 *-------  PYTHIA Multiparton Interactions Initialization  ---------* 
 |                                                                  | 
 |                          diffraction AXB                         | 
 |                                                                  | 
 |   diffractive mass = 1.00e+01 GeV and sigmaNorm =    10.00 mb    | 
 |    pT0 =  0.56 gives sigmaInteraction =     5.90 mb: rejected    | 
 |    pT0 =  0.50 gives sigmaInteraction =     8.79 mb: rejected    | 
 |    pT0 =  0.45 gives sigmaInteraction =    13.20 mb: accepted    | 
 |   diffractive mass = 1.61e+01 GeV and sigmaNorm =    10.00 mb    | 
 |    pT0 =  0.62 gives sigmaInteraction =     4.80 mb: rejected    | 
 |    pT0 =  0.56 gives sigmaInteraction =     7.01 mb: rejected    | 
 |    pT0 =  0.50 gives sigmaInteraction =    10.27 mb: rejected    | 
 |    pT0 =  0.45 gives sigmaInteraction =    15.18 mb: accepted    | 
 |   diffractive mass = 2.60e+01 GeV and sigmaNorm =    10.00 mb    | 
 |    pT0 =  0.68 gives sigmaInteraction =     3.85 mb: rejected    | 
 |    pT0 =  0.62 gives sigmaInteraction =     5.47 mb: rejected    | 
 |    pT0 =  0.55 gives sigmaInteraction =     7.88 mb: rejected    | 
 |    pT0 =  0.50 gives sigmaInteraction =    11.49 mb: accepted    | 
 |   diffractive mass = 4.20e+01 GeV and sigmaNorm =    10.00 mb    | 
 |    pT0 =  0.76 gives sigmaInteraction =     3.16 mb: rejected    | 
 |    pT0 =  0.68 gives sigmaInteraction =     4.34 mb: rejected    | 
 |    pT0 =  0.61 gives sigmaInteraction =     6.11 mb: rejected    | 
 |    pT0 =  0.55 gives sigmaInteraction =     8.72 mb: rejected    | 
 |    pT0 =  0.50 gives sigmaInteraction =    12.41 mb: accepted    | 
 |   diffractive mass = 6.78e+01 GeV and sigmaNorm =    10.00 mb    | 
 |    pT0 =  0.84 gives sigmaInteraction =     2.73 mb: rejected    | 
 |    pT0 =  0.76 gives sigmaInteraction =     3.62 mb: rejected    | 
 |    pT0 =  0.68 gives sigmaInteraction =     4.96 mb: rejected    | 
 |    pT0 =  0.61 gives sigmaInteraction =     6.75 mb: rejected    | 
 |    pT0 =  0.55 gives sigmaInteraction =     9.45 mb: rejected    | 
 |    pT0 =  0.50 gives sigmaInteraction =    13.28 mb: accepted    | 
 |   diffractive mass = 1.09e+02 GeV and sigmaNorm =    10.00 mb    | 
 |    pT0 =  0.93 gives sigmaInteraction =     2.52 mb: rejected    | 
 |    pT0 =  0.84 gives sigmaInteraction =     3.27 mb: rejected    | 
 |    pT0 =  0.76 gives sigmaInteraction =     4.24 mb: rejected    | 
 |    pT0 =  0.68 gives sigmaInteraction =     5.63 mb: rejected    | 
 |    pT0 =  0.61 gives sigmaInteraction =     7.49 mb: rejected    | 
 |    pT0 =  0.55 gives sigmaInteraction =    10.20 mb: rejected    | 
 |    pT0 =  0.50 gives sigmaInteraction =    14.33 mb: accepted    | 
 |   diffractive mass = 1.76e+02 GeV and sigmaNorm =    10.00 mb    | 
 |    pT0 =  1.03 gives sigmaInteraction =     2.54 mb: rejected    | 
 |    pT0 =  0.93 gives sigmaInteraction =     3.17 mb: rejected    | 
 |    pT0 =  0.84 gives sigmaInteraction =     3.98 mb: rejected    | 
 |    pT0 =  0.75 gives sigmaInteraction =     5.01 mb: rejected    | 
 |    pT0 =  0.68 gives sigmaInteraction =     6.37 mb: rejected    | 
 |    pT0 =  0.61 gives sigmaInteraction =     8.41 mb: rejected    | 
 |    pT0 =  0.55 gives sigmaInteraction =    11.16 mb: accepted    | 
 |   diffractive mass = 2.85e+02 GeV and sigmaNorm =    10.00 mb    | 
 |    pT0 =  1.15 gives sigmaInteraction =     2.74 mb: rejected    | 
 |    pT0 =  1.03 gives sigmaInteraction =     3.29 mb: rejected    | 
 |    pT0 =  0.93 gives sigmaInteraction =     3.97 mb: rejected    | 
 |    pT0 =  0.83 gives sigmaInteraction =     4.88 mb: rejected    | 
 |    pT0 =  0.75 gives sigmaInteraction =     6.04 mb: rejected    | 
 |    pT0 =  0.68 gives sigmaInteraction =     7.59 mb: rejected    | 
 |    pT0 =  0.61 gives sigmaInteraction =     9.52 mb: rejected    | 
 |    pT0 =  0.55 gives sigmaInteraction =    12.48 mb: accepted    | 
 |   diffractive mass = 4.59e+02 GeV and sigmaNorm =    10.00 mb    | 
 |    pT0 =  1.27 gives sigmaInteraction =     3.07 mb: rejected    | 
 |    pT0 =  1.14 gives sigmaInteraction =     3.67 mb: rejected    | 
 |    pT0 =  1.03 gives sigmaInteraction =     4.32 mb: rejected    | 
 |    pT0 =  0.93 gives sigmaInteraction =     5.09 mb: rejected    | 
 |    pT0 =  0.83 gives sigmaInteraction =     6.03 mb: rejected    | 
 |    pT0 =  0.75 gives sigmaInteraction =     7.27 mb: rejected    | 
 |    pT0 =  0.67 gives sigmaInteraction =     8.97 mb: rejected    | 
 |    pT0 =  0.61 gives sigmaInteraction =    11.02 mb: accepted    | 
 |   diffractive mass = 7.41e+02 GeV and sigmaNorm =    10.00 mb    | 
 |    pT0 =  1.41 gives sigmaInteraction =     3.51 mb: rejected    | 
 |    pT0 =  1.27 gives sigmaInteraction =     4.17 mb: rejected    | 
 |    pT0 =  1.14 gives sigmaInteraction =     4.81 mb: rejected    | 
 |    pT0 =  1.03 gives sigmaInteraction =     5.61 mb: rejected    | 
 |    pT0 =  0.92 gives sigmaInteraction =     6.53 mb: rejected    | 
 |    pT0 =  0.83 gives sigmaInteraction =     7.59 mb: rejected    | 
 |    pT0 =  0.75 gives sigmaInteraction =     8.92 mb: rejected    | 
 |    pT0 =  0.67 gives sigmaInteraction =    10.73 mb: rejected    | 
 |    pT0 =  0.61 gives sigmaInteraction =    12.85 mb: accepted    | 
 |   diffractive mass = 1.20e+03 GeV and sigmaNorm =    10.00 mb    | 
 |    pT0 =  1.56 gives sigmaInteraction =     4.08 mb: rejected    | 
 |    pT0 =  1.40 gives sigmaInteraction =     4.73 mb: rejected    | 
 |    pT0 =  1.26 gives sigmaInteraction =     5.47 mb: rejected    | 
 |    pT0 =  1.14 gives sigmaInteraction =     6.33 mb: rejected    | 
 |    pT0 =  1.02 gives sigmaInteraction =     7.24 mb: rejected    | 
 |    pT0 =  0.92 gives sigmaInteraction =     8.37 mb: rejected    | 
 |    pT0 =  0.83 gives sigmaInteraction =     9.50 mb: rejected    | 
 |    pT0 =  0.75 gives sigmaInteraction =    10.98 mb: rejected    | 
 |    pT0 =  0.67 gives sigmaInteraction =    12.80 mb: accepted    | 
 |   diffractive mass = 1.93e+03 GeV and sigmaNorm =    10.00 mb    | 
 |    pT0 =  1.73 gives sigmaInteraction =     4.65 mb: rejected    | 
 |    pT0 =  1.56 gives sigmaInteraction =     5.43 mb: rejected    | 
 |    pT0 =  1.40 gives sigmaInteraction =     6.27 mb: rejected    | 
 |    pT0 =  1.26 gives sigmaInteraction =     7.21 mb: rejected    | 
 |    pT0 =  1.13 gives sigmaInteraction =     8.22 mb: rejected    | 
 |    pT0 =  1.02 gives sigmaInteraction =     9.31 mb: rejected    | 
 |    pT0 =  0.92 gives sigmaInteraction =    10.51 mb: rejected    | 
 |    pT0 =  0.83 gives sigmaInteraction =    11.85 mb: accepted    | 
 |   diffractive mass = 3.11e+03 GeV and sigmaNorm =    10.00 mb    | 
 |    pT0 =  1.92 gives sigmaInteraction =     5.31 mb: rejected    | 
 |    pT0 =  1.72 gives sigmaInteraction =     6.23 mb: rejected    | 
 |    pT0 =  1.55 gives sigmaInteraction =     7.21 mb: rejected    | 
 |    pT0 =  1.40 gives sigmaInteraction =     8.28 mb: rejected    | 
 |    pT0 =  1.26 gives sigmaInteraction =     9.48 mb: rejected    | 
 |    pT0 =  1.13 gives sigmaInteraction =    10.55 mb: rejected    | 
 |    pT0 =  1.02 gives sigmaInteraction =    11.65 mb: accepted    | 
 |   diffractive mass = 5.02e+03 GeV and sigmaNorm =    10.00 mb    | 
 |    pT0 =  2.12 gives sigmaInteraction =     5.95 mb: rejected    | 
 |    pT0 =  1.91 gives sigmaInteraction =     7.00 mb: rejected    | 
 |    pT0 =  1.72 gives sigmaInteraction =     8.03 mb: rejected    | 
 |    pT0 =  1.55 gives sigmaInteraction =     9.28 mb: rejected    | 
 |    pT0 =  1.39 gives sigmaInteraction =    10.50 mb: rejected    | 
 |    pT0 =  1.25 gives sigmaInteraction =    11.95 mb: accepted    | 
 |                                                                  | 
 *-------  End PYTHIA Multiparton Interactions Initialization  -----* 

 *-------  PYTHIA Flag + Mode + Parm + Word + FVec + MVec + PVec + WVec Settings (changes only)  ------------------* 
 |                                                                                                                 | 
 | Name                                          |                      Now |      Default         Min         Max | 
 |                                               |                          |                                      | 
 | Beams:eA                                      |                 2510.000 |     7000.000         0.0             | 
 | Beams:eB                                      |                 2510.000 |     7000.000         0.0             | 
 | Beams:eCM                                     |                 5020.000 |    14000.000         0.0             | 
 | Beams:frameType                               |                        2 |            1           1           5 | 
 | HadronLevel:all                               |                      off |           on                         | 
 | Next:numberCount                              |                        0 |         1000           0             | 
 | Next:numberShowEvent                          |                        0 |            1           0             | 
 | Next:numberShowInfo                           |                        0 |            1           0             | 
 | Next:numberShowLHA                            |                        0 |            1           0             | 
 | Next:numberShowProcess                        |                        0 |            1           0             | 
 | Random:seed                                   |                 90000097 |           -1               900000000 | 
 | Random:setSeed                                |                       on |          off                         | 
 | SoftQCD:all                                   |                       on |          off                         | 
 | Tune:ee                                       |                        0 |            7          -1           7 | 
 | Tune:pp                                       |                        0 |           14          -1          34 | 
 |                                                                                                                 | 
 *-------  End PYTHIA Flag + Mode + Parm + Word + FVec + MVec + PVec + WVec Settings  -----------------------------* 

 --------  PYTHIA Particle Data Table (changed only)  ------------------------------------------------------------------------------
 
      id   name            antiName         spn chg col      m0        mWidth      mMin       mMax       tau0    res dec ext vis wid
             no onMode   bRatio   meMode     products 

 no particle data has been changed from its default value 

 --------  End PYTHIA Particle Data Table  -----------------------------------------------------------------------------------------

 Angantyr Info: Initializing secondary absorptive processes as single diffraction..

 *-------  PYTHIA Process Initialization  --------------------------*
 |                                                                  |
 | We collide p+ with p+ at a CM energy of 5.020e+03 GeV            |
 |                                                                  |
 |------------------------------------------------------------------|
 |                                                    |             |
 | Subprocess                                    Code |   Estimated |
 |                                                    |    max (mb) |
 |                                                    |             |
 |------------------------------------------------------------------|
 |                                                    |             |
 | A B -> X B single diffractive                  103 |   6.065e+00 |
 | A B -> A X single diffractive                  104 |   6.065e+00 |
 |                                                                  |
 *-------  End PYTHIA Process Initialization -----------------------*

 *-------  PYTHIA Multiparton Interactions Initialization  ---------* 
 |                                                                  | 
 |                   sigmaNonDiffractive =    47.72 mb              | 
 |                                                                  | 
 |    pT0 =  2.12 gives sigmaInteraction =   210.10 mb: accepted    | 
 |                                                                  | 
 *-------  End PYTHIA Multiparton Interactions Initialization  -----* 

 *-------  PYTHIA Multiparton Interactions Initialization  ---------* 
 |                                                                  | 
 |                          diffraction XB                          | 
 |                                                                  | 
 |   diffractive mass = 1.00e+01 GeV and sigmaNorm =    47.72 mb    | 
 |    pT0 =  2.12 gives sigmaInteraction =    16.01 mb: rejected    | 
 |    pT0 =  1.91 gives sigmaInteraction =    24.93 mb: rejected    | 
 |    pT0 =  1.72 gives sigmaInteraction =    39.07 mb: rejected    | 
 |    pT0 =  1.55 gives sigmaInteraction =    61.07 mb: accepted    | 
 |   diffractive mass = 1.61e+01 GeV and sigmaNorm =    47.72 mb    | 
 |    pT0 =  2.12 gives sigmaInteraction =    21.04 mb: rejected    | 
 |    pT0 =  1.91 gives sigmaInteraction =    32.31 mb: rejected    | 
 |    pT0 =  1.72 gives sigmaInteraction =    49.41 mb: rejected    | 
 |    pT0 =  1.55 gives sigmaInteraction =    75.45 mb: accepted    | 
 |   diffractive mass = 2.60e+01 GeV and sigmaNorm =    47.72 mb    | 
 |    pT0 =  2.12 gives sigmaInteraction =    28.04 mb: rejected    | 
 |    pT0 =  1.91 gives sigmaInteraction =    41.19 mb: rejected    | 
 |    pT0 =  1.72 gives sigmaInteraction =    60.86 mb: accepted    | 
 |   diffractive mass = 4.20e+01 GeV and sigmaNorm =    47.72 mb    | 
 |    pT0 =  2.12 gives sigmaInteraction =    36.98 mb: rejected    | 
 |    pT0 =  1.91 gives sigmaInteraction =    52.60 mb: accepted    | 
 |   diffractive mass = 6.78e+01 GeV and sigmaNorm =    47.72 mb    | 
 |    pT0 =  2.12 gives sigmaInteraction =    49.35 mb: rejected    | 
 |    pT0 =  1.91 gives sigmaInteraction =    68.15 mb: accepted    | 
 |   diffractive mass = 1.09e+02 GeV and sigmaNorm =    47.72 mb    | 
 |    pT0 =  2.12 gives sigmaInteraction =    64.80 mb: accepted    | 
 |   diffractive mass = 1.76e+02 GeV and sigmaNorm =    47.72 mb    | 
 |    pT0 =  2.12 gives sigmaInteraction =    83.50 mb: accepted    | 
 |   diffractive mass = 2.85e+02 GeV and sigmaNorm =    47.72 mb    | 
 |    pT0 =  2.12 gives sigmaInteraction =   104.20 mb: accepted    | 
 |   diffractive mass = 4.59e+02 GeV and sigmaNorm =    47.72 mb    | 
 |    pT0 =  2.12 gives sigmaInteraction =   125.31 mb: accepted    | 
 |   diffractive mass = 7.41e+02 GeV and sigmaNorm =    47.72 mb    | 
 |    pT0 =  2.12 gives sigmaInteraction =   147.20 mb: accepted    | 
 |   diffractive mass = 1.20e+03 GeV and sigmaNorm =    47.72 mb    | 
 |    pT0 =  2.12 gives sigmaInteraction =   166.09 mb: accepted    | 
 |   diffractive mass = 1.93e+03 GeV and sigmaNorm =    47.72 mb    | 
 |    pT0 =  2.12 gives sigmaInteraction =   181.56 mb: accepted    | 
 |   diffractive mass = 3.11e+03 GeV and sigmaNorm =    47.72 mb    | 
 |    pT0 =  2.12 gives sigmaInteraction =   191.09 mb: accepted    | 
 |   diffractive mass = 5.02e+03 GeV and sigmaNorm =    47.72 mb    | 
 |    pT0 =  2.12 gives sigmaInteraction =   193.07 mb: accepted    | 
 |                                                                  | 
 *-------  End PYTHIA Multiparton Interactions Initialization  -----* 
 PYTHIA Warning in MultipartonInteractions::init: maximum increased by factor 2.440

 *-------  PYTHIA Multiparton Interactions Initialization  ---------* 
 |                                                                  | 
 |                          diffraction AX                          | 
 |                                                                  | 
 |   diffractive mass = 1.00e+01 GeV and sigmaNorm =    47.72 mb    | 
 |    pT0 =  2.12 gives sigmaInteraction =    15.88 mb: rejected    | 
 |    pT0 =  1.91 gives sigmaInteraction =    25.01 mb: rejected    | 
 |    pT0 =  1.72 gives sigmaInteraction =    39.06 mb: rejected    | 
 |    pT0 =  1.55 gives sigmaInteraction =    60.82 mb: accepted    | 
 |   diffractive mass = 1.61e+01 GeV and sigmaNorm =    47.72 mb    | 
 |    pT0 =  2.12 gives sigmaInteraction =    21.07 mb: rejected    | 
 |    pT0 =  1.91 gives sigmaInteraction =    32.17 mb: rejected    | 
 |    pT0 =  1.72 gives sigmaInteraction =    49.21 mb: rejected    | 
 |    pT0 =  1.55 gives sigmaInteraction =    75.44 mb: accepted    | 
 |   diffractive mass = 2.60e+01 GeV and sigmaNorm =    47.72 mb    | 
 |    pT0 =  2.12 gives sigmaInteraction =    27.72 mb: rejected    | 
 |    pT0 =  1.91 gives sigmaInteraction =    41.35 mb: rejected    | 
 |    pT0 =  1.72 gives sigmaInteraction =    60.69 mb: accepted    | 
 |   diffractive mass = 4.20e+01 GeV and sigmaNorm =    47.72 mb    | 
 |    pT0 =  2.12 gives sigmaInteraction =    36.85 mb: rejected    | 
 |    pT0 =  1.91 gives sigmaInteraction =    52.86 mb: accepted    | 
 |   diffractive mass = 6.78e+01 GeV and sigmaNorm =    47.72 mb    | 
 |    pT0 =  2.12 gives sigmaInteraction =    48.97 mb: rejected    | 
 |    pT0 =  1.91 gives sigmaInteraction =    68.39 mb: accepted    | 
 |   diffractive mass = 1.09e+02 GeV and sigmaNorm =    47.72 mb    | 
 |    pT0 =  2.12 gives sigmaInteraction =    64.80 mb: accepted    | 
 |   diffractive mass = 1.76e+02 GeV and sigmaNorm =    47.72 mb    | 
 |    pT0 =  2.12 gives sigmaInteraction =    83.41 mb: accepted    | 
 |   diffractive mass = 2.85e+02 GeV and sigmaNorm =    47.72 mb    | 
 |    pT0 =  2.12 gives sigmaInteraction =   103.56 mb: accepted    | 
 |   diffractive mass = 4.59e+02 GeV and sigmaNorm =    47.72 mb    | 
 |    pT0 =  2.12 gives sigmaInteraction =   125.44 mb: accepted    | 
 |   diffractive mass = 7.41e+02 GeV and sigmaNorm =    47.72 mb    | 
 |    pT0 =  2.12 gives sigmaInteraction =   145.75 mb: accepted    | 
 |   diffractive mass = 1.20e+03 GeV and sigmaNorm =    47.72 mb    | 
 |    pT0 =  2.12 gives sigmaInteraction =   166.50 mb: accepted    | 
 |   diffractive mass = 1.93e+03 GeV and sigmaNorm =    47.72 mb    | 
 |    pT0 =  2.12 gives sigmaInteraction =   181.27 mb: accepted    | 
 |   diffractive mass = 3.11e+03 GeV and sigmaNorm =    47.72 mb    | 
 |    pT0 =  2.12 gives sigmaInteraction =   190.18 mb: accepted    | 
 |   diffractive mass = 5.02e+03 GeV and sigmaNorm =    47.72 mb    | 
 |    pT0 =  2.12 gives sigmaInteraction =   193.99 mb: accepted    | 
 |                                                                  | 
 *-------  End PYTHIA Multiparton Interactions Initialization  -----* 

 *-------  PYTHIA Flag + Mode + Parm + Word + FVec + MVec + PVec + WVec Settings (changes only)  ------------------* 
 |                                                                                                                 | 
 | Name                                          |                      Now |      Default         Min         Max | 
 |                                               |                          |                                      | 
 | Beams:eA                                      |                 2510.000 |     7000.000         0.0             | 
 | Beams:eB                                      |                 2510.000 |     7000.000         0.0             | 
 | Beams:eCM                                     |                 5020.000 |    14000.000         0.0             | 
 | Beams:frameType                               |                        2 |            1           1           5 | 
 | Diffraction:mRefPomP                          |                 5020.000 |    100.00000     1.00000             | 
 | Diffraction:sigmaRefPomP                      |                 47.72340 |     10.00000     2.00000    40.00000 | 
 | HadronLevel:all                               |                      off |           on                         | 
 | MultipartonInteractions:ecmPow                |                      0.0 |      0.21500         0.0     0.50000 | 
 | MultipartonInteractions:ecmRef                |                 5020.000 |     7000.000     1.00000             | 
 | MultipartonInteractions:pT0Ref                |                  2.12271 |      2.28000     0.50000    10.00000 | 
 | Next:numberCount                              |                        0 |         1000           0             | 
 | Next:numberShowEvent                          |                        0 |            1           0             | 
 | Next:numberShowInfo                           |                        0 |            1           0             | 
 | Next:numberShowLHA                            |                        0 |            1           0             | 
 | Next:numberShowProcess                        |                        0 |            1           0             | 
 | PDF:PomSet                                    |                       11 |            6                         | 
 | Random:seed                                   |                 90000097 |           -1               900000000 | 
 | Random:setSeed                                |                       on |          off                         | 
 | SoftQCD:singleDiffractive                     |                       on |          off                         | 
 | Tune:ee                                       |                        0 |            7          -1           7 | 
 | Tune:pp                                       |                        0 |           14          -1          34 | 
 |                                                                                                                 | 
 *-------  End PYTHIA Flag + Mode + Parm + Word + FVec + MVec + PVec + WVec Settings  -----------------------------* 

 --------  PYTHIA Particle Data Table (changed only)  ------------------------------------------------------------------------------
 
      id   name            antiName         spn chg col      m0        mWidth      mMin       mMax       tau0    res dec ext vis wid
             no onMode   bRatio   meMode     products 

 no particle data has been changed from its default value 

 --------  End PYTHIA Particle Data Table  -----------------------------------------------------------------------------------------

 Angantyr Info: Initializing hadronisation processes.

 *-------  PYTHIA Flag + Mode + Parm + Word + FVec + MVec + PVec + WVec Settings (changes only)  ------------------* 
 |                                                                                                                 | 
 | Name                                          |                      Now |      Default         Min         Max | 
 |                                               |                          |                                      | 
 | Beams:eA                                      |                 2510.000 |     7000.000         0.0             | 
 | Beams:eB                                      |                 2510.000 |     7000.000         0.0             | 
 | Beams:eCM                                     |                 5020.000 |    14000.000         0.0             | 
 | Beams:frameType                               |                        2 |            1           1           5 | 
 | Beams:idA                                     |               1000822080 |         2212                         | 
 | Beams:idB                                     |               1000822080 |         2212                         | 
 | Next:numberCount                              |                        0 |         1000           0             | 
 | Next:numberShowEvent                          |                        0 |            1           0             | 
 | Next:numberShowInfo                           |                        0 |            1           0             | 
 | Next:numberShowLHA                            |                        0 |            1           0             | 
 | Next:numberShowProcess                        |                        0 |            1           0             | 
 | PartonLevel:all                               |                      off |           on                         | 
 | ProcessLevel:all                              |                      off |           on                         | 
 | Random:seed                                   |                 90000097 |           -1               900000000 | 
 | Random:setSeed                                |                       on |          off                         | 
 | Tune:ee                                       |                        0 |            7          -1           7 | 
 | Tune:pp                                       |                        0 |           14          -1          34 | 
 |                                                                                                                 | 
 *-------  End PYTHIA Flag + Mode + Parm + Word + FVec + MVec + PVec + WVec Settings  -----------------------------* 

 --------  PYTHIA Particle Data Table (changed only)  ------------------------------------------------------------------------------
 
      id   name            antiName         spn chg col      m0        mWidth      mMin       mMax       tau0    res dec ext vis wid
             no onMode   bRatio   meMode     products 

 no particle data has been changed from its default value 

 --------  End PYTHIA Particle Data Table  -----------------------------------------------------------------------------------------

Running event number: 0
 PYTHIA Warning in SimpleSpaceShower::pT2nextQCD: weight above unity  
 PYTHIA Warning in StringFragmentation::fragmentToJunction: bad convergence junction rest frame  
 PYTHIA Error in BeamRemnants::setKinematics: kinematics construction failed  
 PYTHIA Error in BeamRemnants::setKinematics: kinematics construction failed  
 PYTHIA Error in StringFragmentation::fragment: stuck in joining  
 PYTHIA Error in Pythia::forceHadronLevel: hadronLevel failed; try again  
Running event number: 100
 PYTHIA Error in SimpleSpaceShower::pT2nearThreshold: stuck in loop  
 PYTHIA Warning in SimpleSpaceShower::pT2nextQCD: weight above unity  
Running event number: 200
 PYTHIA Warning in MultipartonInteractions::pTnext: weight above unity  
Running event number: 300
 PYTHIA Warning in SimpleSpaceShower::pT2nextQCD: small daughter PDF  
Running event number: 400
Running event number: 500
 PYTHIA Warning in MultipartonInteractions::pTfirst: weight above unity  
Running event number: 600
Running event number: 700
 PYTHIA Abort from Pythia::forceHadronLevel: hadronLevel failed; giving up  
 PYTHIA Warning in Pythia::check: not quite matched particle energy/momentum/mass  
 PYTHIA Warning in Pythia::check: not quite matched particle energy/momentum/mass  
 PYTHIA Error in SimpleSpaceShower::pT2nearThreshold: stuck in loop  
Running event number: 800
Running event number: 900
 PYTHIA Warning in Pythia::check: not quite matched particle energy/momentum/mass  
Running event number: 1000
 PYTHIA Error in StringFragmentation::fragmentToJunction: caught in junction flavour loop  
Running event number: 1100
Running event number: 1200
Running event number: 1300
Running event number: 1400
Running event number: 1500
Running event number: 1600
Running event number: 1700
Running event number: 1800
Running event number: 1900
Running event number: 2000
Running event number: 2100
Running event number: 2200
Running event number: 2300
Running event number: 2400
Running event number: 2500
Running event number: 2600
 PYTHIA Warning in Pythia::check: energy-momentum not quite conserved  
 PYTHIA Warning in MultipartonInteractions::pTfirst: weight above unity  
Running event number: 2700
Running event number: 2800
Running event number: 2900
Running event number: 3000
Running event number: 3100
Running event number: 3200
Running event number: 3300
Running event number: 3400
Running event number: 3500
Running event number: 3600
Running event number: 3700
Running event number: 3800
Running event number: 3900
Running event number: 4000
 PYTHIA Warning in TauDecays::decay: unknown correlated tau production, assuming from unpolarized photon  
Running event number: 4100
Running event number: 4200
 PYTHIA Warning in SimpleSpaceShower::pT2nextQCD: small daughter PDF  
Running event number: 4300
Running event number: 4400
Running event number: 4500
Running event number: 4600
 PYTHIA Warning in HadronWidths::pickMasses: angular momentum and running widths not used  
Running event number: 4700
Running event number: 4800
Running event number: 4900
Running event number: 5000
Running event number: 5100
Running event number: 5200
Running event number: 5300
Running event number: 5400
Running event number: 5500
Running event number: 5600
Running event number: 5700
Running event number: 5800
Running event number: 5900
Done!
