30594042
jb7
cn449

Using impact_param for the following 100 centrality bins: 
0, 0.127209, 0.178769, 0.218493, 0.251936, 0.281718, 0.309893, 0.334598, 0.357938, 0.380458, 0.401759, 0.422656, 0.443045, 0.461696, 0.480013, 0.497905, 0.516005, 0.533458, 0.55057, 0.566967, 0.583588, 0.599559, 0.615651, 0.63168, 0.647413, 0.662891, 0.678603, 0.694254, 0.709301, 0.724593, 0.739615, 0.754937, 0.769847, 0.78504, 0.800277, 0.814755, 0.829476, 0.844401, 0.859219, 0.874256, 0.889112, 0.903839, 0.91905, 0.934328, 0.949825, 0.965143, 0.98088, 0.996052, 1.01211, 1.02806, 1.04412, 1.06011, 1.07658, 1.09306, 1.11029, 1.12722, 1.14437, 1.16186, 1.17974, 1.19783, 1.21589, 1.23444, 1.25376, 1.27296, 1.29312, 1.31289, 1.33297, 1.35426, 1.37557, 1.39761, 1.41975, 1.44253, 1.4657, 1.48942, 1.51354, 1.53928, 1.56678, 1.59461, 1.6227, 1.65241, 1.68237, 1.71398, 1.74687, 1.78135, 1.8171, 1.8556, 1.89728, 1.9413, 1.98792, 2.03716, 2.09248, 2.15288, 2.21906, 2.29099, 2.37508, 2.47503, 2.59466, 2.74404, 2.94398, 3.29434, 15, 

Inputting root files from filelist...
Opened 0 files


Setting branch addressess.
Retrieving total number of entries.
nEvt = 29484550Looping through events...

Complete: 0|  Total: 29484550 | 0%
Complete: 294846|  Total: 29484550 | 1%
Complete: 589692|  Total: 29484550 | 2%
Complete: 884538|  Total: 29484550 | 3%
Complete: 1179384|  Total: 29484550 | 4%
Complete: 1474230|  Total: 29484550 | 5%
Complete: 1769076|  Total: 29484550 | 6%
Complete: 2063922|  Total: 29484550 | 7%
Complete: 2358768|  Total: 29484550 | 8%
Complete: 2653614|  Total: 29484550 | 9%
Complete: 2948460|  Total: 29484550 | 10%
Complete: 3243306|  Total: 29484550 | 11%
Complete: 3538152|  Total: 29484550 | 12%
Complete: 3832998|  Total: 29484550 | 13%
Complete: 4127844|  Total: 29484550 | 14%
Complete: 4422690|  Total: 29484550 | 15%
Complete: 4717536|  Total: 29484550 | 16%
Complete: 5012382|  Total: 29484550 | 17%
Complete: 5307228|  Total: 29484550 | 18%
Complete: 5602074|  Total: 29484550 | 19%
Complete: 5896920|  Total: 29484550 | 20%
Complete: 6191766|  Total: 29484550 | 21%
Complete: 6486612|  Total: 29484550 | 22%
Complete: 6781458|  Total: 29484550 | 23%
Complete: 7076304|  Total: 29484550 | 24%
Complete: 7371150|  Total: 29484550 | 25%
Complete: 7665996|  Total: 29484550 | 26%
Complete: 7960842|  Total: 29484550 | 27%
Complete: 8255688|  Total: 29484550 | 28%
Complete: 8550534|  Total: 29484550 | 29%
Complete: 8845380|  Total: 29484550 | 30%
Complete: 9140226|  Total: 29484550 | 31%
Complete: 9435072|  Total: 29484550 | 32%
Complete: 9729918|  Total: 29484550 | 33%
Complete: 10024764|  Total: 29484550 | 34%
Complete: 10319610|  Total: 29484550 | 35%
Complete: 10614456|  Total: 29484550 | 36%
Complete: 10909302|  Total: 29484550 | 37%
Complete: 11204148|  Total: 29484550 | 38%
Complete: 11498994|  Total: 29484550 | 39%
Complete: 11793840|  Total: 29484550 | 40%
Complete: 12088686|  Total: 29484550 | 41%
Complete: 12383532|  Total: 29484550 | 42%
Complete: 12678378|  Total: 29484550 | 43%
Complete: 12973224|  Total: 29484550 | 44%
Complete: 13268070|  Total: 29484550 | 45%
Complete: 13562916|  Total: 29484550 | 46%
Complete: 13857762|  Total: 29484550 | 47%
Complete: 14152608|  Total: 29484550 | 48%
Complete: 14447454|  Total: 29484550 | 49%
Complete: 14742300|  Total: 29484550 | 50%
Complete: 15037146|  Total: 29484550 | 51%
Complete: 15331992|  Total: 29484550 | 52%
Complete: 15626838|  Total: 29484550 | 53%
Complete: 15921684|  Total: 29484550 | 54%
Complete: 16216530|  Total: 29484550 | 55%
Complete: 16511376|  Total: 29484550 | 56%
Complete: 16806222|  Total: 29484550 | 57%
Complete: 17101068|  Total: 29484550 | 58%
Complete: 17395914|  Total: 29484550 | 59%
Complete: 17690760|  Total: 29484550 | 60%
Complete: 17985606|  Total: 29484550 | 61%
Complete: 18280452|  Total: 29484550 | 62%
Complete: 18575298|  Total: 29484550 | 63%
Complete: 18870144|  Total: 29484550 | 64%
Complete: 19164990|  Total: 29484550 | 65%
Complete: 19459836|  Total: 29484550 | 66%
Complete: 19754682|  Total: 29484550 | 67%
Complete: 20049528|  Total: 29484550 | 68%
Complete: 20344374|  Total: 29484550 | 69%
Complete: 20639220|  Total: 29484550 | 70%
Complete: 20934066|  Total: 29484550 | 71%
Complete: 21228912|  Total: 29484550 | 72%
Complete: 21523758|  Total: 29484550 | 73%
Complete: 21818604|  Total: 29484550 | 74%
Complete: 22113450|  Total: 29484550 | 75%
Complete: 22408296|  Total: 29484550 | 76%
Complete: 22703142|  Total: 29484550 | 77%
Complete: 22997988|  Total: 29484550 | 78%
Complete: 23292834|  Total: 29484550 | 79%
Complete: 23587680|  Total: 29484550 | 80%
Complete: 23882526|  Total: 29484550 | 81%
Complete: 24177372|  Total: 29484550 | 82%
Complete: 24472218|  Total: 29484550 | 83%
Complete: 24767064|  Total: 29484550 | 84%
Complete: 25061910|  Total: 29484550 | 85%
Complete: 25356756|  Total: 29484550 | 86%
Complete: 25651602|  Total: 29484550 | 87%
Complete: 25946448|  Total: 29484550 | 88%
Complete: 26241294|  Total: 29484550 | 89%
Complete: 26536140|  Total: 29484550 | 90%
Complete: 26830986|  Total: 29484550 | 91%
Complete: 27125832|  Total: 29484550 | 92%
Complete: 27420678|  Total: 29484550 | 93%
Complete: 27715524|  Total: 29484550 | 94%
Complete: 28010370|  Total: 29484550 | 95%
Complete: 28305216|  Total: 29484550 | 96%
Complete: 28600062|  Total: 29484550 | 97%
Complete: 28894908|  Total: 29484550 | 98%
Complete: 29189754|  Total: 29484550 | 99%


Writing data to file.
Done!
