30594045
jb10
cn912

Using impact_param for the following 100 centrality bins: 
0, 0.127209, 0.178769, 0.218493, 0.251936, 0.281718, 0.309893, 0.334598, 0.357938, 0.380458, 0.401759, 0.422656, 0.443045, 0.461696, 0.480013, 0.497905, 0.516005, 0.533458, 0.55057, 0.566967, 0.583588, 0.599559, 0.615651, 0.63168, 0.647413, 0.662891, 0.678603, 0.694254, 0.709301, 0.724593, 0.739615, 0.754937, 0.769847, 0.78504, 0.800277, 0.814755, 0.829476, 0.844401, 0.859219, 0.874256, 0.889112, 0.903839, 0.91905, 0.934328, 0.949825, 0.965143, 0.98088, 0.996052, 1.01211, 1.02806, 1.04412, 1.06011, 1.07658, 1.09306, 1.11029, 1.12722, 1.14437, 1.16186, 1.17974, 1.19783, 1.21589, 1.23444, 1.25376, 1.27296, 1.29312, 1.31289, 1.33297, 1.35426, 1.37557, 1.39761, 1.41975, 1.44253, 1.4657, 1.48942, 1.51354, 1.53928, 1.56678, 1.59461, 1.6227, 1.65241, 1.68237, 1.71398, 1.74687, 1.78135, 1.8171, 1.8556, 1.89728, 1.9413, 1.98792, 2.03716, 2.09248, 2.15288, 2.21906, 2.29099, 2.37508, 2.47503, 2.59466, 2.74404, 2.94398, 3.29434, 15, 

Inputting root files from filelist...
Opened 0 files


Setting branch addressess.
Retrieving total number of entries.
nEvt = 29476379Looping through events...

Complete: 0|  Total: 29476379 | 0%
Complete: 294764|  Total: 29476379 | 1%
Complete: 589528|  Total: 29476379 | 2%
Complete: 884292|  Total: 29476379 | 3%
Complete: 1179056|  Total: 29476379 | 4%
Complete: 1473820|  Total: 29476379 | 5%
Complete: 1768584|  Total: 29476379 | 6%
Complete: 2063348|  Total: 29476379 | 7%
Complete: 2358112|  Total: 29476379 | 8%
Complete: 2652876|  Total: 29476379 | 9%
Complete: 2947640|  Total: 29476379 | 10%
Complete: 3242404|  Total: 29476379 | 11%
Complete: 3537168|  Total: 29476379 | 12%
Complete: 3831932|  Total: 29476379 | 13%
Complete: 4126696|  Total: 29476379 | 14%
Complete: 4421460|  Total: 29476379 | 15%
Complete: 4716224|  Total: 29476379 | 16%
Complete: 5010988|  Total: 29476379 | 17%
Complete: 5305752|  Total: 29476379 | 18%
Complete: 5600516|  Total: 29476379 | 19%
Complete: 5895280|  Total: 29476379 | 20%
Complete: 6190044|  Total: 29476379 | 21%
Complete: 6484808|  Total: 29476379 | 22%
Complete: 6779572|  Total: 29476379 | 23%
Complete: 7074336|  Total: 29476379 | 24%
Complete: 7369100|  Total: 29476379 | 25%
Complete: 7663864|  Total: 29476379 | 26%
Complete: 7958628|  Total: 29476379 | 27%
Complete: 8253392|  Total: 29476379 | 28%
Complete: 8548156|  Total: 29476379 | 29%
Complete: 8842920|  Total: 29476379 | 30%
Complete: 9137684|  Total: 29476379 | 31%
Complete: 9432448|  Total: 29476379 | 32%
Complete: 9727212|  Total: 29476379 | 33%
Complete: 10021976|  Total: 29476379 | 34%
Complete: 10316740|  Total: 29476379 | 35%
Complete: 10611504|  Total: 29476379 | 36%
Complete: 10906268|  Total: 29476379 | 37%
Complete: 11201032|  Total: 29476379 | 38%
Complete: 11495796|  Total: 29476379 | 39%
Complete: 11790560|  Total: 29476379 | 40%
Complete: 12085324|  Total: 29476379 | 41%
Complete: 12380088|  Total: 29476379 | 42%
Complete: 12674852|  Total: 29476379 | 43%
Complete: 12969616|  Total: 29476379 | 44%
Complete: 13264380|  Total: 29476379 | 45%
Complete: 13559144|  Total: 29476379 | 46%
Complete: 13853908|  Total: 29476379 | 47%
Complete: 14148672|  Total: 29476379 | 48%
Complete: 14443436|  Total: 29476379 | 49%
Complete: 14738200|  Total: 29476379 | 50%
Complete: 15032964|  Total: 29476379 | 51%
Complete: 15327728|  Total: 29476379 | 52%
Complete: 15622492|  Total: 29476379 | 53%
Complete: 15917256|  Total: 29476379 | 54%
Complete: 16212020|  Total: 29476379 | 55%
Complete: 16506784|  Total: 29476379 | 56%
Complete: 16801548|  Total: 29476379 | 57%
Complete: 17096312|  Total: 29476379 | 58%
Complete: 17391076|  Total: 29476379 | 59%
Complete: 17685840|  Total: 29476379 | 60%
Complete: 17980604|  Total: 29476379 | 61%
Complete: 18275368|  Total: 29476379 | 62%
Complete: 18570132|  Total: 29476379 | 63%
Complete: 18864896|  Total: 29476379 | 64%
Complete: 19159660|  Total: 29476379 | 65%
Complete: 19454424|  Total: 29476379 | 66%
Complete: 19749188|  Total: 29476379 | 67%
Complete: 20043952|  Total: 29476379 | 68%
Complete: 20338716|  Total: 29476379 | 69%
Complete: 20633480|  Total: 29476379 | 70%
Complete: 20928244|  Total: 29476379 | 71%
Complete: 21223008|  Total: 29476379 | 72%
Complete: 21517772|  Total: 29476379 | 73%
Complete: 21812536|  Total: 29476379 | 74%
Complete: 22107300|  Total: 29476379 | 75%
Complete: 22402064|  Total: 29476379 | 76%
Complete: 22696828|  Total: 29476379 | 77%
Complete: 22991592|  Total: 29476379 | 78%
Complete: 23286356|  Total: 29476379 | 79%
Complete: 23581120|  Total: 29476379 | 80%
Complete: 23875884|  Total: 29476379 | 81%
Complete: 24170648|  Total: 29476379 | 82%
Complete: 24465412|  Total: 29476379 | 83%
Complete: 24760176|  Total: 29476379 | 84%
Complete: 25054940|  Total: 29476379 | 85%
Complete: 25349704|  Total: 29476379 | 86%
Complete: 25644468|  Total: 29476379 | 87%
Complete: 25939232|  Total: 29476379 | 88%
Complete: 26233996|  Total: 29476379 | 89%
Complete: 26528760|  Total: 29476379 | 90%
Complete: 26823524|  Total: 29476379 | 91%
Complete: 27118288|  Total: 29476379 | 92%
Complete: 27413052|  Total: 29476379 | 93%
Complete: 27707816|  Total: 29476379 | 94%
Complete: 28002580|  Total: 29476379 | 95%
Complete: 28297344|  Total: 29476379 | 96%
Complete: 28592108|  Total: 29476379 | 97%
Complete: 28886872|  Total: 29476379 | 98%
Complete: 29181636|  Total: 29476379 | 99%


Writing data to file.
Done!
