30594044
jb9
cn912

Using impact_param for the following 100 centrality bins: 
0, 0.127209, 0.178769, 0.218493, 0.251936, 0.281718, 0.309893, 0.334598, 0.357938, 0.380458, 0.401759, 0.422656, 0.443045, 0.461696, 0.480013, 0.497905, 0.516005, 0.533458, 0.55057, 0.566967, 0.583588, 0.599559, 0.615651, 0.63168, 0.647413, 0.662891, 0.678603, 0.694254, 0.709301, 0.724593, 0.739615, 0.754937, 0.769847, 0.78504, 0.800277, 0.814755, 0.829476, 0.844401, 0.859219, 0.874256, 0.889112, 0.903839, 0.91905, 0.934328, 0.949825, 0.965143, 0.98088, 0.996052, 1.01211, 1.02806, 1.04412, 1.06011, 1.07658, 1.09306, 1.11029, 1.12722, 1.14437, 1.16186, 1.17974, 1.19783, 1.21589, 1.23444, 1.25376, 1.27296, 1.29312, 1.31289, 1.33297, 1.35426, 1.37557, 1.39761, 1.41975, 1.44253, 1.4657, 1.48942, 1.51354, 1.53928, 1.56678, 1.59461, 1.6227, 1.65241, 1.68237, 1.71398, 1.74687, 1.78135, 1.8171, 1.8556, 1.89728, 1.9413, 1.98792, 2.03716, 2.09248, 2.15288, 2.21906, 2.29099, 2.37508, 2.47503, 2.59466, 2.74404, 2.94398, 3.29434, 15, 

Inputting root files from filelist...
Opened 0 files


Setting branch addressess.
Retrieving total number of entries.
nEvt = 29481166Looping through events...

Complete: 0|  Total: 29481166 | 0%
Complete: 294812|  Total: 29481166 | 1%
Complete: 589624|  Total: 29481166 | 2%
Complete: 884436|  Total: 29481166 | 3%
Complete: 1179248|  Total: 29481166 | 4%
Complete: 1474060|  Total: 29481166 | 5%
Complete: 1768872|  Total: 29481166 | 6%
Complete: 2063684|  Total: 29481166 | 7%
Complete: 2358496|  Total: 29481166 | 8%
Complete: 2653308|  Total: 29481166 | 9%
Complete: 2948120|  Total: 29481166 | 10%
Complete: 3242932|  Total: 29481166 | 11%
Complete: 3537744|  Total: 29481166 | 12%
Complete: 3832556|  Total: 29481166 | 13%
Complete: 4127368|  Total: 29481166 | 14%
Complete: 4422180|  Total: 29481166 | 15%
Complete: 4716992|  Total: 29481166 | 16%
Complete: 5011804|  Total: 29481166 | 17%
Complete: 5306616|  Total: 29481166 | 18%
Complete: 5601428|  Total: 29481166 | 19%
Complete: 5896240|  Total: 29481166 | 20%
Complete: 6191052|  Total: 29481166 | 21%
Complete: 6485864|  Total: 29481166 | 22%
Complete: 6780676|  Total: 29481166 | 23%
Complete: 7075488|  Total: 29481166 | 24%
Complete: 7370300|  Total: 29481166 | 25%
Complete: 7665112|  Total: 29481166 | 26%
Complete: 7959924|  Total: 29481166 | 27%
Complete: 8254736|  Total: 29481166 | 28%
Complete: 8549548|  Total: 29481166 | 29%
Complete: 8844360|  Total: 29481166 | 30%
Complete: 9139172|  Total: 29481166 | 31%
Complete: 9433984|  Total: 29481166 | 32%
Complete: 9728796|  Total: 29481166 | 33%
Complete: 10023608|  Total: 29481166 | 34%
Complete: 10318420|  Total: 29481166 | 35%
Complete: 10613232|  Total: 29481166 | 36%
Complete: 10908044|  Total: 29481166 | 37%
Complete: 11202856|  Total: 29481166 | 38%
Complete: 11497668|  Total: 29481166 | 39%
Complete: 11792480|  Total: 29481166 | 40%
Complete: 12087292|  Total: 29481166 | 41%
Complete: 12382104|  Total: 29481166 | 42%
Complete: 12676916|  Total: 29481166 | 43%
Complete: 12971728|  Total: 29481166 | 44%
Complete: 13266540|  Total: 29481166 | 45%
Complete: 13561352|  Total: 29481166 | 46%
Complete: 13856164|  Total: 29481166 | 47%
Complete: 14150976|  Total: 29481166 | 48%
Complete: 14445788|  Total: 29481166 | 49%
Complete: 14740600|  Total: 29481166 | 50%
Complete: 15035412|  Total: 29481166 | 51%
Complete: 15330224|  Total: 29481166 | 52%
Complete: 15625036|  Total: 29481166 | 53%
Complete: 15919848|  Total: 29481166 | 54%
Complete: 16214660|  Total: 29481166 | 55%
Complete: 16509472|  Total: 29481166 | 56%
Complete: 16804284|  Total: 29481166 | 57%
Complete: 17099096|  Total: 29481166 | 58%
Complete: 17393908|  Total: 29481166 | 59%
Complete: 17688720|  Total: 29481166 | 60%
Complete: 17983532|  Total: 29481166 | 61%
Complete: 18278344|  Total: 29481166 | 62%
Complete: 18573156|  Total: 29481166 | 63%
Complete: 18867968|  Total: 29481166 | 64%
Complete: 19162780|  Total: 29481166 | 65%
Complete: 19457592|  Total: 29481166 | 66%
Complete: 19752404|  Total: 29481166 | 67%
Complete: 20047216|  Total: 29481166 | 68%
Complete: 20342028|  Total: 29481166 | 69%
Complete: 20636840|  Total: 29481166 | 70%
Complete: 20931652|  Total: 29481166 | 71%
Complete: 21226464|  Total: 29481166 | 72%
Complete: 21521276|  Total: 29481166 | 73%
Complete: 21816088|  Total: 29481166 | 74%
Complete: 22110900|  Total: 29481166 | 75%
Complete: 22405712|  Total: 29481166 | 76%
Complete: 22700524|  Total: 29481166 | 77%
Complete: 22995336|  Total: 29481166 | 78%
Complete: 23290148|  Total: 29481166 | 79%
Complete: 23584960|  Total: 29481166 | 80%
Complete: 23879772|  Total: 29481166 | 81%
Complete: 24174584|  Total: 29481166 | 82%
Complete: 24469396|  Total: 29481166 | 83%
Complete: 24764208|  Total: 29481166 | 84%
Complete: 25059020|  Total: 29481166 | 85%
Complete: 25353832|  Total: 29481166 | 86%
Complete: 25648644|  Total: 29481166 | 87%
Complete: 25943456|  Total: 29481166 | 88%
Complete: 26238268|  Total: 29481166 | 89%
Complete: 26533080|  Total: 29481166 | 90%
Complete: 26827892|  Total: 29481166 | 91%
Complete: 27122704|  Total: 29481166 | 92%
Complete: 27417516|  Total: 29481166 | 93%
Complete: 27712328|  Total: 29481166 | 94%
Complete: 28007140|  Total: 29481166 | 95%
Complete: 28301952|  Total: 29481166 | 96%
Complete: 28596764|  Total: 29481166 | 97%
Complete: 28891576|  Total: 29481166 | 98%
Complete: 29186388|  Total: 29481166 | 99%


Writing data to file.
Done!
