30523830
ptSpectraPbpb
cn1131

Using impact_param for the following 100 centrality bins: 
0, 1.335, 1.89371, 2.32014, 2.68108, 3.00253, 3.2944, 3.55934, 3.80784, 4.04217, 4.26566, 4.47856, 4.68294, 4.87969, 5.06917, 5.25367, 5.43113, 5.60268, 5.77192, 5.93645, 6.09194, 6.24903, 6.40258, 6.5542, 6.70134, 6.84737, 6.99032, 7.13131, 7.27106, 7.40772, 7.5428, 7.67665, 7.80682, 7.9365, 8.06518, 8.19109, 8.31726, 8.44252, 8.56544, 8.68606, 8.80826, 8.92762, 9.0468, 9.16479, 9.28131, 9.39716, 9.51364, 9.62942, 9.74352, 9.8562, 9.96875, 10.0808, 10.1919, 10.3021, 10.4123, 10.5215, 10.6317, 10.7399, 10.848, 10.9549, 11.061, 11.1673, 11.2743, 11.3803, 11.4854, 11.5895, 11.6943, 11.7974, 11.9004, 12.0047, 12.1074, 12.21, 12.3114, 12.4132, 12.5154, 12.6167, 12.7178, 12.8198, 12.9217, 13.0237, 13.1254, 13.2277, 13.3307, 13.4337, 13.5379, 13.6439, 13.7506, 13.8599, 13.9719, 14.0868, 14.2073, 14.3342, 14.4689, 14.6138, 14.7726, 14.9499, 15.154, 15.4001, 15.7247, 16.2457, 22.0365, 

nEvt = 3480254
Complete: 0 | Total: 3480254 | 0%
Complete: 34803 | Total: 3480254 | 1%
Complete: 69606 | Total: 3480254 | 2%
Complete: 104409 | Total: 3480254 | 3%
Complete: 139212 | Total: 3480254 | 4%
Complete: 174015 | Total: 3480254 | 5%
Complete: 208818 | Total: 3480254 | 6%
Complete: 243621 | Total: 3480254 | 7%
Complete: 278424 | Total: 3480254 | 8%
Complete: 313227 | Total: 3480254 | 9%
Complete: 348030 | Total: 3480254 | 10%
Complete: 382833 | Total: 3480254 | 11%
Complete: 417636 | Total: 3480254 | 12%
Complete: 452439 | Total: 3480254 | 13%
Complete: 487242 | Total: 3480254 | 14%
Complete: 522045 | Total: 3480254 | 15%
Complete: 556848 | Total: 3480254 | 16%
Complete: 591651 | Total: 3480254 | 17%
Complete: 626454 | Total: 3480254 | 18%
Complete: 661257 | Total: 3480254 | 19%
Complete: 696060 | Total: 3480254 | 20%
Complete: 730863 | Total: 3480254 | 21%
Complete: 765666 | Total: 3480254 | 22%
Complete: 800469 | Total: 3480254 | 23%
Complete: 835272 | Total: 3480254 | 24%
Complete: 870075 | Total: 3480254 | 25%
Complete: 904878 | Total: 3480254 | 26%
Complete: 939681 | Total: 3480254 | 27%
Complete: 974484 | Total: 3480254 | 28%
Complete: 1009287 | Total: 3480254 | 29%
Complete: 1044090 | Total: 3480254 | 30%
Complete: 1078893 | Total: 3480254 | 31%
Complete: 1113696 | Total: 3480254 | 32%
Complete: 1148499 | Total: 3480254 | 33%
Complete: 1183302 | Total: 3480254 | 34%
Complete: 1218105 | Total: 3480254 | 35%
Complete: 1252908 | Total: 3480254 | 36%
Complete: 1287711 | Total: 3480254 | 37%
Complete: 1322514 | Total: 3480254 | 38%
Complete: 1357317 | Total: 3480254 | 39%
Complete: 1392120 | Total: 3480254 | 40%
Complete: 1426923 | Total: 3480254 | 41%
Complete: 1461726 | Total: 3480254 | 42%
Complete: 1496529 | Total: 3480254 | 43%
Complete: 1531332 | Total: 3480254 | 44%
Complete: 1566135 | Total: 3480254 | 45%
Complete: 1600938 | Total: 3480254 | 46%
Complete: 1635741 | Total: 3480254 | 47%
Complete: 1670544 | Total: 3480254 | 48%
Complete: 1705347 | Total: 3480254 | 49%
Complete: 1740150 | Total: 3480254 | 50%
Complete: 1774953 | Total: 3480254 | 51%
Complete: 1809756 | Total: 3480254 | 52%
Complete: 1844559 | Total: 3480254 | 53%
Complete: 1879362 | Total: 3480254 | 54%
Complete: 1914165 | Total: 3480254 | 55%
Complete: 1948968 | Total: 3480254 | 56%
Complete: 1983771 | Total: 3480254 | 57%
Complete: 2018574 | Total: 3480254 | 58%
Complete: 2053377 | Total: 3480254 | 59%
Complete: 2088180 | Total: 3480254 | 60%
Complete: 2122983 | Total: 3480254 | 61%
Complete: 2157786 | Total: 3480254 | 62%
Complete: 2192589 | Total: 3480254 | 63%
Complete: 2227392 | Total: 3480254 | 64%
Complete: 2262195 | Total: 3480254 | 65%
Complete: 2296998 | Total: 3480254 | 66%
Complete: 2331801 | Total: 3480254 | 67%
Complete: 2366604 | Total: 3480254 | 68%
Complete: 2401407 | Total: 3480254 | 69%
Complete: 2436210 | Total: 3480254 | 70%
Complete: 2471013 | Total: 3480254 | 71%
Complete: 2505816 | Total: 3480254 | 72%
Complete: 2540619 | Total: 3480254 | 73%
Complete: 2575422 | Total: 3480254 | 74%
Complete: 2610225 | Total: 3480254 | 75%
Complete: 2645028 | Total: 3480254 | 76%
Complete: 2679831 | Total: 3480254 | 77%
Complete: 2714634 | Total: 3480254 | 78%
Complete: 2749437 | Total: 3480254 | 79%
Complete: 2784240 | Total: 3480254 | 80%
Complete: 2819043 | Total: 3480254 | 81%
Complete: 2853846 | Total: 3480254 | 82%
Complete: 2888649 | Total: 3480254 | 83%
Complete: 2923452 | Total: 3480254 | 84%
Complete: 2958255 | Total: 3480254 | 85%
Complete: 2993058 | Total: 3480254 | 86%
Complete: 3027861 | Total: 3480254 | 87%
Complete: 3062664 | Total: 3480254 | 88%
Complete: 3097467 | Total: 3480254 | 89%
Complete: 3132270 | Total: 3480254 | 90%
Complete: 3167073 | Total: 3480254 | 91%
Complete: 3201876 | Total: 3480254 | 92%
Complete: 3236679 | Total: 3480254 | 93%
Complete: 3271482 | Total: 3480254 | 94%
Complete: 3306285 | Total: 3480254 | 95%
Complete: 3341088 | Total: 3480254 | 96%
Complete: 3375891 | Total: 3480254 | 97%
Complete: 3410694 | Total: 3480254 | 98%
Complete: 3445497 | Total: 3480254 | 99%


ptSpectraPbpb Complete.
Done!
