30594049
jb14
cn425

Using impact_param for the following 100 centrality bins: 
0, 0.127209, 0.178769, 0.218493, 0.251936, 0.281718, 0.309893, 0.334598, 0.357938, 0.380458, 0.401759, 0.422656, 0.443045, 0.461696, 0.480013, 0.497905, 0.516005, 0.533458, 0.55057, 0.566967, 0.583588, 0.599559, 0.615651, 0.63168, 0.647413, 0.662891, 0.678603, 0.694254, 0.709301, 0.724593, 0.739615, 0.754937, 0.769847, 0.78504, 0.800277, 0.814755, 0.829476, 0.844401, 0.859219, 0.874256, 0.889112, 0.903839, 0.91905, 0.934328, 0.949825, 0.965143, 0.98088, 0.996052, 1.01211, 1.02806, 1.04412, 1.06011, 1.07658, 1.09306, 1.11029, 1.12722, 1.14437, 1.16186, 1.17974, 1.19783, 1.21589, 1.23444, 1.25376, 1.27296, 1.29312, 1.31289, 1.33297, 1.35426, 1.37557, 1.39761, 1.41975, 1.44253, 1.4657, 1.48942, 1.51354, 1.53928, 1.56678, 1.59461, 1.6227, 1.65241, 1.68237, 1.71398, 1.74687, 1.78135, 1.8171, 1.8556, 1.89728, 1.9413, 1.98792, 2.03716, 2.09248, 2.15288, 2.21906, 2.29099, 2.37508, 2.47503, 2.59466, 2.74404, 2.94398, 3.29434, 15, 

Inputting root files from filelist...
Opened 0 files


Setting branch addressess.
Retrieving total number of entries.
nEvt = 29475519Looping through events...

Complete: 0|  Total: 29475519 | 0%
Complete: 294756|  Total: 29475519 | 1%
Complete: 589512|  Total: 29475519 | 2%
Complete: 884268|  Total: 29475519 | 3%
Complete: 1179024|  Total: 29475519 | 4%
Complete: 1473780|  Total: 29475519 | 5%
Complete: 1768536|  Total: 29475519 | 6%
Complete: 2063292|  Total: 29475519 | 7%
Complete: 2358048|  Total: 29475519 | 8%
Complete: 2652804|  Total: 29475519 | 9%
Complete: 2947560|  Total: 29475519 | 10%
Complete: 3242316|  Total: 29475519 | 11%
Complete: 3537072|  Total: 29475519 | 12%
Complete: 3831828|  Total: 29475519 | 13%
Complete: 4126584|  Total: 29475519 | 14%
Complete: 4421340|  Total: 29475519 | 15%
Complete: 4716096|  Total: 29475519 | 16%
Complete: 5010852|  Total: 29475519 | 17%
Complete: 5305608|  Total: 29475519 | 18%
Complete: 5600364|  Total: 29475519 | 19%
Complete: 5895120|  Total: 29475519 | 20%
Complete: 6189876|  Total: 29475519 | 21%
Complete: 6484632|  Total: 29475519 | 22%
Complete: 6779388|  Total: 29475519 | 23%
Complete: 7074144|  Total: 29475519 | 24%
Complete: 7368900|  Total: 29475519 | 25%
Complete: 7663656|  Total: 29475519 | 26%
Complete: 7958412|  Total: 29475519 | 27%
Complete: 8253168|  Total: 29475519 | 28%
Complete: 8547924|  Total: 29475519 | 29%
Complete: 8842680|  Total: 29475519 | 30%
Complete: 9137436|  Total: 29475519 | 31%
Complete: 9432192|  Total: 29475519 | 32%
Complete: 9726948|  Total: 29475519 | 33%
Complete: 10021704|  Total: 29475519 | 34%
Complete: 10316460|  Total: 29475519 | 35%
Complete: 10611216|  Total: 29475519 | 36%
Complete: 10905972|  Total: 29475519 | 37%
Complete: 11200728|  Total: 29475519 | 38%
Complete: 11495484|  Total: 29475519 | 39%
Complete: 11790240|  Total: 29475519 | 40%
Complete: 12084996|  Total: 29475519 | 41%
Complete: 12379752|  Total: 29475519 | 42%
Complete: 12674508|  Total: 29475519 | 43%
Complete: 12969264|  Total: 29475519 | 44%
Complete: 13264020|  Total: 29475519 | 45%
Complete: 13558776|  Total: 29475519 | 46%
Complete: 13853532|  Total: 29475519 | 47%
Complete: 14148288|  Total: 29475519 | 48%
Complete: 14443044|  Total: 29475519 | 49%
Complete: 14737800|  Total: 29475519 | 50%
Complete: 15032556|  Total: 29475519 | 51%
Complete: 15327312|  Total: 29475519 | 52%
Complete: 15622068|  Total: 29475519 | 53%
Complete: 15916824|  Total: 29475519 | 54%
Complete: 16211580|  Total: 29475519 | 55%
Complete: 16506336|  Total: 29475519 | 56%
Complete: 16801092|  Total: 29475519 | 57%
Complete: 17095848|  Total: 29475519 | 58%
Complete: 17390604|  Total: 29475519 | 59%
Complete: 17685360|  Total: 29475519 | 60%
Complete: 17980116|  Total: 29475519 | 61%
Complete: 18274872|  Total: 29475519 | 62%
Complete: 18569628|  Total: 29475519 | 63%
Complete: 18864384|  Total: 29475519 | 64%
Complete: 19159140|  Total: 29475519 | 65%
Complete: 19453896|  Total: 29475519 | 66%
Complete: 19748652|  Total: 29475519 | 67%
Complete: 20043408|  Total: 29475519 | 68%
Complete: 20338164|  Total: 29475519 | 69%
Complete: 20632920|  Total: 29475519 | 70%
Complete: 20927676|  Total: 29475519 | 71%
Complete: 21222432|  Total: 29475519 | 72%
Complete: 21517188|  Total: 29475519 | 73%
Complete: 21811944|  Total: 29475519 | 74%
Complete: 22106700|  Total: 29475519 | 75%
Complete: 22401456|  Total: 29475519 | 76%
Complete: 22696212|  Total: 29475519 | 77%
Complete: 22990968|  Total: 29475519 | 78%
Complete: 23285724|  Total: 29475519 | 79%
Complete: 23580480|  Total: 29475519 | 80%
Complete: 23875236|  Total: 29475519 | 81%
Complete: 24169992|  Total: 29475519 | 82%
Complete: 24464748|  Total: 29475519 | 83%
Complete: 24759504|  Total: 29475519 | 84%
Complete: 25054260|  Total: 29475519 | 85%
Complete: 25349016|  Total: 29475519 | 86%
Complete: 25643772|  Total: 29475519 | 87%
Complete: 25938528|  Total: 29475519 | 88%
Complete: 26233284|  Total: 29475519 | 89%
Complete: 26528040|  Total: 29475519 | 90%
Complete: 26822796|  Total: 29475519 | 91%
Complete: 27117552|  Total: 29475519 | 92%
Complete: 27412308|  Total: 29475519 | 93%
Complete: 27707064|  Total: 29475519 | 94%
Complete: 28001820|  Total: 29475519 | 95%
Complete: 28296576|  Total: 29475519 | 96%
Complete: 28591332|  Total: 29475519 | 97%
Complete: 28886088|  Total: 29475519 | 98%
Complete: 29180844|  Total: 29475519 | 99%


Writing data to file.
Done!
