30594076
jb41
cn1333

Using impact_param for the following 100 centrality bins: 
0, 0.127209, 0.178769, 0.218493, 0.251936, 0.281718, 0.309893, 0.334598, 0.357938, 0.380458, 0.401759, 0.422656, 0.443045, 0.461696, 0.480013, 0.497905, 0.516005, 0.533458, 0.55057, 0.566967, 0.583588, 0.599559, 0.615651, 0.63168, 0.647413, 0.662891, 0.678603, 0.694254, 0.709301, 0.724593, 0.739615, 0.754937, 0.769847, 0.78504, 0.800277, 0.814755, 0.829476, 0.844401, 0.859219, 0.874256, 0.889112, 0.903839, 0.91905, 0.934328, 0.949825, 0.965143, 0.98088, 0.996052, 1.01211, 1.02806, 1.04412, 1.06011, 1.07658, 1.09306, 1.11029, 1.12722, 1.14437, 1.16186, 1.17974, 1.19783, 1.21589, 1.23444, 1.25376, 1.27296, 1.29312, 1.31289, 1.33297, 1.35426, 1.37557, 1.39761, 1.41975, 1.44253, 1.4657, 1.48942, 1.51354, 1.53928, 1.56678, 1.59461, 1.6227, 1.65241, 1.68237, 1.71398, 1.74687, 1.78135, 1.8171, 1.8556, 1.89728, 1.9413, 1.98792, 2.03716, 2.09248, 2.15288, 2.21906, 2.29099, 2.37508, 2.47503, 2.59466, 2.74404, 2.94398, 3.29434, 15, 

Inputting root files from filelist...
Opened 0 files


Setting branch addressess.
Retrieving total number of entries.
nEvt = 25795119Looping through events...

Complete: 0|  Total: 25795119 | 0%
Complete: 257952|  Total: 25795119 | 1%
Complete: 515904|  Total: 25795119 | 2%
Complete: 773856|  Total: 25795119 | 3%
Complete: 1031808|  Total: 25795119 | 4%
Complete: 1289760|  Total: 25795119 | 5%
Complete: 1547712|  Total: 25795119 | 6%
Complete: 1805664|  Total: 25795119 | 7%
Complete: 2063616|  Total: 25795119 | 8%
Complete: 2321568|  Total: 25795119 | 9%
Complete: 2579520|  Total: 25795119 | 10%
Complete: 2837472|  Total: 25795119 | 11%
Complete: 3095424|  Total: 25795119 | 12%
Complete: 3353376|  Total: 25795119 | 13%
Complete: 3611328|  Total: 25795119 | 14%
Complete: 3869280|  Total: 25795119 | 15%
Complete: 4127232|  Total: 25795119 | 16%
Complete: 4385184|  Total: 25795119 | 17%
Complete: 4643136|  Total: 25795119 | 18%
Complete: 4901088|  Total: 25795119 | 19%
Complete: 5159040|  Total: 25795119 | 20%
Complete: 5416992|  Total: 25795119 | 21%
Complete: 5674944|  Total: 25795119 | 22%
Complete: 5932896|  Total: 25795119 | 23%
Complete: 6190848|  Total: 25795119 | 24%
Complete: 6448800|  Total: 25795119 | 25%
Complete: 6706752|  Total: 25795119 | 26%
Complete: 6964704|  Total: 25795119 | 27%
Complete: 7222656|  Total: 25795119 | 28%
Complete: 7480608|  Total: 25795119 | 29%
Complete: 7738560|  Total: 25795119 | 30%
Complete: 7996512|  Total: 25795119 | 31%
Complete: 8254464|  Total: 25795119 | 32%
Complete: 8512416|  Total: 25795119 | 33%
Complete: 8770368|  Total: 25795119 | 34%
Complete: 9028320|  Total: 25795119 | 35%
Complete: 9286272|  Total: 25795119 | 36%
Complete: 9544224|  Total: 25795119 | 37%
Complete: 9802176|  Total: 25795119 | 38%
Complete: 10060128|  Total: 25795119 | 39%
Complete: 10318080|  Total: 25795119 | 40%
Complete: 10576032|  Total: 25795119 | 41%
Complete: 10833984|  Total: 25795119 | 42%
Complete: 11091936|  Total: 25795119 | 43%
Complete: 11349888|  Total: 25795119 | 44%
Complete: 11607840|  Total: 25795119 | 45%
Complete: 11865792|  Total: 25795119 | 46%
Complete: 12123744|  Total: 25795119 | 47%
Complete: 12381696|  Total: 25795119 | 48%
Complete: 12639648|  Total: 25795119 | 49%
Complete: 12897600|  Total: 25795119 | 50%
Complete: 13155552|  Total: 25795119 | 51%
Complete: 13413504|  Total: 25795119 | 52%
Complete: 13671456|  Total: 25795119 | 53%
Complete: 13929408|  Total: 25795119 | 54%
Complete: 14187360|  Total: 25795119 | 55%
Complete: 14445312|  Total: 25795119 | 56%
Complete: 14703264|  Total: 25795119 | 57%
Complete: 14961216|  Total: 25795119 | 58%
Complete: 15219168|  Total: 25795119 | 59%
Complete: 15477120|  Total: 25795119 | 60%
Complete: 15735072|  Total: 25795119 | 61%
Complete: 15993024|  Total: 25795119 | 62%
Complete: 16250976|  Total: 25795119 | 63%
Complete: 16508928|  Total: 25795119 | 64%
Complete: 16766880|  Total: 25795119 | 65%
Complete: 17024832|  Total: 25795119 | 66%
Complete: 17282784|  Total: 25795119 | 67%
Complete: 17540736|  Total: 25795119 | 68%
Complete: 17798688|  Total: 25795119 | 69%
Complete: 18056640|  Total: 25795119 | 70%
Complete: 18314592|  Total: 25795119 | 71%
Complete: 18572544|  Total: 25795119 | 72%
Complete: 18830496|  Total: 25795119 | 73%
Complete: 19088448|  Total: 25795119 | 74%
Complete: 19346400|  Total: 25795119 | 75%
Complete: 19604352|  Total: 25795119 | 76%
Complete: 19862304|  Total: 25795119 | 77%
Complete: 20120256|  Total: 25795119 | 78%
Complete: 20378208|  Total: 25795119 | 79%
Complete: 20636160|  Total: 25795119 | 80%
Complete: 20894112|  Total: 25795119 | 81%
Complete: 21152064|  Total: 25795119 | 82%
Complete: 21410016|  Total: 25795119 | 83%
Complete: 21667968|  Total: 25795119 | 84%
Complete: 21925920|  Total: 25795119 | 85%
Complete: 22183872|  Total: 25795119 | 86%
Complete: 22441824|  Total: 25795119 | 87%
Complete: 22699776|  Total: 25795119 | 88%
Complete: 22957728|  Total: 25795119 | 89%
Complete: 23215680|  Total: 25795119 | 90%
Complete: 23473632|  Total: 25795119 | 91%
Complete: 23731584|  Total: 25795119 | 92%
Complete: 23989536|  Total: 25795119 | 93%
Complete: 24247488|  Total: 25795119 | 94%
Complete: 24505440|  Total: 25795119 | 95%
Complete: 24763392|  Total: 25795119 | 96%
Complete: 25021344|  Total: 25795119 | 97%
Complete: 25279296|  Total: 25795119 | 98%
Complete: 25537248|  Total: 25795119 | 99%


Writing data to file.
Done!
