30594046
jb11
cn912

Using impact_param for the following 100 centrality bins: 
0, 0.127209, 0.178769, 0.218493, 0.251936, 0.281718, 0.309893, 0.334598, 0.357938, 0.380458, 0.401759, 0.422656, 0.443045, 0.461696, 0.480013, 0.497905, 0.516005, 0.533458, 0.55057, 0.566967, 0.583588, 0.599559, 0.615651, 0.63168, 0.647413, 0.662891, 0.678603, 0.694254, 0.709301, 0.724593, 0.739615, 0.754937, 0.769847, 0.78504, 0.800277, 0.814755, 0.829476, 0.844401, 0.859219, 0.874256, 0.889112, 0.903839, 0.91905, 0.934328, 0.949825, 0.965143, 0.98088, 0.996052, 1.01211, 1.02806, 1.04412, 1.06011, 1.07658, 1.09306, 1.11029, 1.12722, 1.14437, 1.16186, 1.17974, 1.19783, 1.21589, 1.23444, 1.25376, 1.27296, 1.29312, 1.31289, 1.33297, 1.35426, 1.37557, 1.39761, 1.41975, 1.44253, 1.4657, 1.48942, 1.51354, 1.53928, 1.56678, 1.59461, 1.6227, 1.65241, 1.68237, 1.71398, 1.74687, 1.78135, 1.8171, 1.8556, 1.89728, 1.9413, 1.98792, 2.03716, 2.09248, 2.15288, 2.21906, 2.29099, 2.37508, 2.47503, 2.59466, 2.74404, 2.94398, 3.29434, 15, 

Inputting root files from filelist...
Opened 0 files


Setting branch addressess.
Retrieving total number of entries.
nEvt = 29474420Looping through events...

Complete: 0|  Total: 29474420 | 0%
Complete: 294745|  Total: 29474420 | 1%
Complete: 589490|  Total: 29474420 | 2%
Complete: 884235|  Total: 29474420 | 3%
Complete: 1178980|  Total: 29474420 | 4%
Complete: 1473725|  Total: 29474420 | 5%
Complete: 1768470|  Total: 29474420 | 6%
Complete: 2063215|  Total: 29474420 | 7%
Complete: 2357960|  Total: 29474420 | 8%
Complete: 2652705|  Total: 29474420 | 9%
Complete: 2947450|  Total: 29474420 | 10%
Complete: 3242195|  Total: 29474420 | 11%
Complete: 3536940|  Total: 29474420 | 12%
Complete: 3831685|  Total: 29474420 | 13%
Complete: 4126430|  Total: 29474420 | 14%
Complete: 4421175|  Total: 29474420 | 15%
Complete: 4715920|  Total: 29474420 | 16%
Complete: 5010665|  Total: 29474420 | 17%
Complete: 5305410|  Total: 29474420 | 18%
Complete: 5600155|  Total: 29474420 | 19%
Complete: 5894900|  Total: 29474420 | 20%
Complete: 6189645|  Total: 29474420 | 21%
Complete: 6484390|  Total: 29474420 | 22%
Complete: 6779135|  Total: 29474420 | 23%
Complete: 7073880|  Total: 29474420 | 24%
Complete: 7368625|  Total: 29474420 | 25%
Complete: 7663370|  Total: 29474420 | 26%
Complete: 7958115|  Total: 29474420 | 27%
Complete: 8252860|  Total: 29474420 | 28%
Complete: 8547605|  Total: 29474420 | 29%
Complete: 8842350|  Total: 29474420 | 30%
Complete: 9137095|  Total: 29474420 | 31%
Complete: 9431840|  Total: 29474420 | 32%
Complete: 9726585|  Total: 29474420 | 33%
Complete: 10021330|  Total: 29474420 | 34%
Complete: 10316075|  Total: 29474420 | 35%
Complete: 10610820|  Total: 29474420 | 36%
Complete: 10905565|  Total: 29474420 | 37%
Complete: 11200310|  Total: 29474420 | 38%
Complete: 11495055|  Total: 29474420 | 39%
Complete: 11789800|  Total: 29474420 | 40%
Complete: 12084545|  Total: 29474420 | 41%
Complete: 12379290|  Total: 29474420 | 42%
Complete: 12674035|  Total: 29474420 | 43%
Complete: 12968780|  Total: 29474420 | 44%
Complete: 13263525|  Total: 29474420 | 45%
Complete: 13558270|  Total: 29474420 | 46%
Complete: 13853015|  Total: 29474420 | 47%
Complete: 14147760|  Total: 29474420 | 48%
Complete: 14442505|  Total: 29474420 | 49%
Complete: 14737250|  Total: 29474420 | 50%
Complete: 15031995|  Total: 29474420 | 51%
Complete: 15326740|  Total: 29474420 | 52%
Complete: 15621485|  Total: 29474420 | 53%
Complete: 15916230|  Total: 29474420 | 54%
Complete: 16210975|  Total: 29474420 | 55%
Complete: 16505720|  Total: 29474420 | 56%
Complete: 16800465|  Total: 29474420 | 57%
Complete: 17095210|  Total: 29474420 | 58%
Complete: 17389955|  Total: 29474420 | 59%
Complete: 17684700|  Total: 29474420 | 60%
Complete: 17979445|  Total: 29474420 | 61%
Complete: 18274190|  Total: 29474420 | 62%
Complete: 18568935|  Total: 29474420 | 63%
Complete: 18863680|  Total: 29474420 | 64%
Complete: 19158425|  Total: 29474420 | 65%
Complete: 19453170|  Total: 29474420 | 66%
Complete: 19747915|  Total: 29474420 | 67%
Complete: 20042660|  Total: 29474420 | 68%
Complete: 20337405|  Total: 29474420 | 69%
Complete: 20632150|  Total: 29474420 | 70%
Complete: 20926895|  Total: 29474420 | 71%
Complete: 21221640|  Total: 29474420 | 72%
Complete: 21516385|  Total: 29474420 | 73%
Complete: 21811130|  Total: 29474420 | 74%
Complete: 22105875|  Total: 29474420 | 75%
Complete: 22400620|  Total: 29474420 | 76%
Complete: 22695365|  Total: 29474420 | 77%
Complete: 22990110|  Total: 29474420 | 78%
Complete: 23284855|  Total: 29474420 | 79%
Complete: 23579600|  Total: 29474420 | 80%
Complete: 23874345|  Total: 29474420 | 81%
Complete: 24169090|  Total: 29474420 | 82%
Complete: 24463835|  Total: 29474420 | 83%
Complete: 24758580|  Total: 29474420 | 84%
Complete: 25053325|  Total: 29474420 | 85%
Complete: 25348070|  Total: 29474420 | 86%
Complete: 25642815|  Total: 29474420 | 87%
Complete: 25937560|  Total: 29474420 | 88%
Complete: 26232305|  Total: 29474420 | 89%
Complete: 26527050|  Total: 29474420 | 90%
Complete: 26821795|  Total: 29474420 | 91%
Complete: 27116540|  Total: 29474420 | 92%
Complete: 27411285|  Total: 29474420 | 93%
Complete: 27706030|  Total: 29474420 | 94%
Complete: 28000775|  Total: 29474420 | 95%
Complete: 28295520|  Total: 29474420 | 96%
Complete: 28590265|  Total: 29474420 | 97%
Complete: 28885010|  Total: 29474420 | 98%
Complete: 29179755|  Total: 29474420 | 99%


Writing data to file.
Done!
