30594075
jb40
cn1317

Using impact_param for the following 100 centrality bins: 
0, 0.127209, 0.178769, 0.218493, 0.251936, 0.281718, 0.309893, 0.334598, 0.357938, 0.380458, 0.401759, 0.422656, 0.443045, 0.461696, 0.480013, 0.497905, 0.516005, 0.533458, 0.55057, 0.566967, 0.583588, 0.599559, 0.615651, 0.63168, 0.647413, 0.662891, 0.678603, 0.694254, 0.709301, 0.724593, 0.739615, 0.754937, 0.769847, 0.78504, 0.800277, 0.814755, 0.829476, 0.844401, 0.859219, 0.874256, 0.889112, 0.903839, 0.91905, 0.934328, 0.949825, 0.965143, 0.98088, 0.996052, 1.01211, 1.02806, 1.04412, 1.06011, 1.07658, 1.09306, 1.11029, 1.12722, 1.14437, 1.16186, 1.17974, 1.19783, 1.21589, 1.23444, 1.25376, 1.27296, 1.29312, 1.31289, 1.33297, 1.35426, 1.37557, 1.39761, 1.41975, 1.44253, 1.4657, 1.48942, 1.51354, 1.53928, 1.56678, 1.59461, 1.6227, 1.65241, 1.68237, 1.71398, 1.74687, 1.78135, 1.8171, 1.8556, 1.89728, 1.9413, 1.98792, 2.03716, 2.09248, 2.15288, 2.21906, 2.29099, 2.37508, 2.47503, 2.59466, 2.74404, 2.94398, 3.29434, 15, 

Inputting root files from filelist...
Opened 0 files


Setting branch addressess.
Retrieving total number of entries.
nEvt = 29475615Looping through events...

Complete: 0|  Total: 29475615 | 0%
Complete: 294757|  Total: 29475615 | 1%
Complete: 589514|  Total: 29475615 | 2%
Complete: 884271|  Total: 29475615 | 3%
Complete: 1179028|  Total: 29475615 | 4%
Complete: 1473785|  Total: 29475615 | 5%
Complete: 1768542|  Total: 29475615 | 6%
Complete: 2063299|  Total: 29475615 | 7%
Complete: 2358056|  Total: 29475615 | 8%
Complete: 2652813|  Total: 29475615 | 9%
Complete: 2947570|  Total: 29475615 | 10%
Complete: 3242327|  Total: 29475615 | 11%
Complete: 3537084|  Total: 29475615 | 12%
Complete: 3831841|  Total: 29475615 | 13%
Complete: 4126598|  Total: 29475615 | 14%
Complete: 4421355|  Total: 29475615 | 15%
Complete: 4716112|  Total: 29475615 | 16%
Complete: 5010869|  Total: 29475615 | 17%
Complete: 5305626|  Total: 29475615 | 18%
Complete: 5600383|  Total: 29475615 | 19%
Complete: 5895140|  Total: 29475615 | 20%
Complete: 6189897|  Total: 29475615 | 21%
Complete: 6484654|  Total: 29475615 | 22%
Complete: 6779411|  Total: 29475615 | 23%
Complete: 7074168|  Total: 29475615 | 24%
Complete: 7368925|  Total: 29475615 | 25%
Complete: 7663682|  Total: 29475615 | 26%
Complete: 7958439|  Total: 29475615 | 27%
Complete: 8253196|  Total: 29475615 | 28%
Complete: 8547953|  Total: 29475615 | 29%
Complete: 8842710|  Total: 29475615 | 30%
Complete: 9137467|  Total: 29475615 | 31%
Complete: 9432224|  Total: 29475615 | 32%
Complete: 9726981|  Total: 29475615 | 33%
Complete: 10021738|  Total: 29475615 | 34%
Complete: 10316495|  Total: 29475615 | 35%
Complete: 10611252|  Total: 29475615 | 36%
Complete: 10906009|  Total: 29475615 | 37%
Complete: 11200766|  Total: 29475615 | 38%
Complete: 11495523|  Total: 29475615 | 39%
Complete: 11790280|  Total: 29475615 | 40%
Complete: 12085037|  Total: 29475615 | 41%
Complete: 12379794|  Total: 29475615 | 42%
Complete: 12674551|  Total: 29475615 | 43%
Complete: 12969308|  Total: 29475615 | 44%
Complete: 13264065|  Total: 29475615 | 45%
Complete: 13558822|  Total: 29475615 | 46%
Complete: 13853579|  Total: 29475615 | 47%
Complete: 14148336|  Total: 29475615 | 48%
Complete: 14443093|  Total: 29475615 | 49%
Complete: 14737850|  Total: 29475615 | 50%
Complete: 15032607|  Total: 29475615 | 51%
Complete: 15327364|  Total: 29475615 | 52%
Complete: 15622121|  Total: 29475615 | 53%
Complete: 15916878|  Total: 29475615 | 54%
Complete: 16211635|  Total: 29475615 | 55%
Complete: 16506392|  Total: 29475615 | 56%
Complete: 16801149|  Total: 29475615 | 57%
Complete: 17095906|  Total: 29475615 | 58%
Complete: 17390663|  Total: 29475615 | 59%
Complete: 17685420|  Total: 29475615 | 60%
Complete: 17980177|  Total: 29475615 | 61%
Complete: 18274934|  Total: 29475615 | 62%
Complete: 18569691|  Total: 29475615 | 63%
Complete: 18864448|  Total: 29475615 | 64%
Complete: 19159205|  Total: 29475615 | 65%
Complete: 19453962|  Total: 29475615 | 66%
Complete: 19748719|  Total: 29475615 | 67%
Complete: 20043476|  Total: 29475615 | 68%
Complete: 20338233|  Total: 29475615 | 69%
Complete: 20632990|  Total: 29475615 | 70%
Complete: 20927747|  Total: 29475615 | 71%
Complete: 21222504|  Total: 29475615 | 72%
Complete: 21517261|  Total: 29475615 | 73%
Complete: 21812018|  Total: 29475615 | 74%
Complete: 22106775|  Total: 29475615 | 75%
Complete: 22401532|  Total: 29475615 | 76%
Complete: 22696289|  Total: 29475615 | 77%
Complete: 22991046|  Total: 29475615 | 78%
Complete: 23285803|  Total: 29475615 | 79%
Complete: 23580560|  Total: 29475615 | 80%
Complete: 23875317|  Total: 29475615 | 81%
Complete: 24170074|  Total: 29475615 | 82%
Complete: 24464831|  Total: 29475615 | 83%
Complete: 24759588|  Total: 29475615 | 84%
Complete: 25054345|  Total: 29475615 | 85%
Complete: 25349102|  Total: 29475615 | 86%
Complete: 25643859|  Total: 29475615 | 87%
Complete: 25938616|  Total: 29475615 | 88%
Complete: 26233373|  Total: 29475615 | 89%
Complete: 26528130|  Total: 29475615 | 90%
Complete: 26822887|  Total: 29475615 | 91%
Complete: 27117644|  Total: 29475615 | 92%
Complete: 27412401|  Total: 29475615 | 93%
Complete: 27707158|  Total: 29475615 | 94%
Complete: 28001915|  Total: 29475615 | 95%
Complete: 28296672|  Total: 29475615 | 96%
Complete: 28591429|  Total: 29475615 | 97%
Complete: 28886186|  Total: 29475615 | 98%
Complete: 29180943|  Total: 29475615 | 99%


Writing data to file.
Done!
