30594035
jb0
cn425

Using impact_param for the following 100 centrality bins: 
0, 0.127209, 0.178769, 0.218493, 0.251936, 0.281718, 0.309893, 0.334598, 0.357938, 0.380458, 0.401759, 0.422656, 0.443045, 0.461696, 0.480013, 0.497905, 0.516005, 0.533458, 0.55057, 0.566967, 0.583588, 0.599559, 0.615651, 0.63168, 0.647413, 0.662891, 0.678603, 0.694254, 0.709301, 0.724593, 0.739615, 0.754937, 0.769847, 0.78504, 0.800277, 0.814755, 0.829476, 0.844401, 0.859219, 0.874256, 0.889112, 0.903839, 0.91905, 0.934328, 0.949825, 0.965143, 0.98088, 0.996052, 1.01211, 1.02806, 1.04412, 1.06011, 1.07658, 1.09306, 1.11029, 1.12722, 1.14437, 1.16186, 1.17974, 1.19783, 1.21589, 1.23444, 1.25376, 1.27296, 1.29312, 1.31289, 1.33297, 1.35426, 1.37557, 1.39761, 1.41975, 1.44253, 1.4657, 1.48942, 1.51354, 1.53928, 1.56678, 1.59461, 1.6227, 1.65241, 1.68237, 1.71398, 1.74687, 1.78135, 1.8171, 1.8556, 1.89728, 1.9413, 1.98792, 2.03716, 2.09248, 2.15288, 2.21906, 2.29099, 2.37508, 2.47503, 2.59466, 2.74404, 2.94398, 3.29434, 15, 

Inputting root files from filelist...
Opened 0 files


Setting branch addressess.
Retrieving total number of entries.
nEvt = 29474938Looping through events...

Complete: 0|  Total: 29474938 | 0%
Complete: 294750|  Total: 29474938 | 1%
Complete: 589500|  Total: 29474938 | 2%
Complete: 884250|  Total: 29474938 | 3%
Complete: 1179000|  Total: 29474938 | 4%
Complete: 1473750|  Total: 29474938 | 5%
Complete: 1768500|  Total: 29474938 | 6%
Complete: 2063250|  Total: 29474938 | 7%
Complete: 2358000|  Total: 29474938 | 8%
Complete: 2652750|  Total: 29474938 | 9%
Complete: 2947500|  Total: 29474938 | 10%
Complete: 3242250|  Total: 29474938 | 11%
Complete: 3537000|  Total: 29474938 | 12%
Complete: 3831750|  Total: 29474938 | 13%
Complete: 4126500|  Total: 29474938 | 14%
Complete: 4421250|  Total: 29474938 | 15%
Complete: 4716000|  Total: 29474938 | 16%
Complete: 5010750|  Total: 29474938 | 17%
Complete: 5305500|  Total: 29474938 | 18%
Complete: 5600250|  Total: 29474938 | 19%
Complete: 5895000|  Total: 29474938 | 20%
Complete: 6189750|  Total: 29474938 | 21%
Complete: 6484500|  Total: 29474938 | 22%
Complete: 6779250|  Total: 29474938 | 23%
Complete: 7074000|  Total: 29474938 | 24%
Complete: 7368750|  Total: 29474938 | 25%
Complete: 7663500|  Total: 29474938 | 26%
Complete: 7958250|  Total: 29474938 | 27%
Complete: 8253000|  Total: 29474938 | 28%
Complete: 8547750|  Total: 29474938 | 29%
Complete: 8842500|  Total: 29474938 | 30%
Complete: 9137250|  Total: 29474938 | 31%
Complete: 9432000|  Total: 29474938 | 32%
Complete: 9726750|  Total: 29474938 | 33%
Complete: 10021500|  Total: 29474938 | 34%
Complete: 10316250|  Total: 29474938 | 35%
Complete: 10611000|  Total: 29474938 | 36%
Complete: 10905750|  Total: 29474938 | 37%
Complete: 11200500|  Total: 29474938 | 38%
Complete: 11495250|  Total: 29474938 | 39%
Complete: 11790000|  Total: 29474938 | 40%
Complete: 12084750|  Total: 29474938 | 41%
Complete: 12379500|  Total: 29474938 | 42%
Complete: 12674250|  Total: 29474938 | 43%
Complete: 12969000|  Total: 29474938 | 44%
Complete: 13263750|  Total: 29474938 | 45%
Complete: 13558500|  Total: 29474938 | 46%
Complete: 13853250|  Total: 29474938 | 47%
Complete: 14148000|  Total: 29474938 | 48%
Complete: 14442750|  Total: 29474938 | 49%
Complete: 14737500|  Total: 29474938 | 50%
Complete: 15032250|  Total: 29474938 | 51%
Complete: 15327000|  Total: 29474938 | 52%
Complete: 15621750|  Total: 29474938 | 53%
Complete: 15916500|  Total: 29474938 | 54%
Complete: 16211250|  Total: 29474938 | 55%
Complete: 16506000|  Total: 29474938 | 56%
Complete: 16800750|  Total: 29474938 | 57%
Complete: 17095500|  Total: 29474938 | 58%
Complete: 17390250|  Total: 29474938 | 59%
Complete: 17685000|  Total: 29474938 | 60%
Complete: 17979750|  Total: 29474938 | 61%
Complete: 18274500|  Total: 29474938 | 62%
Complete: 18569250|  Total: 29474938 | 63%
Complete: 18864000|  Total: 29474938 | 64%
Complete: 19158750|  Total: 29474938 | 65%
Complete: 19453500|  Total: 29474938 | 66%
Complete: 19748250|  Total: 29474938 | 67%
Complete: 20043000|  Total: 29474938 | 68%
Complete: 20337750|  Total: 29474938 | 69%
Complete: 20632500|  Total: 29474938 | 70%
Complete: 20927250|  Total: 29474938 | 71%
Complete: 21222000|  Total: 29474938 | 72%
Complete: 21516750|  Total: 29474938 | 73%
Complete: 21811500|  Total: 29474938 | 74%
Complete: 22106250|  Total: 29474938 | 75%
Complete: 22401000|  Total: 29474938 | 76%
Complete: 22695750|  Total: 29474938 | 77%
Complete: 22990500|  Total: 29474938 | 78%
Complete: 23285250|  Total: 29474938 | 79%
Complete: 23580000|  Total: 29474938 | 80%
Complete: 23874750|  Total: 29474938 | 81%
Complete: 24169500|  Total: 29474938 | 82%
Complete: 24464250|  Total: 29474938 | 83%
Complete: 24759000|  Total: 29474938 | 84%
Complete: 25053750|  Total: 29474938 | 85%
Complete: 25348500|  Total: 29474938 | 86%
Complete: 25643250|  Total: 29474938 | 87%
Complete: 25938000|  Total: 29474938 | 88%
Complete: 26232750|  Total: 29474938 | 89%
Complete: 26527500|  Total: 29474938 | 90%
Complete: 26822250|  Total: 29474938 | 91%
Complete: 27117000|  Total: 29474938 | 92%
Complete: 27411750|  Total: 29474938 | 93%
Complete: 27706500|  Total: 29474938 | 94%
Complete: 28001250|  Total: 29474938 | 95%
Complete: 28296000|  Total: 29474938 | 96%
Complete: 28590750|  Total: 29474938 | 97%
Complete: 28885500|  Total: 29474938 | 98%
Complete: 29180250|  Total: 29474938 | 99%


Writing data to file.
Done!
