30297623
ba5jb91
cn324
Error in <TGClient::TGClient>: can't open display "localhost:14.0", switching to batch mode...
 In case you run from a remote ssh session, reconnect with ssh -Y

 *------------------------------------------------------------------------------------* 
 |                                                                                    | 
 |  *------------------------------------------------------------------------------*  | 
 |  |                                                                              |  | 
 |  |                                                                              |  | 
 |  |   PPP   Y   Y  TTTTT  H   H  III    A      Welcome to the Lund Monte Carlo!  |  | 
 |  |   P  P   Y Y     T    H   H   I    A A     This is PYTHIA version 8.305      |  | 
 |  |   PPP     Y      T    HHHHH   I   AAAAA    Last date of change:  3 May 2021  |  | 
 |  |   P       Y      T    H   H   I   A   A                                      |  | 
 |  |   P       Y      T    H   H  III  A   A    Now is 20 Jul 2021 at 18:26:04    |  | 
 |  |                                                                              |  | 
 |  |   Christian Bierlich;  Department of Astronomy and Theoretical Physics,      |  | 
 |  |      Lund University, Solvegatan 14A, SE-223 62 Lund, Sweden;                |  | 
 |  |      e-mail: christian.bierlich@thep.lu.se                                   |  | 
 |  |   Nishita Desai;  Department of Theoretical Physics, Tata Institute,         |  | 
 |  |      Homi Bhabha Road, Mumbai 400005, India;                                 |  | 
 |  |      e-mail: desai@theory.tifr.res.in                                        |  | 
 |  |   Leif Gellersen;  Department of Astronomy and Theoretical Physics,          |  | 
 |  |      Lund University, Solvegatan 14A, SE-223 62 Lund, Sweden;                |  | 
 |  |      e-mail: leif.gellersen@thep.lu.se                                       |  | 
 |  |   Ilkka Helenius;  Department of Physics, University of Jyvaskyla,           |  | 
 |  |      P.O. Box 35, FI-40014 University of Jyvaskyla, Finland;                 |  | 
 |  |      e-mail: ilkka.m.helenius@jyu.fi                                         |  | 
 |  |   Philip Ilten;  Department of Physics,                                      |  | 
 |  |      University of Cincinnati, Cincinnati, OH 45221, USA;                    |  | 
 |  |      e-mail: philten@cern.ch                                                 |  | 
 |  |   Leif Lonnblad;  Department of Astronomy and Theoretical Physics,           |  | 
 |  |      Lund University, Solvegatan 14A, SE-223 62 Lund, Sweden;                |  | 
 |  |      e-mail: leif.lonnblad@thep.lu.se                                        |  | 
 |  |   Stephen Mrenna;  Computing Division, Simulations Group,                    |  | 
 |  |      Fermi National Accelerator Laboratory, MS 234, Batavia, IL 60510, USA;  |  | 
 |  |      e-mail: mrenna@fnal.gov                                                 |  | 
 |  |   Stefan Prestel;  Department of Astronomy and Theoretical Physics,          |  | 
 |  |      Lund University, Solvegatan 14A, SE-223 62 Lund, Sweden;                |  | 
 |  |      e-mail: stefan.prestel@thep.lu.se                                       |  | 
 |  |   Christian Preuss;  School of Physics and Astronomy,                        |  | 
 |  |      Monash University, PO Box 27, 3800 Melbourne, Australia;                |  | 
 |  |      e-mail: christian.preuss@monash.edu                                     |  | 
 |  |   Torbjorn Sjostrand;  Department of Astronomy and Theoretical Physics,      |  | 
 |  |      Lund University, Solvegatan 14A, SE-223 62 Lund, Sweden;                |  | 
 |  |      e-mail: torbjorn@thep.lu.se                                             |  | 
 |  |   Peter Skands;  School of Physics and Astronomy,                            |  | 
 |  |      Monash University, PO Box 27, 3800 Melbourne, Australia;                |  | 
 |  |      e-mail: peter.skands@monash.edu                                         |  | 
 |  |   Marius Utheim;  Department of Astronomy and Theoretical Physics,           |  | 
 |  |      Lund University, Solvegatan 14A, SE-223 62 Lund, Sweden;                |  | 
 |  |      e-mail: marius.utheim@thep.lu.se                                        |  | 
 |  |   Rob Verheyen;  Department of Physics and Astronomy,                        |  | 
 |  |      University College London, Gower St, Bloomsbury, London WC1E 6BT, UK;   |  | 
 |  |      e-mail: r.verheyen@ucl.ac.uk                                            |  | 
 |  |                                                                              |  | 
 |  |   The main program reference is 'An Introduction to PYTHIA 8.2',             |  | 
 |  |   T. Sjostrand et al, Comput. Phys. Commun. 191 (2015) 159                   |  | 
 |  |   [arXiv:1410.3012 [hep-ph]]                                                 |  | 
 |  |                                                                              |  | 
 |  |   The main physics reference is the 'PYTHIA 6.4 Physics and Manual',         |  | 
 |  |   T. Sjostrand, S. Mrenna and P. Skands, JHEP05 (2006) 026 [hep-ph/0603175]  |  | 
 |  |                                                                              |  | 
 |  |   An archive of program versions and documentation is found on the web:      |  | 
 |  |   http://www.thep.lu.se/Pythia                                               |  | 
 |  |                                                                              |  | 
 |  |   This program is released under the GNU General Public Licence version 2.   |  | 
 |  |   Please respect the MCnet Guidelines for Event Generator Authors and Users. |  | 
 |  |                                                                              |  | 
 |  |   Disclaimer: this program comes without any guarantees.                     |  | 
 |  |   Beware of errors and use common sense when interpreting results.           |  | 
 |  |                                                                              |  | 
 |  |   Copyright (C) 2021 Torbjorn Sjostrand                                      |  | 
 |  |                                                                              |  | 
 |  |                                                                              |  | 
 |  *------------------------------------------------------------------------------*  | 
 |                                                                                    | 
 *------------------------------------------------------------------------------------* 

------------------------------------------
Batch Number: 5
Job Num: 91
Random:seed = 5000092
------------------------------------------
 *------ HeavyIon fitting of SubCollisionModel to cross sections ------* 
 |                    Total:    86.02 mb      (+-  2%)                 | 
 |          non-diffractive:    47.72 mb      (+-  2%)                 | 
 |           XX diffractive:     7.73 mb      (+- 10%)                 | 
 |       wounded target (B):    61.52 mb      (+-  5%)                 | 
 |   wounded projectile (A):    61.52 mb      (+-  5%)                 | 
 |          AXB diffractive:     0.00 mb      not used                 | 
 |                  elastic:    18.44 mb      (+- 10%)                 | 
 |          elastic b-slope:    20.85 GeV^-2  not used                 | 
 |                                                                     | 
 |   Using a genetic algorithm                                         | 
 |               Generation    best Chi2/Ndf                           | 
 |                        0:     0.44                                  | 
 |                        1:     0.37                                  | 
 |                        2:     0.09                                  | 
 |                        3:     0.07                                  | 
 |                        4:     0.07                                  | 
 |                        5:     0.03                                  | 
 |                        6:     0.03                                  | 
 |                        7:     0.04                                  | 
 |                        8:     0.03                                  | 
 |                        9:     0.03                                  | 
 |                       10:     0.02                                  | 
 |                       11:     0.03                                  | 
 |                       12:     0.02                                  | 
 |                       13:     0.02                                  | 
 |                       14:     0.03                                  | 
 |                       15:     0.02                                  | 
 |                       16:     0.02                                  | 
 |                       17:     0.02                                  | 
 |                       18:     0.02                                  | 
 |                       19:     0.02                                  | 
 |                                                                     | 
 |     Resulting cross sections (target value)                         | 
 |                    Total:    85.75 *( 86.02) mb                     | 
 |          non-diffractive:    47.66 *( 47.72) mb                     | 
 |           XX diffractive:     7.90 *(  7.73) mb                     | 
 |       wounded target (B):    61.34 *( 61.52) mb                     | 
 |   wounded projectile (A):    61.33 *( 61.52) mb                     | 
 |          AXB diffractive:     0.00  (  0.00) mb                     | 
 |                  elastic:    18.64 *( 18.44) mb                     | 
 |          elastic b-slope:    24.50  ( 20.85) GeV^-2                 | 
 |                 Chi2/Ndf:     0.03                                  | 
 |                                                                     | 
 |     Resulting parameters:                                           | 
 |                        0:    13.91                                  | 
 |                        1:     1.78                                  | 
 |                        2:     0.22                                  | 
 |                                                                     | 
 |     Resulting non-diffractive average impact parameter:             | 
 |                      <b>:     1.21 +- 0.01 fm                       | 
 |                                                                     | 
 *--- End HeavyIon fitting of parameters in nucleon collision model ---* 

HeavyIon Info: To avoid refitting, use the following settings for next run:
  HeavyIon:SigFitNGen = 0
  HeavyIon:SigFitDefPar = 13.91,1.78,0.22,0.0,0.0,0.0,0.0,0.0
 HeavyIon Info: Initializing impact parameter generator with width 14.47 fm.
 Angantyr Info: Initializing signal process (pp).

 *-------  PYTHIA Process Initialization  --------------------------*
 |                                                                  |
 | We collide p+ with p+ at a CM energy of 5.020e+03 GeV            |
 |                                                                  |
 |------------------------------------------------------------------|
 |                                                    |             |
 | Subprocess                                    Code |   Estimated |
 |                                                    |    max (mb) |
 |                                                    |             |
 |------------------------------------------------------------------|
 |                                                    |             |
 | g g -> g g                                     111 |   9.234e+00 |
 | g g -> q qbar (uds)                            112 |   1.194e-01 |
 | q g -> q g                                     113 |   5.965e+00 |
 | q q(bar)' -> q q(bar)'                         114 |   5.924e-01 |
 | q qbar -> g g                                  115 |   4.827e-03 |
 | q qbar -> q' qbar' (uds)                       116 |   2.021e-03 |
 | g g -> c cbar                                  121 |   3.809e-02 |
 | q qbar -> c cbar                               122 |   6.578e-04 |
 | g g -> b bbar                                  123 |   2.721e-02 |
 | q qbar -> b bbar                               124 |   5.399e-04 |
 |                                                                  |
 *-------  End PYTHIA Process Initialization -----------------------*

 *-------  PYTHIA Multiparton Interactions Initialization  ---------* 
 |                                                                  | 
 |                   sigmaNonDiffractive =    47.72 mb              | 
 |                                                                  | 
 |    pT0 =  2.12 gives sigmaInteraction =   211.12 mb: accepted    | 
 |                                                                  | 
 *-------  End PYTHIA Multiparton Interactions Initialization  -----* 

 *-------  PYTHIA Flag + Mode + Parm + Word + FVec + MVec + PVec + WVec Settings (changes only)  ------------------* 
 |                                                                                                                 | 
 | Name                                          |                      Now |      Default         Min         Max | 
 |                                               |                          |                                      | 
 | Beams:eA                                      |                 2510.000 |     7000.000         0.0             | 
 | Beams:eB                                      |                 2510.000 |     7000.000         0.0             | 
 | Beams:eCM                                     |                 5020.000 |    14000.000         0.0             | 
 | Beams:frameType                               |                        2 |            1           1           5 | 
 | HadronLevel:all                               |                      off |           on                         | 
 | HardQCD:all                                   |                       on |          off                         | 
 | Next:numberCount                              |                        0 |         1000           0             | 
 | Next:numberShowEvent                          |                        0 |            1           0             | 
 | Next:numberShowInfo                           |                        0 |            1           0             | 
 | Next:numberShowLHA                            |                        0 |            1           0             | 
 | Next:numberShowProcess                        |                        0 |            1           0             | 
 | PhaseSpace:pTHatMin                           |                 10.00000 |          0.0         0.0             | 
 | Random:seed                                   |                  5000092 |           -1               900000000 | 
 | Random:setSeed                                |                       on |          off                         | 
 |                                                                                                                 | 
 *-------  End PYTHIA Flag + Mode + Parm + Word + FVec + MVec + PVec + WVec Settings  -----------------------------* 

 --------  PYTHIA Particle Data Table (changed only)  ------------------------------------------------------------------------------
 
      id   name            antiName         spn chg col      m0        mWidth      mMin       mMax       tau0    res dec ext vis wid
             no onMode   bRatio   meMode     products 

 no particle data has been changed from its default value 

 --------  End PYTHIA Particle Data Table  -----------------------------------------------------------------------------------------

Generating a few signal events for signal process (pp) to build up statistics
 Angantyr Info: Initializing signal process (pn).

 *-------  PYTHIA Process Initialization  --------------------------*
 |                                                                  |
 | We collide p+ with n0 at a CM energy of 5.020e+03 GeV            |
 |                                                                  |
 |------------------------------------------------------------------|
 |                                                    |             |
 | Subprocess                                    Code |   Estimated |
 |                                                    |    max (mb) |
 |                                                    |             |
 |------------------------------------------------------------------|
 |                                                    |             |
 | g g -> g g                                     111 |   9.234e+00 |
 | g g -> q qbar (uds)                            112 |   1.194e-01 |
 | q g -> q g                                     113 |   5.965e+00 |
 | q q(bar)' -> q q(bar)'                         114 |   5.888e-01 |
 | q qbar -> g g                                  115 |   4.840e-03 |
 | q qbar -> q' qbar' (uds)                       116 |   2.022e-03 |
 | g g -> c cbar                                  121 |   3.809e-02 |
 | q qbar -> c cbar                               122 |   6.583e-04 |
 | g g -> b bbar                                  123 |   2.721e-02 |
 | q qbar -> b bbar                               124 |   5.403e-04 |
 |                                                                  |
 *-------  End PYTHIA Process Initialization -----------------------*

 *-------  PYTHIA Multiparton Interactions Initialization  ---------* 
 |                                                                  | 
 |                   sigmaNonDiffractive =    47.73 mb              | 
 |                                                                  | 
 |    pT0 =  2.12 gives sigmaInteraction =   210.86 mb: accepted    | 
 |                                                                  | 
 *-------  End PYTHIA Multiparton Interactions Initialization  -----* 

 *-------  PYTHIA Flag + Mode + Parm + Word + FVec + MVec + PVec + WVec Settings (changes only)  ------------------* 
 |                                                                                                                 | 
 | Name                                          |                      Now |      Default         Min         Max | 
 |                                               |                          |                                      | 
 | Beams:eA                                      |                 2510.000 |     7000.000         0.0             | 
 | Beams:eB                                      |                 2510.000 |     7000.000         0.0             | 
 | Beams:eCM                                     |                 5020.000 |    14000.000         0.0             | 
 | Beams:frameType                               |                        2 |            1           1           5 | 
 | Beams:idB                                     |                     2112 |         2212                         | 
 | HadronLevel:all                               |                      off |           on                         | 
 | HardQCD:all                                   |                       on |          off                         | 
 | Next:numberCount                              |                        0 |         1000           0             | 
 | Next:numberShowEvent                          |                        0 |            1           0             | 
 | Next:numberShowInfo                           |                        0 |            1           0             | 
 | Next:numberShowLHA                            |                        0 |            1           0             | 
 | Next:numberShowProcess                        |                        0 |            1           0             | 
 | PhaseSpace:pTHatMin                           |                 10.00000 |          0.0         0.0             | 
 | Random:seed                                   |                  5000092 |           -1               900000000 | 
 | Random:setSeed                                |                       on |          off                         | 
 |                                                                                                                 | 
 *-------  End PYTHIA Flag + Mode + Parm + Word + FVec + MVec + PVec + WVec Settings  -----------------------------* 

 --------  PYTHIA Particle Data Table (changed only)  ------------------------------------------------------------------------------
 
      id   name            antiName         spn chg col      m0        mWidth      mMin       mMax       tau0    res dec ext vis wid
             no onMode   bRatio   meMode     products 

 no particle data has been changed from its default value 

 --------  End PYTHIA Particle Data Table  -----------------------------------------------------------------------------------------

Generating a few signal events for signal process (pn) to build up statistics
 Angantyr Info: Initializing signal process (np).

 *-------  PYTHIA Process Initialization  --------------------------*
 |                                                                  |
 | We collide n0 with p+ at a CM energy of 5.020e+03 GeV            |
 |                                                                  |
 |------------------------------------------------------------------|
 |                                                    |             |
 | Subprocess                                    Code |   Estimated |
 |                                                    |    max (mb) |
 |                                                    |             |
 |------------------------------------------------------------------|
 |                                                    |             |
 | g g -> g g                                     111 |   9.234e+00 |
 | g g -> q qbar (uds)                            112 |   1.194e-01 |
 | q g -> q g                                     113 |   5.965e+00 |
 | q q(bar)' -> q q(bar)'                         114 |   5.888e-01 |
 | q qbar -> g g                                  115 |   4.840e-03 |
 | q qbar -> q' qbar' (uds)                       116 |   2.022e-03 |
 | g g -> c cbar                                  121 |   3.809e-02 |
 | q qbar -> c cbar                               122 |   6.583e-04 |
 | g g -> b bbar                                  123 |   2.721e-02 |
 | q qbar -> b bbar                               124 |   5.403e-04 |
 |                                                                  |
 *-------  End PYTHIA Process Initialization -----------------------*

 *-------  PYTHIA Multiparton Interactions Initialization  ---------* 
 |                                                                  | 
 |                   sigmaNonDiffractive =    47.73 mb              | 
 |                                                                  | 
 |    pT0 =  2.12 gives sigmaInteraction =   211.26 mb: accepted    | 
 |                                                                  | 
 *-------  End PYTHIA Multiparton Interactions Initialization  -----* 

 *-------  PYTHIA Flag + Mode + Parm + Word + FVec + MVec + PVec + WVec Settings (changes only)  ------------------* 
 |                                                                                                                 | 
 | Name                                          |                      Now |      Default         Min         Max | 
 |                                               |                          |                                      | 
 | Beams:eA                                      |                 2510.000 |     7000.000         0.0             | 
 | Beams:eB                                      |                 2510.000 |     7000.000         0.0             | 
 | Beams:eCM                                     |                 5020.000 |    14000.000         0.0             | 
 | Beams:frameType                               |                        2 |            1           1           5 | 
 | Beams:idA                                     |                     2112 |         2212                         | 
 | HadronLevel:all                               |                      off |           on                         | 
 | HardQCD:all                                   |                       on |          off                         | 
 | Next:numberCount                              |                        0 |         1000           0             | 
 | Next:numberShowEvent                          |                        0 |            1           0             | 
 | Next:numberShowInfo                           |                        0 |            1           0             | 
 | Next:numberShowLHA                            |                        0 |            1           0             | 
 | Next:numberShowProcess                        |                        0 |            1           0             | 
 | PhaseSpace:pTHatMin                           |                 10.00000 |          0.0         0.0             | 
 | Random:seed                                   |                  5000092 |           -1               900000000 | 
 | Random:setSeed                                |                       on |          off                         | 
 |                                                                                                                 | 
 *-------  End PYTHIA Flag + Mode + Parm + Word + FVec + MVec + PVec + WVec Settings  -----------------------------* 

 --------  PYTHIA Particle Data Table (changed only)  ------------------------------------------------------------------------------
 
      id   name            antiName         spn chg col      m0        mWidth      mMin       mMax       tau0    res dec ext vis wid
             no onMode   bRatio   meMode     products 

 no particle data has been changed from its default value 

 --------  End PYTHIA Particle Data Table  -----------------------------------------------------------------------------------------

Generating a few signal events for signal process (np) to build up statistics
 Angantyr Info: Initializing signal process (nn).

 *-------  PYTHIA Process Initialization  --------------------------*
 |                                                                  |
 | We collide n0 with n0 at a CM energy of 5.020e+03 GeV            |
 |                                                                  |
 |------------------------------------------------------------------|
 |                                                    |             |
 | Subprocess                                    Code |   Estimated |
 |                                                    |    max (mb) |
 |                                                    |             |
 |------------------------------------------------------------------|
 |                                                    |             |
 | g g -> g g                                     111 |   9.234e+00 |
 | g g -> q qbar (uds)                            112 |   1.194e-01 |
 | q g -> q g                                     113 |   5.965e+00 |
 | q q(bar)' -> q q(bar)'                         114 |   5.924e-01 |
 | q qbar -> g g                                  115 |   4.827e-03 |
 | q qbar -> q' qbar' (uds)                       116 |   2.021e-03 |
 | g g -> c cbar                                  121 |   3.809e-02 |
 | q qbar -> c cbar                               122 |   6.578e-04 |
 | g g -> b bbar                                  123 |   2.721e-02 |
 | q qbar -> b bbar                               124 |   5.399e-04 |
 |                                                                  |
 *-------  End PYTHIA Process Initialization -----------------------*

 *-------  PYTHIA Multiparton Interactions Initialization  ---------* 
 |                                                                  | 
 |                   sigmaNonDiffractive =    47.73 mb              | 
 |                                                                  | 
 |    pT0 =  2.12 gives sigmaInteraction =   211.19 mb: accepted    | 
 |                                                                  | 
 *-------  End PYTHIA Multiparton Interactions Initialization  -----* 

 *-------  PYTHIA Flag + Mode + Parm + Word + FVec + MVec + PVec + WVec Settings (changes only)  ------------------* 
 |                                                                                                                 | 
 | Name                                          |                      Now |      Default         Min         Max | 
 |                                               |                          |                                      | 
 | Beams:eA                                      |                 2510.000 |     7000.000         0.0             | 
 | Beams:eB                                      |                 2510.000 |     7000.000         0.0             | 
 | Beams:eCM                                     |                 5020.000 |    14000.000         0.0             | 
 | Beams:frameType                               |                        2 |            1           1           5 | 
 | Beams:idA                                     |                     2112 |         2212                         | 
 | Beams:idB                                     |                     2112 |         2212                         | 
 | HadronLevel:all                               |                      off |           on                         | 
 | HardQCD:all                                   |                       on |          off                         | 
 | Next:numberCount                              |                        0 |         1000           0             | 
 | Next:numberShowEvent                          |                        0 |            1           0             | 
 | Next:numberShowInfo                           |                        0 |            1           0             | 
 | Next:numberShowLHA                            |                        0 |            1           0             | 
 | Next:numberShowProcess                        |                        0 |            1           0             | 
 | PhaseSpace:pTHatMin                           |                 10.00000 |          0.0         0.0             | 
 | Random:seed                                   |                  5000092 |           -1               900000000 | 
 | Random:setSeed                                |                       on |          off                         | 
 |                                                                                                                 | 
 *-------  End PYTHIA Flag + Mode + Parm + Word + FVec + MVec + PVec + WVec Settings  -----------------------------* 

 --------  PYTHIA Particle Data Table (changed only)  ------------------------------------------------------------------------------
 
      id   name            antiName         spn chg col      m0        mWidth      mMin       mMax       tau0    res dec ext vis wid
             no onMode   bRatio   meMode     products 

 no particle data has been changed from its default value 

 --------  End PYTHIA Particle Data Table  -----------------------------------------------------------------------------------------

Generating a few signal events for signal process (nn) to build up statistics
 Angantyr Info: Initializing minimum bias processes.

 *-------  PYTHIA Process Initialization  --------------------------*
 |                                                                  |
 | We collide p+ with p+ at a CM energy of 5.020e+03 GeV            |
 |                                                                  |
 |------------------------------------------------------------------|
 |                                                    |             |
 | Subprocess                                    Code |   Estimated |
 |                                                    |    max (mb) |
 |                                                    |             |
 |------------------------------------------------------------------|
 |                                                    |             |
 | non-diffractive                                101 |   4.772e+01 |
 | A B -> A B elastic                             102 |   1.844e+01 |
 | A B -> X B single diffractive                  103 |   6.065e+00 |
 | A B -> A X single diffractive                  104 |   6.065e+00 |
 | A B -> X X double diffractive                  105 |   7.733e+00 |
 | A B -> A X B central diffractive               106 |   0.000e+00 |
 |                                                                  |
 *-------  End PYTHIA Process Initialization -----------------------*

 *-------  PYTHIA Multiparton Interactions Initialization  ---------* 
 |                                                                  | 
 |                   sigmaNonDiffractive =    47.72 mb              | 
 |                                                                  | 
 |    pT0 =  2.12 gives sigmaInteraction =   211.12 mb: accepted    | 
 |                                                                  | 
 *-------  End PYTHIA Multiparton Interactions Initialization  -----* 

 *-------  PYTHIA Multiparton Interactions Initialization  ---------* 
 |                                                                  | 
 |                          diffraction XB                          | 
 |                                                                  | 
 |   diffractive mass = 1.00e+01 GeV and sigmaNorm =    10.00 mb    | 
 |    pT0 =  0.56 gives sigmaInteraction =    25.25 mb: accepted    | 
 |   diffractive mass = 1.61e+01 GeV and sigmaNorm =    10.00 mb    | 
 |    pT0 =  0.62 gives sigmaInteraction =    24.06 mb: accepted    | 
 |   diffractive mass = 2.60e+01 GeV and sigmaNorm =    10.00 mb    | 
 |    pT0 =  0.68 gives sigmaInteraction =    22.16 mb: accepted    | 
 |   diffractive mass = 4.20e+01 GeV and sigmaNorm =    10.00 mb    | 
 |    pT0 =  0.76 gives sigmaInteraction =    20.09 mb: accepted    | 
 |   diffractive mass = 6.78e+01 GeV and sigmaNorm =    10.00 mb    | 
 |    pT0 =  0.84 gives sigmaInteraction =    18.28 mb: accepted    | 
 |   diffractive mass = 1.09e+02 GeV and sigmaNorm =    10.00 mb    | 
 |    pT0 =  0.93 gives sigmaInteraction =    17.07 mb: accepted    | 
 |   diffractive mass = 1.76e+02 GeV and sigmaNorm =    10.00 mb    | 
 |    pT0 =  1.03 gives sigmaInteraction =    16.56 mb: accepted    | 
 |   diffractive mass = 2.85e+02 GeV and sigmaNorm =    10.00 mb    | 
 |    pT0 =  1.15 gives sigmaInteraction =    17.00 mb: accepted    | 
 |   diffractive mass = 4.59e+02 GeV and sigmaNorm =    10.00 mb    | 
 |    pT0 =  1.27 gives sigmaInteraction =    18.61 mb: accepted    | 
 |   diffractive mass = 7.41e+02 GeV and sigmaNorm =    10.00 mb    | 
 |    pT0 =  1.41 gives sigmaInteraction =    21.28 mb: accepted    | 
 |   diffractive mass = 1.20e+03 GeV and sigmaNorm =    10.00 mb    | 
 |    pT0 =  1.56 gives sigmaInteraction =    25.34 mb: accepted    | 
 |   diffractive mass = 1.93e+03 GeV and sigmaNorm =    10.00 mb    | 
 |    pT0 =  1.73 gives sigmaInteraction =    30.41 mb: accepted    | 
 |   diffractive mass = 3.11e+03 GeV and sigmaNorm =    10.00 mb    | 
 |    pT0 =  1.92 gives sigmaInteraction =    36.30 mb: accepted    | 
 |   diffractive mass = 5.02e+03 GeV and sigmaNorm =    10.00 mb    | 
 |    pT0 =  2.12 gives sigmaInteraction =    43.25 mb: accepted    | 
 |                                                                  | 
 *-------  End PYTHIA Multiparton Interactions Initialization  -----* 
 PYTHIA Warning in MultipartonInteractions::init: maximum increased by factor 4.169

 *-------  PYTHIA Multiparton Interactions Initialization  ---------* 
 |                                                                  | 
 |                          diffraction AX                          | 
 |                                                                  | 
 |   diffractive mass = 1.00e+01 GeV and sigmaNorm =    10.00 mb    | 
 |    pT0 =  0.56 gives sigmaInteraction =    25.09 mb: accepted    | 
 |   diffractive mass = 1.61e+01 GeV and sigmaNorm =    10.00 mb    | 
 |    pT0 =  0.62 gives sigmaInteraction =    24.29 mb: accepted    | 
 |   diffractive mass = 2.60e+01 GeV and sigmaNorm =    10.00 mb    | 
 |    pT0 =  0.68 gives sigmaInteraction =    22.24 mb: accepted    | 
 |   diffractive mass = 4.20e+01 GeV and sigmaNorm =    10.00 mb    | 
 |    pT0 =  0.76 gives sigmaInteraction =    20.02 mb: accepted    | 
 |   diffractive mass = 6.78e+01 GeV and sigmaNorm =    10.00 mb    | 
 |    pT0 =  0.84 gives sigmaInteraction =    18.16 mb: accepted    | 
 |   diffractive mass = 1.09e+02 GeV and sigmaNorm =    10.00 mb    | 
 |    pT0 =  0.93 gives sigmaInteraction =    16.94 mb: accepted    | 
 |   diffractive mass = 1.76e+02 GeV and sigmaNorm =    10.00 mb    | 
 |    pT0 =  1.03 gives sigmaInteraction =    16.68 mb: accepted    | 
 |   diffractive mass = 2.85e+02 GeV and sigmaNorm =    10.00 mb    | 
 |    pT0 =  1.15 gives sigmaInteraction =    17.01 mb: accepted    | 
 |   diffractive mass = 4.59e+02 GeV and sigmaNorm =    10.00 mb    | 
 |    pT0 =  1.27 gives sigmaInteraction =    18.64 mb: accepted    | 
 |   diffractive mass = 7.41e+02 GeV and sigmaNorm =    10.00 mb    | 
 |    pT0 =  1.41 gives sigmaInteraction =    21.26 mb: accepted    | 
 |   diffractive mass = 1.20e+03 GeV and sigmaNorm =    10.00 mb    | 
 |    pT0 =  1.56 gives sigmaInteraction =    25.28 mb: accepted    | 
 |   diffractive mass = 1.93e+03 GeV and sigmaNorm =    10.00 mb    | 
 |    pT0 =  1.73 gives sigmaInteraction =    30.18 mb: accepted    | 
 |   diffractive mass = 3.11e+03 GeV and sigmaNorm =    10.00 mb    | 
 |    pT0 =  1.92 gives sigmaInteraction =    36.12 mb: accepted    | 
 |   diffractive mass = 5.02e+03 GeV and sigmaNorm =    10.00 mb    | 
 |    pT0 =  2.12 gives sigmaInteraction =    43.89 mb: accepted    | 
 |                                                                  | 
 *-------  End PYTHIA Multiparton Interactions Initialization  -----* 

 *-------  PYTHIA Multiparton Interactions Initialization  ---------* 
 |                                                                  | 
 |                          diffraction AXB                         | 
 |                                                                  | 
 |   diffractive mass = 1.00e+01 GeV and sigmaNorm =    10.00 mb    | 
 |    pT0 =  0.56 gives sigmaInteraction =     5.89 mb: rejected    | 
 |    pT0 =  0.50 gives sigmaInteraction =     8.75 mb: rejected    | 
 |    pT0 =  0.45 gives sigmaInteraction =    13.21 mb: accepted    | 
 |   diffractive mass = 1.61e+01 GeV and sigmaNorm =    10.00 mb    | 
 |    pT0 =  0.62 gives sigmaInteraction =     4.81 mb: rejected    | 
 |    pT0 =  0.56 gives sigmaInteraction =     6.97 mb: rejected    | 
 |    pT0 =  0.50 gives sigmaInteraction =    10.25 mb: rejected    | 
 |    pT0 =  0.45 gives sigmaInteraction =    15.14 mb: accepted    | 
 |   diffractive mass = 2.60e+01 GeV and sigmaNorm =    10.00 mb    | 
 |    pT0 =  0.68 gives sigmaInteraction =     3.82 mb: rejected    | 
 |    pT0 =  0.62 gives sigmaInteraction =     5.49 mb: rejected    | 
 |    pT0 =  0.55 gives sigmaInteraction =     7.87 mb: rejected    | 
 |    pT0 =  0.50 gives sigmaInteraction =    11.41 mb: accepted    | 
 |   diffractive mass = 4.20e+01 GeV and sigmaNorm =    10.00 mb    | 
 |    pT0 =  0.76 gives sigmaInteraction =     3.16 mb: rejected    | 
 |    pT0 =  0.68 gives sigmaInteraction =     4.40 mb: rejected    | 
 |    pT0 =  0.61 gives sigmaInteraction =     6.09 mb: rejected    | 
 |    pT0 =  0.55 gives sigmaInteraction =     8.67 mb: rejected    | 
 |    pT0 =  0.50 gives sigmaInteraction =    12.29 mb: accepted    | 
 |   diffractive mass = 6.78e+01 GeV and sigmaNorm =    10.00 mb    | 
 |    pT0 =  0.84 gives sigmaInteraction =     2.72 mb: rejected    | 
 |    pT0 =  0.76 gives sigmaInteraction =     3.64 mb: rejected    | 
 |    pT0 =  0.68 gives sigmaInteraction =     4.96 mb: rejected    | 
 |    pT0 =  0.61 gives sigmaInteraction =     6.79 mb: rejected    | 
 |    pT0 =  0.55 gives sigmaInteraction =     9.31 mb: rejected    | 
 |    pT0 =  0.50 gives sigmaInteraction =    13.32 mb: accepted    | 
 |   diffractive mass = 1.09e+02 GeV and sigmaNorm =    10.00 mb    | 
 |    pT0 =  0.93 gives sigmaInteraction =     2.52 mb: rejected    | 
 |    pT0 =  0.84 gives sigmaInteraction =     3.24 mb: rejected    | 
 |    pT0 =  0.76 gives sigmaInteraction =     4.22 mb: rejected    | 
 |    pT0 =  0.68 gives sigmaInteraction =     5.64 mb: rejected    | 
 |    pT0 =  0.61 gives sigmaInteraction =     7.50 mb: rejected    | 
 |    pT0 =  0.55 gives sigmaInteraction =    10.28 mb: rejected    | 
 |    pT0 =  0.50 gives sigmaInteraction =    14.01 mb: accepted    | 
 |   diffractive mass = 1.76e+02 GeV and sigmaNorm =    10.00 mb    | 
 |    pT0 =  1.03 gives sigmaInteraction =     2.55 mb: rejected    | 
 |    pT0 =  0.93 gives sigmaInteraction =     3.16 mb: rejected    | 
 |    pT0 =  0.84 gives sigmaInteraction =     3.94 mb: rejected    | 
 |    pT0 =  0.75 gives sigmaInteraction =     5.00 mb: rejected    | 
 |    pT0 =  0.68 gives sigmaInteraction =     6.43 mb: rejected    | 
 |    pT0 =  0.61 gives sigmaInteraction =     8.44 mb: rejected    | 
 |    pT0 =  0.55 gives sigmaInteraction =    11.16 mb: accepted    | 
 |   diffractive mass = 2.85e+02 GeV and sigmaNorm =    10.00 mb    | 
 |    pT0 =  1.15 gives sigmaInteraction =     2.75 mb: rejected    | 
 |    pT0 =  1.03 gives sigmaInteraction =     3.33 mb: rejected    | 
 |    pT0 =  0.93 gives sigmaInteraction =     4.03 mb: rejected    | 
 |    pT0 =  0.83 gives sigmaInteraction =     4.88 mb: rejected    | 
 |    pT0 =  0.75 gives sigmaInteraction =     6.01 mb: rejected    | 
 |    pT0 =  0.68 gives sigmaInteraction =     7.50 mb: rejected    | 
 |    pT0 =  0.61 gives sigmaInteraction =     9.64 mb: rejected    | 
 |    pT0 =  0.55 gives sigmaInteraction =    12.46 mb: accepted    | 
 |   diffractive mass = 4.59e+02 GeV and sigmaNorm =    10.00 mb    | 
 |    pT0 =  1.27 gives sigmaInteraction =     3.08 mb: rejected    | 
 |    pT0 =  1.14 gives sigmaInteraction =     3.66 mb: rejected    | 
 |    pT0 =  1.03 gives sigmaInteraction =     4.32 mb: rejected    | 
 |    pT0 =  0.93 gives sigmaInteraction =     5.14 mb: rejected    | 
 |    pT0 =  0.83 gives sigmaInteraction =     6.09 mb: rejected    | 
 |    pT0 =  0.75 gives sigmaInteraction =     7.28 mb: rejected    | 
 |    pT0 =  0.67 gives sigmaInteraction =     8.82 mb: rejected    | 
 |    pT0 =  0.61 gives sigmaInteraction =    11.05 mb: accepted    | 
 |   diffractive mass = 7.41e+02 GeV and sigmaNorm =    10.00 mb    | 
 |    pT0 =  1.41 gives sigmaInteraction =     3.53 mb: rejected    | 
 |    pT0 =  1.27 gives sigmaInteraction =     4.14 mb: rejected    | 
 |    pT0 =  1.14 gives sigmaInteraction =     4.85 mb: rejected    | 
 |    pT0 =  1.03 gives sigmaInteraction =     5.60 mb: rejected    | 
 |    pT0 =  0.92 gives sigmaInteraction =     6.50 mb: rejected    | 
 |    pT0 =  0.83 gives sigmaInteraction =     7.60 mb: rejected    | 
 |    pT0 =  0.75 gives sigmaInteraction =     8.91 mb: rejected    | 
 |    pT0 =  0.67 gives sigmaInteraction =    10.70 mb: rejected    | 
 |    pT0 =  0.61 gives sigmaInteraction =    12.89 mb: accepted    | 
 |   diffractive mass = 1.20e+03 GeV and sigmaNorm =    10.00 mb    | 
 |    pT0 =  1.56 gives sigmaInteraction =     4.06 mb: rejected    | 
 |    pT0 =  1.40 gives sigmaInteraction =     4.74 mb: rejected    | 
 |    pT0 =  1.26 gives sigmaInteraction =     5.51 mb: rejected    | 
 |    pT0 =  1.14 gives sigmaInteraction =     6.34 mb: rejected    | 
 |    pT0 =  1.02 gives sigmaInteraction =     7.28 mb: rejected    | 
 |    pT0 =  0.92 gives sigmaInteraction =     8.30 mb: rejected    | 
 |    pT0 =  0.83 gives sigmaInteraction =     9.58 mb: rejected    | 
 |    pT0 =  0.75 gives sigmaInteraction =    10.99 mb: rejected    | 
 |    pT0 =  0.67 gives sigmaInteraction =    12.81 mb: accepted    | 
 |   diffractive mass = 1.93e+03 GeV and sigmaNorm =    10.00 mb    | 
 |    pT0 =  1.73 gives sigmaInteraction =     4.69 mb: rejected    | 
 |    pT0 =  1.56 gives sigmaInteraction =     5.46 mb: rejected    | 
 |    pT0 =  1.40 gives sigmaInteraction =     6.25 mb: rejected    | 
 |    pT0 =  1.26 gives sigmaInteraction =     7.25 mb: rejected    | 
 |    pT0 =  1.13 gives sigmaInteraction =     8.20 mb: rejected    | 
 |    pT0 =  1.02 gives sigmaInteraction =     9.36 mb: rejected    | 
 |    pT0 =  0.92 gives sigmaInteraction =    10.48 mb: rejected    | 
 |    pT0 =  0.83 gives sigmaInteraction =    12.03 mb: accepted    | 
 |   diffractive mass = 3.11e+03 GeV and sigmaNorm =    10.00 mb    | 
 |    pT0 =  1.92 gives sigmaInteraction =     5.29 mb: rejected    | 
 |    pT0 =  1.72 gives sigmaInteraction =     6.18 mb: rejected    | 
 |    pT0 =  1.55 gives sigmaInteraction =     7.17 mb: rejected    | 
 |    pT0 =  1.40 gives sigmaInteraction =     8.25 mb: rejected    | 
 |    pT0 =  1.26 gives sigmaInteraction =     9.40 mb: rejected    | 
 |    pT0 =  1.13 gives sigmaInteraction =    10.57 mb: rejected    | 
 |    pT0 =  1.02 gives sigmaInteraction =    11.92 mb: accepted    | 
 |   diffractive mass = 5.02e+03 GeV and sigmaNorm =    10.00 mb    | 
 |    pT0 =  2.12 gives sigmaInteraction =     5.98 mb: rejected    | 
 |    pT0 =  1.91 gives sigmaInteraction =     7.05 mb: rejected    | 
 |    pT0 =  1.72 gives sigmaInteraction =     8.05 mb: rejected    | 
 |    pT0 =  1.55 gives sigmaInteraction =     9.29 mb: rejected    | 
 |    pT0 =  1.39 gives sigmaInteraction =    10.46 mb: rejected    | 
 |    pT0 =  1.25 gives sigmaInteraction =    11.96 mb: accepted    | 
 |                                                                  | 
 *-------  End PYTHIA Multiparton Interactions Initialization  -----* 

 *-------  PYTHIA Flag + Mode + Parm + Word + FVec + MVec + PVec + WVec Settings (changes only)  ------------------* 
 |                                                                                                                 | 
 | Name                                          |                      Now |      Default         Min         Max | 
 |                                               |                          |                                      | 
 | Beams:eA                                      |                 2510.000 |     7000.000         0.0             | 
 | Beams:eB                                      |                 2510.000 |     7000.000         0.0             | 
 | Beams:eCM                                     |                 5020.000 |    14000.000         0.0             | 
 | Beams:frameType                               |                        2 |            1           1           5 | 
 | HadronLevel:all                               |                      off |           on                         | 
 | Next:numberCount                              |                        0 |         1000           0             | 
 | Next:numberShowEvent                          |                        0 |            1           0             | 
 | Next:numberShowInfo                           |                        0 |            1           0             | 
 | Next:numberShowLHA                            |                        0 |            1           0             | 
 | Next:numberShowProcess                        |                        0 |            1           0             | 
 | Random:seed                                   |                  5000092 |           -1               900000000 | 
 | Random:setSeed                                |                       on |          off                         | 
 | SoftQCD:all                                   |                       on |          off                         | 
 | Tune:ee                                       |                        0 |            7          -1           7 | 
 | Tune:pp                                       |                        0 |           14          -1          34 | 
 |                                                                                                                 | 
 *-------  End PYTHIA Flag + Mode + Parm + Word + FVec + MVec + PVec + WVec Settings  -----------------------------* 

 --------  PYTHIA Particle Data Table (changed only)  ------------------------------------------------------------------------------
 
      id   name            antiName         spn chg col      m0        mWidth      mMin       mMax       tau0    res dec ext vis wid
             no onMode   bRatio   meMode     products 

 no particle data has been changed from its default value 

 --------  End PYTHIA Particle Data Table  -----------------------------------------------------------------------------------------

 Angantyr Info: Initializing secondary absorptive processes as single diffraction..

 *-------  PYTHIA Process Initialization  --------------------------*
 |                                                                  |
 | We collide p+ with p+ at a CM energy of 5.020e+03 GeV            |
 |                                                                  |
 |------------------------------------------------------------------|
 |                                                    |             |
 | Subprocess                                    Code |   Estimated |
 |                                                    |    max (mb) |
 |                                                    |             |
 |------------------------------------------------------------------|
 |                                                    |             |
 | A B -> X B single diffractive                  103 |   6.065e+00 |
 | A B -> A X single diffractive                  104 |   6.065e+00 |
 |                                                                  |
 *-------  End PYTHIA Process Initialization -----------------------*

 *-------  PYTHIA Multiparton Interactions Initialization  ---------* 
 |                                                                  | 
 |                   sigmaNonDiffractive =    47.72 mb              | 
 |                                                                  | 
 |    pT0 =  2.12 gives sigmaInteraction =   211.07 mb: accepted    | 
 |                                                                  | 
 *-------  End PYTHIA Multiparton Interactions Initialization  -----* 

 *-------  PYTHIA Multiparton Interactions Initialization  ---------* 
 |                                                                  | 
 |                          diffraction XB                          | 
 |                                                                  | 
 |   diffractive mass = 1.00e+01 GeV and sigmaNorm =    47.72 mb    | 
 |    pT0 =  2.12 gives sigmaInteraction =    15.83 mb: rejected    | 
 |    pT0 =  1.91 gives sigmaInteraction =    24.83 mb: rejected    | 
 |    pT0 =  1.72 gives sigmaInteraction =    38.95 mb: rejected    | 
 |    pT0 =  1.55 gives sigmaInteraction =    61.00 mb: accepted    | 
 |   diffractive mass = 1.61e+01 GeV and sigmaNorm =    47.72 mb    | 
 |    pT0 =  2.12 gives sigmaInteraction =    21.21 mb: rejected    | 
 |    pT0 =  1.91 gives sigmaInteraction =    32.31 mb: rejected    | 
 |    pT0 =  1.72 gives sigmaInteraction =    49.34 mb: rejected    | 
 |    pT0 =  1.55 gives sigmaInteraction =    75.52 mb: accepted    | 
 |   diffractive mass = 2.60e+01 GeV and sigmaNorm =    47.72 mb    | 
 |    pT0 =  2.12 gives sigmaInteraction =    27.79 mb: rejected    | 
 |    pT0 =  1.91 gives sigmaInteraction =    41.05 mb: rejected    | 
 |    pT0 =  1.72 gives sigmaInteraction =    60.87 mb: accepted    | 
 |   diffractive mass = 4.20e+01 GeV and sigmaNorm =    47.72 mb    | 
 |    pT0 =  2.12 gives sigmaInteraction =    37.04 mb: rejected    | 
 |    pT0 =  1.91 gives sigmaInteraction =    52.94 mb: accepted    | 
 |   diffractive mass = 6.78e+01 GeV and sigmaNorm =    47.72 mb    | 
 |    pT0 =  2.12 gives sigmaInteraction =    49.15 mb: rejected    | 
 |    pT0 =  1.91 gives sigmaInteraction =    68.31 mb: accepted    | 
 |   diffractive mass = 1.09e+02 GeV and sigmaNorm =    47.72 mb    | 
 |    pT0 =  2.12 gives sigmaInteraction =    65.15 mb: accepted    | 
 |   diffractive mass = 1.76e+02 GeV and sigmaNorm =    47.72 mb    | 
 |    pT0 =  2.12 gives sigmaInteraction =    83.24 mb: accepted    | 
 |   diffractive mass = 2.85e+02 GeV and sigmaNorm =    47.72 mb    | 
 |    pT0 =  2.12 gives sigmaInteraction =   103.53 mb: accepted    | 
 |   diffractive mass = 4.59e+02 GeV and sigmaNorm =    47.72 mb    | 
 |    pT0 =  2.12 gives sigmaInteraction =   125.94 mb: accepted    | 
 |   diffractive mass = 7.41e+02 GeV and sigmaNorm =    47.72 mb    | 
 |    pT0 =  2.12 gives sigmaInteraction =   146.68 mb: accepted    | 
 |   diffractive mass = 1.20e+03 GeV and sigmaNorm =    47.72 mb    | 
 |    pT0 =  2.12 gives sigmaInteraction =   166.06 mb: accepted    | 
 |   diffractive mass = 1.93e+03 GeV and sigmaNorm =    47.72 mb    | 
 |    pT0 =  2.12 gives sigmaInteraction =   181.65 mb: accepted    | 
 |   diffractive mass = 3.11e+03 GeV and sigmaNorm =    47.72 mb    | 
 |    pT0 =  2.12 gives sigmaInteraction =   190.38 mb: accepted    | 
 |   diffractive mass = 5.02e+03 GeV and sigmaNorm =    47.72 mb    | 
 |    pT0 =  2.12 gives sigmaInteraction =   194.04 mb: accepted    | 
 |                                                                  | 
 *-------  End PYTHIA Multiparton Interactions Initialization  -----* 
 PYTHIA Warning in MultipartonInteractions::init: maximum increased by factor 2.411

 *-------  PYTHIA Multiparton Interactions Initialization  ---------* 
 |                                                                  | 
 |                          diffraction AX                          | 
 |                                                                  | 
 |   diffractive mass = 1.00e+01 GeV and sigmaNorm =    47.72 mb    | 
 |    pT0 =  2.12 gives sigmaInteraction =    15.83 mb: rejected    | 
 |    pT0 =  1.91 gives sigmaInteraction =    24.89 mb: rejected    | 
 |    pT0 =  1.72 gives sigmaInteraction =    39.11 mb: rejected    | 
 |    pT0 =  1.55 gives sigmaInteraction =    61.21 mb: accepted    | 
 |   diffractive mass = 1.61e+01 GeV and sigmaNorm =    47.72 mb    | 
 |    pT0 =  2.12 gives sigmaInteraction =    20.96 mb: rejected    | 
 |    pT0 =  1.91 gives sigmaInteraction =    32.05 mb: rejected    | 
 |    pT0 =  1.72 gives sigmaInteraction =    49.55 mb: rejected    | 
 |    pT0 =  1.55 gives sigmaInteraction =    75.94 mb: accepted    | 
 |   diffractive mass = 2.60e+01 GeV and sigmaNorm =    47.72 mb    | 
 |    pT0 =  2.12 gives sigmaInteraction =    27.72 mb: rejected    | 
 |    pT0 =  1.91 gives sigmaInteraction =    40.80 mb: rejected    | 
 |    pT0 =  1.72 gives sigmaInteraction =    61.03 mb: accepted    | 
 |   diffractive mass = 4.20e+01 GeV and sigmaNorm =    47.72 mb    | 
 |    pT0 =  2.12 gives sigmaInteraction =    37.07 mb: rejected    | 
 |    pT0 =  1.91 gives sigmaInteraction =    53.00 mb: accepted    | 
 |   diffractive mass = 6.78e+01 GeV and sigmaNorm =    47.72 mb    | 
 |    pT0 =  2.12 gives sigmaInteraction =    49.28 mb: rejected    | 
 |    pT0 =  1.91 gives sigmaInteraction =    68.39 mb: accepted    | 
 |   diffractive mass = 1.09e+02 GeV and sigmaNorm =    47.72 mb    | 
 |    pT0 =  2.12 gives sigmaInteraction =    64.99 mb: accepted    | 
 |   diffractive mass = 1.76e+02 GeV and sigmaNorm =    47.72 mb    | 
 |    pT0 =  2.12 gives sigmaInteraction =    83.45 mb: accepted    | 
 |   diffractive mass = 2.85e+02 GeV and sigmaNorm =    47.72 mb    | 
 |    pT0 =  2.12 gives sigmaInteraction =   103.41 mb: accepted    | 
 |   diffractive mass = 4.59e+02 GeV and sigmaNorm =    47.72 mb    | 
 |    pT0 =  2.12 gives sigmaInteraction =   124.63 mb: accepted    | 
 |   diffractive mass = 7.41e+02 GeV and sigmaNorm =    47.72 mb    | 
 |    pT0 =  2.12 gives sigmaInteraction =   146.03 mb: accepted    | 
 |   diffractive mass = 1.20e+03 GeV and sigmaNorm =    47.72 mb    | 
 |    pT0 =  2.12 gives sigmaInteraction =   166.56 mb: accepted    | 
 |   diffractive mass = 1.93e+03 GeV and sigmaNorm =    47.72 mb    | 
 |    pT0 =  2.12 gives sigmaInteraction =   181.87 mb: accepted    | 
 |   diffractive mass = 3.11e+03 GeV and sigmaNorm =    47.72 mb    | 
 |    pT0 =  2.12 gives sigmaInteraction =   189.97 mb: accepted    | 
 |   diffractive mass = 5.02e+03 GeV and sigmaNorm =    47.72 mb    | 
 |    pT0 =  2.12 gives sigmaInteraction =   193.53 mb: accepted    | 
 |                                                                  | 
 *-------  End PYTHIA Multiparton Interactions Initialization  -----* 

 *-------  PYTHIA Flag + Mode + Parm + Word + FVec + MVec + PVec + WVec Settings (changes only)  ------------------* 
 |                                                                                                                 | 
 | Name                                          |                      Now |      Default         Min         Max | 
 |                                               |                          |                                      | 
 | Beams:eA                                      |                 2510.000 |     7000.000         0.0             | 
 | Beams:eB                                      |                 2510.000 |     7000.000         0.0             | 
 | Beams:eCM                                     |                 5020.000 |    14000.000         0.0             | 
 | Beams:frameType                               |                        2 |            1           1           5 | 
 | Diffraction:mRefPomP                          |                 5020.000 |    100.00000     1.00000             | 
 | Diffraction:sigmaRefPomP                      |                 47.72340 |     10.00000     2.00000    40.00000 | 
 | HadronLevel:all                               |                      off |           on                         | 
 | MultipartonInteractions:ecmPow                |                      0.0 |      0.21500         0.0     0.50000 | 
 | MultipartonInteractions:ecmRef                |                 5020.000 |     7000.000     1.00000             | 
 | MultipartonInteractions:pT0Ref                |                  2.12271 |      2.28000     0.50000    10.00000 | 
 | Next:numberCount                              |                        0 |         1000           0             | 
 | Next:numberShowEvent                          |                        0 |            1           0             | 
 | Next:numberShowInfo                           |                        0 |            1           0             | 
 | Next:numberShowLHA                            |                        0 |            1           0             | 
 | Next:numberShowProcess                        |                        0 |            1           0             | 
 | PDF:PomSet                                    |                       11 |            6                         | 
 | Random:seed                                   |                  5000092 |           -1               900000000 | 
 | Random:setSeed                                |                       on |          off                         | 
 | SoftQCD:singleDiffractive                     |                       on |          off                         | 
 | Tune:ee                                       |                        0 |            7          -1           7 | 
 | Tune:pp                                       |                        0 |           14          -1          34 | 
 |                                                                                                                 | 
 *-------  End PYTHIA Flag + Mode + Parm + Word + FVec + MVec + PVec + WVec Settings  -----------------------------* 

 --------  PYTHIA Particle Data Table (changed only)  ------------------------------------------------------------------------------
 
      id   name            antiName         spn chg col      m0        mWidth      mMin       mMax       tau0    res dec ext vis wid
             no onMode   bRatio   meMode     products 

 no particle data has been changed from its default value 

 --------  End PYTHIA Particle Data Table  -----------------------------------------------------------------------------------------

 Angantyr Info: Initializing hadronisation processes.

 *-------  PYTHIA Flag + Mode + Parm + Word + FVec + MVec + PVec + WVec Settings (changes only)  ------------------* 
 |                                                                                                                 | 
 | Name                                          |                      Now |      Default         Min         Max | 
 |                                               |                          |                                      | 
 | Beams:eA                                      |                 2510.000 |     7000.000         0.0             | 
 | Beams:eB                                      |                 2510.000 |     7000.000         0.0             | 
 | Beams:eCM                                     |                 5020.000 |    14000.000         0.0             | 
 | Beams:frameType                               |                        2 |            1           1           5 | 
 | Beams:idA                                     |               1000822080 |         2212                         | 
 | Beams:idB                                     |               1000822080 |         2212                         | 
 | Next:numberCount                              |                        0 |         1000           0             | 
 | Next:numberShowEvent                          |                        0 |            1           0             | 
 | Next:numberShowInfo                           |                        0 |            1           0             | 
 | Next:numberShowLHA                            |                        0 |            1           0             | 
 | Next:numberShowProcess                        |                        0 |            1           0             | 
 | PartonLevel:all                               |                      off |           on                         | 
 | ProcessLevel:all                              |                      off |           on                         | 
 | Random:seed                                   |                  5000092 |           -1               900000000 | 
 | Random:setSeed                                |                       on |          off                         | 
 | Tune:ee                                       |                        0 |            7          -1           7 | 
 | Tune:pp                                       |                        0 |           14          -1          34 | 
 |                                                                                                                 | 
 *-------  End PYTHIA Flag + Mode + Parm + Word + FVec + MVec + PVec + WVec Settings  -----------------------------* 

 --------  PYTHIA Particle Data Table (changed only)  ------------------------------------------------------------------------------
 
      id   name            antiName         spn chg col      m0        mWidth      mMin       mMax       tau0    res dec ext vis wid
             no onMode   bRatio   meMode     products 

 no particle data has been changed from its default value 

 --------  End PYTHIA Particle Data Table  -----------------------------------------------------------------------------------------

 PYTHIA Error in BeamRemnants::setKinematics: kinematics construction failed  
Running event number: 0
 PYTHIA Warning in StringFragmentation::fragmentToJunction: bad convergence junction rest frame  
 PYTHIA Warning in SimpleSpaceShower::pT2nextQCD: weight above unity  
 PYTHIA Warning in SimpleSpaceShower::pT2nextQCD: weight above unity  
 PYTHIA Error in BeamRemnants::setKinematics: kinematics construction failed  
 PYTHIA Error in StringFragmentation::fragment: stuck in joining  
 PYTHIA Error in Pythia::forceHadronLevel: hadronLevel failed; try again  
 PYTHIA Error in SimpleSpaceShower::pT2nearThreshold: stuck in loop  
Running event number: 100
 PYTHIA Abort from Pythia::forceHadronLevel: hadronLevel failed; giving up  
 PYTHIA Warning in SimpleSpaceShower::pT2nextQCD: weight above unity  
 PYTHIA Warning in Pythia::check: not quite matched particle energy/momentum/mass  
 PYTHIA Warning in Pythia::check: not quite matched particle energy/momentum/mass  
Running event number: 200
 PYTHIA Warning in SimpleSpaceShower::pT2nextQCD: small daughter PDF  
Running event number: 300
 PYTHIA Warning in MultipartonInteractions::pTnext: weight above unity  
Running event number: 400
Running event number: 500
 PYTHIA Warning in Pythia::check: not quite matched particle energy/momentum/mass  
 PYTHIA Error in StringFragmentation::fragmentToJunction: caught in junction flavour loop  
Running event number: 600
Running event number: 700
Running event number: 800
Running event number: 900
Running event number: 1000
Running event number: 1100
 PYTHIA Warning in SimpleSpaceShower::pT2nextQCD: small daughter PDF  
Running event number: 1200
Running event number: 1300
Running event number: 1400
Running event number: 1500
Running event number: 1600
Running event number: 1700
Running event number: 1800
Running event number: 1900
 PYTHIA Error in SimpleSpaceShower::pT2nearThreshold: stuck in loop  
Running event number: 2000
Running event number: 2100
 PYTHIA Warning in SimpleSpaceShower::pT2nextQCD: weight above unity  
Running event number: 2200
 PYTHIA Warning in Pythia::check: energy-momentum not quite conserved  
Running event number: 2300
Running event number: 2400
Running event number: 2500
Running event number: 2600
 PYTHIA Warning in Pythia::check: not quite matched particle energy/momentum/mass  
Running event number: 2700
Running event number: 2800
Running event number: 2900
Running event number: 3000
Running event number: 3100
Running event number: 3200
 PYTHIA Warning in MultipartonInteractions::pTfirst: weight above unity  
Running event number: 3300
Running event number: 3400
Running event number: 3500
 PYTHIA Warning in MultipartonInteractions::pTnext: weight above unity  
Running event number: 3600
Running event number: 3700
 PYTHIA Warning in TauDecays::decay: maximum decay weight exceeded in tau decay  
Running event number: 3800
Running event number: 3900
Running event number: 4000
Running event number: 4100
Running event number: 4200
Running event number: 4300
 PYTHIA Error in SimpleSpaceShower::pT2nearThreshold: stuck in loop  
Running event number: 4400
Running event number: 4500
Running event number: 4600
Running event number: 4700
Running event number: 4800
Running event number: 4900
 PYTHIA Warning in Pythia::check: not quite matched particle energy/momentum/mass  
Running event number: 5000
Running event number: 5100
Running event number: 5200
 PYTHIA Error in SimpleSpaceShower::pT2nearThreshold: stuck in loop  
Running event number: 5300
Running event number: 5400
Running event number: 5500
Running event number: 5600
Running event number: 5700
Running event number: 5800
Running event number: 5900
Done!
