30594050
jb15
cn394

Using impact_param for the following 100 centrality bins: 
0, 0.127209, 0.178769, 0.218493, 0.251936, 0.281718, 0.309893, 0.334598, 0.357938, 0.380458, 0.401759, 0.422656, 0.443045, 0.461696, 0.480013, 0.497905, 0.516005, 0.533458, 0.55057, 0.566967, 0.583588, 0.599559, 0.615651, 0.63168, 0.647413, 0.662891, 0.678603, 0.694254, 0.709301, 0.724593, 0.739615, 0.754937, 0.769847, 0.78504, 0.800277, 0.814755, 0.829476, 0.844401, 0.859219, 0.874256, 0.889112, 0.903839, 0.91905, 0.934328, 0.949825, 0.965143, 0.98088, 0.996052, 1.01211, 1.02806, 1.04412, 1.06011, 1.07658, 1.09306, 1.11029, 1.12722, 1.14437, 1.16186, 1.17974, 1.19783, 1.21589, 1.23444, 1.25376, 1.27296, 1.29312, 1.31289, 1.33297, 1.35426, 1.37557, 1.39761, 1.41975, 1.44253, 1.4657, 1.48942, 1.51354, 1.53928, 1.56678, 1.59461, 1.6227, 1.65241, 1.68237, 1.71398, 1.74687, 1.78135, 1.8171, 1.8556, 1.89728, 1.9413, 1.98792, 2.03716, 2.09248, 2.15288, 2.21906, 2.29099, 2.37508, 2.47503, 2.59466, 2.74404, 2.94398, 3.29434, 15, 

Inputting root files from filelist...
Opened 0 files


Setting branch addressess.
Retrieving total number of entries.
nEvt = 29480909Looping through events...

Complete: 0|  Total: 29480909 | 0%
Complete: 294810|  Total: 29480909 | 1%
Complete: 589620|  Total: 29480909 | 2%
Complete: 884430|  Total: 29480909 | 3%
Complete: 1179240|  Total: 29480909 | 4%
Complete: 1474050|  Total: 29480909 | 5%
Complete: 1768860|  Total: 29480909 | 6%
Complete: 2063670|  Total: 29480909 | 7%
Complete: 2358480|  Total: 29480909 | 8%
Complete: 2653290|  Total: 29480909 | 9%
Complete: 2948100|  Total: 29480909 | 10%
Complete: 3242910|  Total: 29480909 | 11%
Complete: 3537720|  Total: 29480909 | 12%
Complete: 3832530|  Total: 29480909 | 13%
Complete: 4127340|  Total: 29480909 | 14%
Complete: 4422150|  Total: 29480909 | 15%
Complete: 4716960|  Total: 29480909 | 16%
Complete: 5011770|  Total: 29480909 | 17%
Complete: 5306580|  Total: 29480909 | 18%
Complete: 5601390|  Total: 29480909 | 19%
Complete: 5896200|  Total: 29480909 | 20%
Complete: 6191010|  Total: 29480909 | 21%
Complete: 6485820|  Total: 29480909 | 22%
Complete: 6780630|  Total: 29480909 | 23%
Complete: 7075440|  Total: 29480909 | 24%
Complete: 7370250|  Total: 29480909 | 25%
Complete: 7665060|  Total: 29480909 | 26%
Complete: 7959870|  Total: 29480909 | 27%
Complete: 8254680|  Total: 29480909 | 28%
Complete: 8549490|  Total: 29480909 | 29%
Complete: 8844300|  Total: 29480909 | 30%
Complete: 9139110|  Total: 29480909 | 31%
Complete: 9433920|  Total: 29480909 | 32%
Complete: 9728730|  Total: 29480909 | 33%
Complete: 10023540|  Total: 29480909 | 34%
Complete: 10318350|  Total: 29480909 | 35%
Complete: 10613160|  Total: 29480909 | 36%
Complete: 10907970|  Total: 29480909 | 37%
Complete: 11202780|  Total: 29480909 | 38%
Complete: 11497590|  Total: 29480909 | 39%
Complete: 11792400|  Total: 29480909 | 40%
Complete: 12087210|  Total: 29480909 | 41%
Complete: 12382020|  Total: 29480909 | 42%
Complete: 12676830|  Total: 29480909 | 43%
Complete: 12971640|  Total: 29480909 | 44%
Complete: 13266450|  Total: 29480909 | 45%
Complete: 13561260|  Total: 29480909 | 46%
Complete: 13856070|  Total: 29480909 | 47%
Complete: 14150880|  Total: 29480909 | 48%
Complete: 14445690|  Total: 29480909 | 49%
Complete: 14740500|  Total: 29480909 | 50%
Complete: 15035310|  Total: 29480909 | 51%
Complete: 15330120|  Total: 29480909 | 52%
Complete: 15624930|  Total: 29480909 | 53%
Complete: 15919740|  Total: 29480909 | 54%
Complete: 16214550|  Total: 29480909 | 55%
Complete: 16509360|  Total: 29480909 | 56%
Complete: 16804170|  Total: 29480909 | 57%
Complete: 17098980|  Total: 29480909 | 58%
Complete: 17393790|  Total: 29480909 | 59%
Complete: 17688600|  Total: 29480909 | 60%
Complete: 17983410|  Total: 29480909 | 61%
Complete: 18278220|  Total: 29480909 | 62%
Complete: 18573030|  Total: 29480909 | 63%
Complete: 18867840|  Total: 29480909 | 64%
Complete: 19162650|  Total: 29480909 | 65%
Complete: 19457460|  Total: 29480909 | 66%
Complete: 19752270|  Total: 29480909 | 67%
Complete: 20047080|  Total: 29480909 | 68%
Complete: 20341890|  Total: 29480909 | 69%
Complete: 20636700|  Total: 29480909 | 70%
Complete: 20931510|  Total: 29480909 | 71%
Complete: 21226320|  Total: 29480909 | 72%
Complete: 21521130|  Total: 29480909 | 73%
Complete: 21815940|  Total: 29480909 | 74%
Complete: 22110750|  Total: 29480909 | 75%
Complete: 22405560|  Total: 29480909 | 76%
Complete: 22700370|  Total: 29480909 | 77%
Complete: 22995180|  Total: 29480909 | 78%
Complete: 23289990|  Total: 29480909 | 79%
Complete: 23584800|  Total: 29480909 | 80%
Complete: 23879610|  Total: 29480909 | 81%
Complete: 24174420|  Total: 29480909 | 82%
Complete: 24469230|  Total: 29480909 | 83%
Complete: 24764040|  Total: 29480909 | 84%
Complete: 25058850|  Total: 29480909 | 85%
Complete: 25353660|  Total: 29480909 | 86%
Complete: 25648470|  Total: 29480909 | 87%
Complete: 25943280|  Total: 29480909 | 88%
Complete: 26238090|  Total: 29480909 | 89%
Complete: 26532900|  Total: 29480909 | 90%
Complete: 26827710|  Total: 29480909 | 91%
Complete: 27122520|  Total: 29480909 | 92%
Complete: 27417330|  Total: 29480909 | 93%
Complete: 27712140|  Total: 29480909 | 94%
Complete: 28006950|  Total: 29480909 | 95%
Complete: 28301760|  Total: 29480909 | 96%
Complete: 28596570|  Total: 29480909 | 97%
Complete: 28891380|  Total: 29480909 | 98%
Complete: 29186190|  Total: 29480909 | 99%


Writing data to file.
Done!
