30594036
jb1
cn416

Using impact_param for the following 100 centrality bins: 
0, 0.127209, 0.178769, 0.218493, 0.251936, 0.281718, 0.309893, 0.334598, 0.357938, 0.380458, 0.401759, 0.422656, 0.443045, 0.461696, 0.480013, 0.497905, 0.516005, 0.533458, 0.55057, 0.566967, 0.583588, 0.599559, 0.615651, 0.63168, 0.647413, 0.662891, 0.678603, 0.694254, 0.709301, 0.724593, 0.739615, 0.754937, 0.769847, 0.78504, 0.800277, 0.814755, 0.829476, 0.844401, 0.859219, 0.874256, 0.889112, 0.903839, 0.91905, 0.934328, 0.949825, 0.965143, 0.98088, 0.996052, 1.01211, 1.02806, 1.04412, 1.06011, 1.07658, 1.09306, 1.11029, 1.12722, 1.14437, 1.16186, 1.17974, 1.19783, 1.21589, 1.23444, 1.25376, 1.27296, 1.29312, 1.31289, 1.33297, 1.35426, 1.37557, 1.39761, 1.41975, 1.44253, 1.4657, 1.48942, 1.51354, 1.53928, 1.56678, 1.59461, 1.6227, 1.65241, 1.68237, 1.71398, 1.74687, 1.78135, 1.8171, 1.8556, 1.89728, 1.9413, 1.98792, 2.03716, 2.09248, 2.15288, 2.21906, 2.29099, 2.37508, 2.47503, 2.59466, 2.74404, 2.94398, 3.29434, 15, 

Inputting root files from filelist...
Opened 0 files


Setting branch addressess.
Retrieving total number of entries.
nEvt = 29479948Looping through events...

Complete: 0|  Total: 29479948 | 0%
Complete: 294800|  Total: 29479948 | 1%
Complete: 589600|  Total: 29479948 | 2%
Complete: 884400|  Total: 29479948 | 3%
Complete: 1179200|  Total: 29479948 | 4%
Complete: 1474000|  Total: 29479948 | 5%
Complete: 1768800|  Total: 29479948 | 6%
Complete: 2063600|  Total: 29479948 | 7%
Complete: 2358400|  Total: 29479948 | 8%
Complete: 2653200|  Total: 29479948 | 9%
Complete: 2948000|  Total: 29479948 | 10%
Complete: 3242800|  Total: 29479948 | 11%
Complete: 3537600|  Total: 29479948 | 12%
Complete: 3832400|  Total: 29479948 | 13%
Complete: 4127200|  Total: 29479948 | 14%
Complete: 4422000|  Total: 29479948 | 15%
Complete: 4716800|  Total: 29479948 | 16%
Complete: 5011600|  Total: 29479948 | 17%
Complete: 5306400|  Total: 29479948 | 18%
Complete: 5601200|  Total: 29479948 | 19%
Complete: 5896000|  Total: 29479948 | 20%
Complete: 6190800|  Total: 29479948 | 21%
Complete: 6485600|  Total: 29479948 | 22%
Complete: 6780400|  Total: 29479948 | 23%
Complete: 7075200|  Total: 29479948 | 24%
Complete: 7370000|  Total: 29479948 | 25%
Complete: 7664800|  Total: 29479948 | 26%
Complete: 7959600|  Total: 29479948 | 27%
Complete: 8254400|  Total: 29479948 | 28%
Complete: 8549200|  Total: 29479948 | 29%
Complete: 8844000|  Total: 29479948 | 30%
Complete: 9138800|  Total: 29479948 | 31%
Complete: 9433600|  Total: 29479948 | 32%
Complete: 9728400|  Total: 29479948 | 33%
Complete: 10023200|  Total: 29479948 | 34%
Complete: 10318000|  Total: 29479948 | 35%
Complete: 10612800|  Total: 29479948 | 36%
Complete: 10907600|  Total: 29479948 | 37%
Complete: 11202400|  Total: 29479948 | 38%
Complete: 11497200|  Total: 29479948 | 39%
Complete: 11792000|  Total: 29479948 | 40%
Complete: 12086800|  Total: 29479948 | 41%
Complete: 12381600|  Total: 29479948 | 42%
Complete: 12676400|  Total: 29479948 | 43%
Complete: 12971200|  Total: 29479948 | 44%
Complete: 13266000|  Total: 29479948 | 45%
Complete: 13560800|  Total: 29479948 | 46%
Complete: 13855600|  Total: 29479948 | 47%
Complete: 14150400|  Total: 29479948 | 48%
Complete: 14445200|  Total: 29479948 | 49%
Complete: 14740000|  Total: 29479948 | 50%
Complete: 15034800|  Total: 29479948 | 51%
Complete: 15329600|  Total: 29479948 | 52%
Complete: 15624400|  Total: 29479948 | 53%
Complete: 15919200|  Total: 29479948 | 54%
Complete: 16214000|  Total: 29479948 | 55%
Complete: 16508800|  Total: 29479948 | 56%
Complete: 16803600|  Total: 29479948 | 57%
Complete: 17098400|  Total: 29479948 | 58%
Complete: 17393200|  Total: 29479948 | 59%
Complete: 17688000|  Total: 29479948 | 60%
Complete: 17982800|  Total: 29479948 | 61%
Complete: 18277600|  Total: 29479948 | 62%
Complete: 18572400|  Total: 29479948 | 63%
Complete: 18867200|  Total: 29479948 | 64%
Complete: 19162000|  Total: 29479948 | 65%
Complete: 19456800|  Total: 29479948 | 66%
Complete: 19751600|  Total: 29479948 | 67%
Complete: 20046400|  Total: 29479948 | 68%
Complete: 20341200|  Total: 29479948 | 69%
Complete: 20636000|  Total: 29479948 | 70%
Complete: 20930800|  Total: 29479948 | 71%
Complete: 21225600|  Total: 29479948 | 72%
Complete: 21520400|  Total: 29479948 | 73%
Complete: 21815200|  Total: 29479948 | 74%
Complete: 22110000|  Total: 29479948 | 75%
Complete: 22404800|  Total: 29479948 | 76%
Complete: 22699600|  Total: 29479948 | 77%
Complete: 22994400|  Total: 29479948 | 78%
Complete: 23289200|  Total: 29479948 | 79%
Complete: 23584000|  Total: 29479948 | 80%
Complete: 23878800|  Total: 29479948 | 81%
Complete: 24173600|  Total: 29479948 | 82%
Complete: 24468400|  Total: 29479948 | 83%
Complete: 24763200|  Total: 29479948 | 84%
Complete: 25058000|  Total: 29479948 | 85%
Complete: 25352800|  Total: 29479948 | 86%
Complete: 25647600|  Total: 29479948 | 87%
Complete: 25942400|  Total: 29479948 | 88%
Complete: 26237200|  Total: 29479948 | 89%
Complete: 26532000|  Total: 29479948 | 90%
Complete: 26826800|  Total: 29479948 | 91%
Complete: 27121600|  Total: 29479948 | 92%
Complete: 27416400|  Total: 29479948 | 93%
Complete: 27711200|  Total: 29479948 | 94%
Complete: 28006000|  Total: 29479948 | 95%
Complete: 28300800|  Total: 29479948 | 96%
Complete: 28595600|  Total: 29479948 | 97%
Complete: 28890400|  Total: 29479948 | 98%
Complete: 29185200|  Total: 29479948 | 99%


Writing data to file.
Done!
