30594065
jb30
cn1276

Using impact_param for the following 100 centrality bins: 
0, 0.127209, 0.178769, 0.218493, 0.251936, 0.281718, 0.309893, 0.334598, 0.357938, 0.380458, 0.401759, 0.422656, 0.443045, 0.461696, 0.480013, 0.497905, 0.516005, 0.533458, 0.55057, 0.566967, 0.583588, 0.599559, 0.615651, 0.63168, 0.647413, 0.662891, 0.678603, 0.694254, 0.709301, 0.724593, 0.739615, 0.754937, 0.769847, 0.78504, 0.800277, 0.814755, 0.829476, 0.844401, 0.859219, 0.874256, 0.889112, 0.903839, 0.91905, 0.934328, 0.949825, 0.965143, 0.98088, 0.996052, 1.01211, 1.02806, 1.04412, 1.06011, 1.07658, 1.09306, 1.11029, 1.12722, 1.14437, 1.16186, 1.17974, 1.19783, 1.21589, 1.23444, 1.25376, 1.27296, 1.29312, 1.31289, 1.33297, 1.35426, 1.37557, 1.39761, 1.41975, 1.44253, 1.4657, 1.48942, 1.51354, 1.53928, 1.56678, 1.59461, 1.6227, 1.65241, 1.68237, 1.71398, 1.74687, 1.78135, 1.8171, 1.8556, 1.89728, 1.9413, 1.98792, 2.03716, 2.09248, 2.15288, 2.21906, 2.29099, 2.37508, 2.47503, 2.59466, 2.74404, 2.94398, 3.29434, 15, 

Inputting root files from filelist...
Opened 0 files


Setting branch addressess.
Retrieving total number of entries.
nEvt = 29477426Looping through events...

Complete: 0|  Total: 29477426 | 0%
Complete: 294775|  Total: 29477426 | 1%
Complete: 589550|  Total: 29477426 | 2%
Complete: 884325|  Total: 29477426 | 3%
Complete: 1179100|  Total: 29477426 | 4%
Complete: 1473875|  Total: 29477426 | 5%
Complete: 1768650|  Total: 29477426 | 6%
Complete: 2063425|  Total: 29477426 | 7%
Complete: 2358200|  Total: 29477426 | 8%
Complete: 2652975|  Total: 29477426 | 9%
Complete: 2947750|  Total: 29477426 | 10%
Complete: 3242525|  Total: 29477426 | 11%
Complete: 3537300|  Total: 29477426 | 12%
Complete: 3832075|  Total: 29477426 | 13%
Complete: 4126850|  Total: 29477426 | 14%
Complete: 4421625|  Total: 29477426 | 15%
Complete: 4716400|  Total: 29477426 | 16%
Complete: 5011175|  Total: 29477426 | 17%
Complete: 5305950|  Total: 29477426 | 18%
Complete: 5600725|  Total: 29477426 | 19%
Complete: 5895500|  Total: 29477426 | 20%
Complete: 6190275|  Total: 29477426 | 21%
Complete: 6485050|  Total: 29477426 | 22%
Complete: 6779825|  Total: 29477426 | 23%
Complete: 7074600|  Total: 29477426 | 24%
Complete: 7369375|  Total: 29477426 | 25%
Complete: 7664150|  Total: 29477426 | 26%
Complete: 7958925|  Total: 29477426 | 27%
Complete: 8253700|  Total: 29477426 | 28%
Complete: 8548475|  Total: 29477426 | 29%
Complete: 8843250|  Total: 29477426 | 30%
Complete: 9138025|  Total: 29477426 | 31%
Complete: 9432800|  Total: 29477426 | 32%
Complete: 9727575|  Total: 29477426 | 33%
Complete: 10022350|  Total: 29477426 | 34%
Complete: 10317125|  Total: 29477426 | 35%
Complete: 10611900|  Total: 29477426 | 36%
Complete: 10906675|  Total: 29477426 | 37%
Complete: 11201450|  Total: 29477426 | 38%
Complete: 11496225|  Total: 29477426 | 39%
Complete: 11791000|  Total: 29477426 | 40%
Complete: 12085775|  Total: 29477426 | 41%
Complete: 12380550|  Total: 29477426 | 42%
Complete: 12675325|  Total: 29477426 | 43%
Complete: 12970100|  Total: 29477426 | 44%
Complete: 13264875|  Total: 29477426 | 45%
Complete: 13559650|  Total: 29477426 | 46%
Complete: 13854425|  Total: 29477426 | 47%
Complete: 14149200|  Total: 29477426 | 48%
Complete: 14443975|  Total: 29477426 | 49%
Complete: 14738750|  Total: 29477426 | 50%
Complete: 15033525|  Total: 29477426 | 51%
Complete: 15328300|  Total: 29477426 | 52%
Complete: 15623075|  Total: 29477426 | 53%
Complete: 15917850|  Total: 29477426 | 54%
Complete: 16212625|  Total: 29477426 | 55%
Complete: 16507400|  Total: 29477426 | 56%
Complete: 16802175|  Total: 29477426 | 57%
Complete: 17096950|  Total: 29477426 | 58%
Complete: 17391725|  Total: 29477426 | 59%
Complete: 17686500|  Total: 29477426 | 60%
Complete: 17981275|  Total: 29477426 | 61%
Complete: 18276050|  Total: 29477426 | 62%
Complete: 18570825|  Total: 29477426 | 63%
Complete: 18865600|  Total: 29477426 | 64%
Complete: 19160375|  Total: 29477426 | 65%
Complete: 19455150|  Total: 29477426 | 66%
Complete: 19749925|  Total: 29477426 | 67%
Complete: 20044700|  Total: 29477426 | 68%
Complete: 20339475|  Total: 29477426 | 69%
Complete: 20634250|  Total: 29477426 | 70%
Complete: 20929025|  Total: 29477426 | 71%
Complete: 21223800|  Total: 29477426 | 72%
Complete: 21518575|  Total: 29477426 | 73%
Complete: 21813350|  Total: 29477426 | 74%
Complete: 22108125|  Total: 29477426 | 75%
Complete: 22402900|  Total: 29477426 | 76%
Complete: 22697675|  Total: 29477426 | 77%
Complete: 22992450|  Total: 29477426 | 78%
Complete: 23287225|  Total: 29477426 | 79%
Complete: 23582000|  Total: 29477426 | 80%
Complete: 23876775|  Total: 29477426 | 81%
Complete: 24171550|  Total: 29477426 | 82%
Complete: 24466325|  Total: 29477426 | 83%
Complete: 24761100|  Total: 29477426 | 84%
Complete: 25055875|  Total: 29477426 | 85%
Complete: 25350650|  Total: 29477426 | 86%
Complete: 25645425|  Total: 29477426 | 87%
Complete: 25940200|  Total: 29477426 | 88%
Complete: 26234975|  Total: 29477426 | 89%
Complete: 26529750|  Total: 29477426 | 90%
Complete: 26824525|  Total: 29477426 | 91%
Complete: 27119300|  Total: 29477426 | 92%
Complete: 27414075|  Total: 29477426 | 93%
Complete: 27708850|  Total: 29477426 | 94%
Complete: 28003625|  Total: 29477426 | 95%
Complete: 28298400|  Total: 29477426 | 96%
Complete: 28593175|  Total: 29477426 | 97%
Complete: 28887950|  Total: 29477426 | 98%
Complete: 29182725|  Total: 29477426 | 99%


Writing data to file.
Done!
