30594080
jb45
cn1374

Using impact_param for the following 100 centrality bins: 
0, 0.127209, 0.178769, 0.218493, 0.251936, 0.281718, 0.309893, 0.334598, 0.357938, 0.380458, 0.401759, 0.422656, 0.443045, 0.461696, 0.480013, 0.497905, 0.516005, 0.533458, 0.55057, 0.566967, 0.583588, 0.599559, 0.615651, 0.63168, 0.647413, 0.662891, 0.678603, 0.694254, 0.709301, 0.724593, 0.739615, 0.754937, 0.769847, 0.78504, 0.800277, 0.814755, 0.829476, 0.844401, 0.859219, 0.874256, 0.889112, 0.903839, 0.91905, 0.934328, 0.949825, 0.965143, 0.98088, 0.996052, 1.01211, 1.02806, 1.04412, 1.06011, 1.07658, 1.09306, 1.11029, 1.12722, 1.14437, 1.16186, 1.17974, 1.19783, 1.21589, 1.23444, 1.25376, 1.27296, 1.29312, 1.31289, 1.33297, 1.35426, 1.37557, 1.39761, 1.41975, 1.44253, 1.4657, 1.48942, 1.51354, 1.53928, 1.56678, 1.59461, 1.6227, 1.65241, 1.68237, 1.71398, 1.74687, 1.78135, 1.8171, 1.8556, 1.89728, 1.9413, 1.98792, 2.03716, 2.09248, 2.15288, 2.21906, 2.29099, 2.37508, 2.47503, 2.59466, 2.74404, 2.94398, 3.29434, 15, 

Inputting root files from filelist...
Opened 0 files


Setting branch addressess.
Retrieving total number of entries.
nEvt = 25796555Looping through events...

Complete: 0|  Total: 25796555 | 0%
Complete: 257966|  Total: 25796555 | 1%
Complete: 515932|  Total: 25796555 | 2%
Complete: 773898|  Total: 25796555 | 3%
Complete: 1031864|  Total: 25796555 | 4%
Complete: 1289830|  Total: 25796555 | 5%
Complete: 1547796|  Total: 25796555 | 6%
Complete: 1805762|  Total: 25796555 | 7%
Complete: 2063728|  Total: 25796555 | 8%
Complete: 2321694|  Total: 25796555 | 9%
Complete: 2579660|  Total: 25796555 | 10%
Complete: 2837626|  Total: 25796555 | 11%
Complete: 3095592|  Total: 25796555 | 12%
Complete: 3353558|  Total: 25796555 | 13%
Complete: 3611524|  Total: 25796555 | 14%
Complete: 3869490|  Total: 25796555 | 15%
Complete: 4127456|  Total: 25796555 | 16%
Complete: 4385422|  Total: 25796555 | 17%
Complete: 4643388|  Total: 25796555 | 18%
Complete: 4901354|  Total: 25796555 | 19%
Complete: 5159320|  Total: 25796555 | 20%
Complete: 5417286|  Total: 25796555 | 21%
Complete: 5675252|  Total: 25796555 | 22%
Complete: 5933218|  Total: 25796555 | 23%
Complete: 6191184|  Total: 25796555 | 24%
Complete: 6449150|  Total: 25796555 | 25%
Complete: 6707116|  Total: 25796555 | 26%
Complete: 6965082|  Total: 25796555 | 27%
Complete: 7223048|  Total: 25796555 | 28%
Complete: 7481014|  Total: 25796555 | 29%
Complete: 7738980|  Total: 25796555 | 30%
Complete: 7996946|  Total: 25796555 | 31%
Complete: 8254912|  Total: 25796555 | 32%
Complete: 8512878|  Total: 25796555 | 33%
Complete: 8770844|  Total: 25796555 | 34%
Complete: 9028810|  Total: 25796555 | 35%
Complete: 9286776|  Total: 25796555 | 36%
Complete: 9544742|  Total: 25796555 | 37%
Complete: 9802708|  Total: 25796555 | 38%
Complete: 10060674|  Total: 25796555 | 39%
Complete: 10318640|  Total: 25796555 | 40%
Complete: 10576606|  Total: 25796555 | 41%
Complete: 10834572|  Total: 25796555 | 42%
Complete: 11092538|  Total: 25796555 | 43%
Complete: 11350504|  Total: 25796555 | 44%
Complete: 11608470|  Total: 25796555 | 45%
Complete: 11866436|  Total: 25796555 | 46%
Complete: 12124402|  Total: 25796555 | 47%
Complete: 12382368|  Total: 25796555 | 48%
Complete: 12640334|  Total: 25796555 | 49%
Complete: 12898300|  Total: 25796555 | 50%
Complete: 13156266|  Total: 25796555 | 51%
Complete: 13414232|  Total: 25796555 | 52%
Complete: 13672198|  Total: 25796555 | 53%
Complete: 13930164|  Total: 25796555 | 54%
Complete: 14188130|  Total: 25796555 | 55%
Complete: 14446096|  Total: 25796555 | 56%
Complete: 14704062|  Total: 25796555 | 57%
Complete: 14962028|  Total: 25796555 | 58%
Complete: 15219994|  Total: 25796555 | 59%
Complete: 15477960|  Total: 25796555 | 60%
Complete: 15735926|  Total: 25796555 | 61%
Complete: 15993892|  Total: 25796555 | 62%
Complete: 16251858|  Total: 25796555 | 63%
Complete: 16509824|  Total: 25796555 | 64%
Complete: 16767790|  Total: 25796555 | 65%
Complete: 17025756|  Total: 25796555 | 66%
Complete: 17283722|  Total: 25796555 | 67%
Complete: 17541688|  Total: 25796555 | 68%
Complete: 17799654|  Total: 25796555 | 69%
Complete: 18057620|  Total: 25796555 | 70%
Complete: 18315586|  Total: 25796555 | 71%
Complete: 18573552|  Total: 25796555 | 72%
Complete: 18831518|  Total: 25796555 | 73%
Complete: 19089484|  Total: 25796555 | 74%
Complete: 19347450|  Total: 25796555 | 75%
Complete: 19605416|  Total: 25796555 | 76%
Complete: 19863382|  Total: 25796555 | 77%
Complete: 20121348|  Total: 25796555 | 78%
Complete: 20379314|  Total: 25796555 | 79%
Complete: 20637280|  Total: 25796555 | 80%
Complete: 20895246|  Total: 25796555 | 81%
Complete: 21153212|  Total: 25796555 | 82%
Complete: 21411178|  Total: 25796555 | 83%
Complete: 21669144|  Total: 25796555 | 84%
Complete: 21927110|  Total: 25796555 | 85%
Complete: 22185076|  Total: 25796555 | 86%
Complete: 22443042|  Total: 25796555 | 87%
Complete: 22701008|  Total: 25796555 | 88%
Complete: 22958974|  Total: 25796555 | 89%
Complete: 23216940|  Total: 25796555 | 90%
Complete: 23474906|  Total: 25796555 | 91%
Complete: 23732872|  Total: 25796555 | 92%
Complete: 23990838|  Total: 25796555 | 93%
Complete: 24248804|  Total: 25796555 | 94%
Complete: 24506770|  Total: 25796555 | 95%
Complete: 24764736|  Total: 25796555 | 96%
Complete: 25022702|  Total: 25796555 | 97%
Complete: 25280668|  Total: 25796555 | 98%
Complete: 25538634|  Total: 25796555 | 99%


Writing data to file.
Done!
