30594058
jb23
cn1126

Using impact_param for the following 100 centrality bins: 
0, 0.127209, 0.178769, 0.218493, 0.251936, 0.281718, 0.309893, 0.334598, 0.357938, 0.380458, 0.401759, 0.422656, 0.443045, 0.461696, 0.480013, 0.497905, 0.516005, 0.533458, 0.55057, 0.566967, 0.583588, 0.599559, 0.615651, 0.63168, 0.647413, 0.662891, 0.678603, 0.694254, 0.709301, 0.724593, 0.739615, 0.754937, 0.769847, 0.78504, 0.800277, 0.814755, 0.829476, 0.844401, 0.859219, 0.874256, 0.889112, 0.903839, 0.91905, 0.934328, 0.949825, 0.965143, 0.98088, 0.996052, 1.01211, 1.02806, 1.04412, 1.06011, 1.07658, 1.09306, 1.11029, 1.12722, 1.14437, 1.16186, 1.17974, 1.19783, 1.21589, 1.23444, 1.25376, 1.27296, 1.29312, 1.31289, 1.33297, 1.35426, 1.37557, 1.39761, 1.41975, 1.44253, 1.4657, 1.48942, 1.51354, 1.53928, 1.56678, 1.59461, 1.6227, 1.65241, 1.68237, 1.71398, 1.74687, 1.78135, 1.8171, 1.8556, 1.89728, 1.9413, 1.98792, 2.03716, 2.09248, 2.15288, 2.21906, 2.29099, 2.37508, 2.47503, 2.59466, 2.74404, 2.94398, 3.29434, 15, 

Inputting root files from filelist...
Opened 0 files


Setting branch addressess.
Retrieving total number of entries.
nEvt = 29479026Looping through events...

Complete: 0|  Total: 29479026 | 0%
Complete: 294791|  Total: 29479026 | 1%
Complete: 589582|  Total: 29479026 | 2%
Complete: 884373|  Total: 29479026 | 3%
Complete: 1179164|  Total: 29479026 | 4%
Complete: 1473955|  Total: 29479026 | 5%
Complete: 1768746|  Total: 29479026 | 6%
Complete: 2063537|  Total: 29479026 | 7%
Complete: 2358328|  Total: 29479026 | 8%
Complete: 2653119|  Total: 29479026 | 9%
Complete: 2947910|  Total: 29479026 | 10%
Complete: 3242701|  Total: 29479026 | 11%
Complete: 3537492|  Total: 29479026 | 12%
Complete: 3832283|  Total: 29479026 | 13%
Complete: 4127074|  Total: 29479026 | 14%
Complete: 4421865|  Total: 29479026 | 15%
Complete: 4716656|  Total: 29479026 | 16%
Complete: 5011447|  Total: 29479026 | 17%
Complete: 5306238|  Total: 29479026 | 18%
Complete: 5601029|  Total: 29479026 | 19%
Complete: 5895820|  Total: 29479026 | 20%
Complete: 6190611|  Total: 29479026 | 21%
Complete: 6485402|  Total: 29479026 | 22%
Complete: 6780193|  Total: 29479026 | 23%
Complete: 7074984|  Total: 29479026 | 24%
Complete: 7369775|  Total: 29479026 | 25%
Complete: 7664566|  Total: 29479026 | 26%
Complete: 7959357|  Total: 29479026 | 27%
Complete: 8254148|  Total: 29479026 | 28%
Complete: 8548939|  Total: 29479026 | 29%
Complete: 8843730|  Total: 29479026 | 30%
Complete: 9138521|  Total: 29479026 | 31%
Complete: 9433312|  Total: 29479026 | 32%
Complete: 9728103|  Total: 29479026 | 33%
Complete: 10022894|  Total: 29479026 | 34%
Complete: 10317685|  Total: 29479026 | 35%
Complete: 10612476|  Total: 29479026 | 36%
Complete: 10907267|  Total: 29479026 | 37%
Complete: 11202058|  Total: 29479026 | 38%
Complete: 11496849|  Total: 29479026 | 39%
Complete: 11791640|  Total: 29479026 | 40%
Complete: 12086431|  Total: 29479026 | 41%
Complete: 12381222|  Total: 29479026 | 42%
Complete: 12676013|  Total: 29479026 | 43%
Complete: 12970804|  Total: 29479026 | 44%
Complete: 13265595|  Total: 29479026 | 45%
Complete: 13560386|  Total: 29479026 | 46%
Complete: 13855177|  Total: 29479026 | 47%
Complete: 14149968|  Total: 29479026 | 48%
Complete: 14444759|  Total: 29479026 | 49%
Complete: 14739550|  Total: 29479026 | 50%
Complete: 15034341|  Total: 29479026 | 51%
Complete: 15329132|  Total: 29479026 | 52%
Complete: 15623923|  Total: 29479026 | 53%
Complete: 15918714|  Total: 29479026 | 54%
Complete: 16213505|  Total: 29479026 | 55%
Complete: 16508296|  Total: 29479026 | 56%
Complete: 16803087|  Total: 29479026 | 57%
Complete: 17097878|  Total: 29479026 | 58%
Complete: 17392669|  Total: 29479026 | 59%
Complete: 17687460|  Total: 29479026 | 60%
Complete: 17982251|  Total: 29479026 | 61%
Complete: 18277042|  Total: 29479026 | 62%
Complete: 18571833|  Total: 29479026 | 63%
Complete: 18866624|  Total: 29479026 | 64%
Complete: 19161415|  Total: 29479026 | 65%
Complete: 19456206|  Total: 29479026 | 66%
Complete: 19750997|  Total: 29479026 | 67%
Complete: 20045788|  Total: 29479026 | 68%
Complete: 20340579|  Total: 29479026 | 69%
Complete: 20635370|  Total: 29479026 | 70%
Complete: 20930161|  Total: 29479026 | 71%
Complete: 21224952|  Total: 29479026 | 72%
Complete: 21519743|  Total: 29479026 | 73%
Complete: 21814534|  Total: 29479026 | 74%
Complete: 22109325|  Total: 29479026 | 75%
Complete: 22404116|  Total: 29479026 | 76%
Complete: 22698907|  Total: 29479026 | 77%
Complete: 22993698|  Total: 29479026 | 78%
Complete: 23288489|  Total: 29479026 | 79%
Complete: 23583280|  Total: 29479026 | 80%
Complete: 23878071|  Total: 29479026 | 81%
Complete: 24172862|  Total: 29479026 | 82%
Complete: 24467653|  Total: 29479026 | 83%
Complete: 24762444|  Total: 29479026 | 84%
Complete: 25057235|  Total: 29479026 | 85%
Complete: 25352026|  Total: 29479026 | 86%
Complete: 25646817|  Total: 29479026 | 87%
Complete: 25941608|  Total: 29479026 | 88%
Complete: 26236399|  Total: 29479026 | 89%
Complete: 26531190|  Total: 29479026 | 90%
Complete: 26825981|  Total: 29479026 | 91%
Complete: 27120772|  Total: 29479026 | 92%
Complete: 27415563|  Total: 29479026 | 93%
Complete: 27710354|  Total: 29479026 | 94%
Complete: 28005145|  Total: 29479026 | 95%
Complete: 28299936|  Total: 29479026 | 96%
Complete: 28594727|  Total: 29479026 | 97%
Complete: 28889518|  Total: 29479026 | 98%
Complete: 29184309|  Total: 29479026 | 99%


Writing data to file.
Done!
